2023-08-02 3:45:40 PM +0000  Initial pipeline context: <IDEDistributionProcessingPipelineContext: 0x2b08f2a50; archive(resolved)="<IDEArchive: 0x600028e890e0>", distributionTask(resolved)="2", distributionDestination(resolved)="1", distributionMethod(resolved)="<IDEDistributionMethodiOSAppStoreDistribution: 0x6000228b47f0>", team(resolved)="<IDEProvisioningDisambiguatableBasicTeam: 0x6000036e9140; teamID='B57D8PP775', teamName='Yuxuan Chen', teamType='Individual', username='wmemz2333@163.com', isFreeProvisioningTeam='0'>">
	Chain (18, self inclusive):
	<IDEDistributionProcessingPipelineContext: 0x2b08f2a50; archive = "<IDEArchive: 0x600028e890e0>", distributionMethod="<IDEDistributionMethodiOSAppStoreDistribution: 0x6000228b47f0>", team="<IDEProvisioningDisambiguatableBasicTeam: 0x6000036e9140; teamID='B57D8PP775', teamName='Yuxuan Chen', teamType='Individual', username='wmemz2333@163.com', isFreeProvisioningTeam='0'>">
	<IDEDistributionProcessingPipelineContext: 0x2d3bf8910; archive = "<IDEArchive: 0x600028e890e0>", distributionMethod="<IDEDistributionMethodiOSAppStoreDistribution: 0x6000228b47f0>", team="<IDEProvisioningDisambiguatableBasicTeam: 0x6000036e9140; teamID='B57D8PP775', teamName='Yuxuan Chen', teamType='Individual', username='wmemz2333@163.com', isFreeProvisioningTeam='0'>">
	<IDEDistributionContext: 0x2b5ef0570; archive = "<IDEArchive: 0x600028e890e0>", distributionMethod="<IDEDistributionMethodiOSAppStoreDistribution: 0x6000228b47f0>", team="<IDEProvisioningDisambiguatableBasicTeam: 0x6000036e9140; teamID='B57D8PP775', teamName='Yuxuan Chen', teamType='Individual', username='wmemz2333@163.com', isFreeProvisioningTeam='0'>">
	<IDEDistributionContext: 0x2ba680120; archive = "<IDEArchive: 0x600028e890e0>", distributionMethod="<IDEDistributionMethodiOSAppStoreDistribution: 0x6000228b47f0>", team="<IDEProvisioningDisambiguatableBasicTeam: 0x6000036e9140; teamID='B57D8PP775', teamName='Yuxuan Chen', teamType='Individual', username='wmemz2333@163.com', isFreeProvisioningTeam='0'>">
	<IDEDistributionContext: 0x2e27a2350; archive = "<IDEArchive: 0x600028e890e0>", distributionMethod="<IDEDistributionMethodiOSAppStoreDistribution: 0x6000228b47f0>", team="<IDEProvisioningDisambiguatableBasicTeam: 0x6000036e9140; teamID='B57D8PP775', teamName='Yuxuan Chen', teamType='Individual', username='wmemz2333@163.com', isFreeProvisioningTeam='0'>">
	<IDEDistributionContext: 0x2d3bfa830; archive = "<IDEArchive: 0x600028e890e0>", distributionMethod="<IDEDistributionMethodiOSAppStoreDistribution: 0x6000228b47f0>", team="<IDEProvisioningDisambiguatableBasicTeam: 0x6000036e9140; teamID='B57D8PP775', teamName='Yuxuan Chen', teamType='Individual', username='wmemz2333@163.com', isFreeProvisioningTeam='0'>">
	<IDEDistributionContext: 0x2d3a8d150; archive = "<IDEArchive: 0x600028e890e0>", distributionMethod="<IDEDistributionMethodiOSAppStoreDistribution: 0x6000228b47f0>", team="<IDEProvisioningDisambiguatableBasicTeam: 0x6000036e9140; teamID='B57D8PP775', teamName='Yuxuan Chen', teamType='Individual', username='wmemz2333@163.com', isFreeProvisioningTeam='0'>">
	<IDEDistributionContext: 0x2b5eef980; archive = "<IDEArchive: 0x600028e890e0>", distributionMethod="<IDEDistributionMethodiOSAppStoreDistribution: 0x6000228b47f0>", team="<IDEProvisioningDisambiguatableBasicTeam: 0x6000036e9140; teamID='B57D8PP775', teamName='Yuxuan Chen', teamType='Individual', username='wmemz2333@163.com', isFreeProvisioningTeam='0'>">
	<IDEDistributionContext: 0x2b5eef750; archive = "<IDEArchive: 0x600028e890e0>", distributionMethod="<IDEDistributionMethodiOSAppStoreDistribution: 0x6000228b47f0>", team="<IDEProvisioningDisambiguatableBasicTeam: 0x6000036e9140; teamID='B57D8PP775', teamName='Yuxuan Chen', teamType='Individual', username='wmemz2333@163.com', isFreeProvisioningTeam='0'>">
	<IDEDistributionContext: 0x2b5eb5900; archive = "<IDEArchive: 0x600028e890e0>", distributionMethod="<IDEDistributionMethodiOSAppStoreDistribution: 0x6000228b47f0>", team="<IDEProvisioningDisambiguatableBasicTeam: 0x6000036e9140; teamID='B57D8PP775', teamName='Yuxuan Chen', teamType='Individual', username='wmemz2333@163.com', isFreeProvisioningTeam='0'>">
	<IDEDistributionContext: 0x2b089fad0; archive = "<IDEArchive: 0x600028e890e0>", distributionMethod="<IDEDistributionMethodiOSAppStoreDistribution: 0x6000228b47f0>", team="<IDEProvisioningDisambiguatableBasicTeam: 0x6000036e9140; teamID='B57D8PP775', teamName='Yuxuan Chen', teamType='Individual', username='wmemz2333@163.com', isFreeProvisioningTeam='0'>">
	<IDEDistributionContext: 0x29c223e10; archive = "<IDEArchive: 0x600028e890e0>", distributionMethod="<IDEDistributionMethodiOSAppStoreDistribution: 0x6000228b47f0>", team="<IDEProvisioningDisambiguatableBasicTeam: 0x6000036e9140; teamID='B57D8PP775', teamName='Yuxuan Chen', teamType='Individual', username='wmemz2333@163.com', isFreeProvisioningTeam='0'>">
	<IDEDistributionContext: 0x2b08837e0; archive = "<IDEArchive: 0x600028e890e0>", distributionMethod="<IDEDistributionMethodiOSAppStoreDistribution: 0x6000228b47f0>", team="<IDEProvisioningDisambiguatableBasicTeam: 0x6000036e9140; teamID='B57D8PP775', teamName='Yuxuan Chen', teamType='Individual', username='wmemz2333@163.com', isFreeProvisioningTeam='0'>">
	<IDEDistributionContext: 0x2c3740760; archive = "<IDEArchive: 0x600028e890e0>", distributionMethod="<IDEDistributionMethodiOSAppStoreDistribution: 0x6000228b47f0>", team="(null)">
	<IDEDistributionContext: 0x2d3af5720; archive = "<IDEArchive: 0x600028e890e0>", distributionMethod="<IDEDistributionMethodiOSAppStoreDistribution: 0x6000228b47f0>", team="(null)">
	<IDEDistributionContext: 0x2b11da500; archive = "<IDEArchive: 0x600028e890e0>", distributionMethod="(null)", team="(null)">
	<IDEDistributionContext: 0x2c2e41520; archive = "<IDEArchive: 0x600028e890e0>", distributionMethod="(null)", team="(null)">
	<IDEDistributionContext: 0x2b1f62090; archive = "<IDEArchive: 0x600028e890e0>", distributionMethod="(null)", team="(null)">
</IDEDistributionProcessingPipelineContext: 0x2b08f2a50>
2023-08-02 3:45:40 PM +0000  Processing step: IDEDistributionCreateDestRootStep
2023-08-02 3:45:40 PM +0000  Processing step: IDEDistributionCopyItemStep
2023-08-02 3:45:40 PM +0000  Running /usr/bin/ditto '-V' '/Volumes/External_Data/Library/Developer/Xcode/Archives/2023-08-02/DarockBili Watch App 2023-8-2, 11.44 PM.xcarchive/Products/Applications/DarockBili.app' '/var/folders/kk/9t23hd3d5bs5nvxqskjp11k80000gn/T/XcodeDistPipeline.~~~XypsEu/Root/Payload/DarockBili.app'
2023-08-02 3:45:40 PM +0000  >>> Copying /Volumes/External_Data/Library/Developer/Xcode/Archives/2023-08-02/DarockBili Watch App 2023-8-2, 11.44 PM.xcarchive/Products/Applications/DarockBili.app 
2023-08-02 3:45:40 PM +0000  copying file ./_CodeSignature/CodeResources ... 
2023-08-02 3:45:40 PM +0000  5607 bytes for ./_CodeSignature/CodeResources
2023-08-02 3:45:40 PM +0000  copying file ./DarockBili ... 
2023-08-02 3:45:40 PM +0000  1618656 bytes for ./DarockBili
2023-08-02 3:45:40 PM +0000  copying file ./AppIcon60x60@2x.png ... 
2023-08-02 3:45:40 PM +0000  7421 bytes for ./AppIcon60x60@2x.png
copying file ./Assets.car ... 
2023-08-02 3:45:40 PM +0000  254712 bytes for ./Assets.car
2023-08-02 3:45:40 PM +0000  copying file ./AppIcon76x76@2x~ipad.png ... 
2023-08-02 3:45:40 PM +0000  9232 bytes for ./AppIcon76x76@2x~ipad.png
2023-08-02 3:45:40 PM +0000  copying file ./Watch/DarockBili Watch App.app/_CodeSignature/CodeResources ... 
2023-08-02 3:45:40 PM +0000  3637 bytes for ./Watch/DarockBili Watch App.app/_CodeSignature/CodeResources
2023-08-02 3:45:40 PM +0000  copying file ./Watch/DarockBili Watch App.app/DarockBili-Watch-App-Info.plist ... 
2023-08-02 3:45:40 PM +0000  172 bytes for ./Watch/DarockBili Watch App.app/DarockBili-Watch-App-Info.plist
2023-08-02 3:45:40 PM +0000  copying file ./Watch/DarockBili Watch App.app/zh-Hans.lproj/Localizable.strings ... 
2023-08-02 3:45:40 PM +0000  778 bytes for ./Watch/DarockBili Watch App.app/zh-Hans.lproj/Localizable.strings
2023-08-02 3:45:40 PM +0000  copying file ./Watch/DarockBili Watch App.app/en.lproj/Localizable.strings ... 
2023-08-02 3:45:40 PM +0000  5358 bytes for ./Watch/DarockBili Watch App.app/en.lproj/Localizable.strings
2023-08-02 3:45:40 PM +0000  copying file ./Watch/DarockBili Watch App.app/Assets.car ... 
2023-08-02 3:45:40 PM +0000  1231183 bytes for ./Watch/DarockBili Watch App.app/Assets.car
2023-08-02 3:45:40 PM +0000  copying file ./Watch/DarockBili Watch App.app/embedded.mobileprovision ... 
23262 bytes for ./Watch/DarockBili Watch App.app/embedded.mobileprovision
copying file ./Watch/DarockBili Watch App.app/Info.plist ... 
2023-08-02 3:45:40 PM +0000  1314 bytes for ./Watch/DarockBili Watch App.app/Info.plist
2023-08-02 3:45:40 PM +0000  copying file ./Watch/DarockBili Watch App.app/DarockBili Watch App ... 
2023-08-02 3:45:40 PM +0000  15266992 bytes for ./Watch/DarockBili Watch App.app/DarockBili Watch App
copying file ./Watch/DarockBili Watch App.app/PkgInfo ... 
2023-08-02 3:45:40 PM +0000  8 bytes for ./Watch/DarockBili Watch App.app/PkgInfo
2023-08-02 3:45:40 PM +0000  copying file ./embedded.mobileprovision ... 
2023-08-02 3:45:40 PM +0000  23199 bytes for ./embedded.mobileprovision
2023-08-02 3:45:40 PM +0000  copying file ./Info.plist ... 
2023-08-02 3:45:40 PM +0000  1543 bytes for ./Info.plist
2023-08-02 3:45:40 PM +0000  copying file ./PkgInfo ... 
2023-08-02 3:45:40 PM +0000  8 bytes for ./PkgInfo
2023-08-02 3:45:40 PM +0000  /usr/bin/ditto exited with 0
2023-08-02 3:45:40 PM +0000  Processing step: IDEDistributionEmbedProfileStep
2023-08-02 3:45:40 PM +0000  Processing step: IDEDistributionInfoPlistStep
2023-08-02 3:45:40 PM +0000  Skipping setting DTXcodeBuildDistribution because toolsBuildVersionName was nil.
2023-08-02 3:45:40 PM +0000  Skipping setting DTXcodeBuildDistribution because toolsBuildVersionName was nil.
2023-08-02 3:45:40 PM +0000  Processing step: IDEDistributionItemRemovalStep
2023-08-02 3:45:40 PM +0000  Processing step: IDEDistributionAppThinningPlistStep
2023-08-02 3:45:40 PM +0000  Skipping step: IDEDistributionAppThinningPlistStep because it said so
2023-08-02 3:45:40 PM +0000  Processing step: IDEDistributionCompileBitcodeStep
2023-08-02 3:45:40 PM +0000  Skipping step: IDEDistributionCompileBitcodeStep because it said so
2023-08-02 3:45:40 PM +0000  Processing step: IDEDistributionCodeSlimmingStep
2023-08-02 3:45:40 PM +0000  Processing step: IDEDistributionCopyBCSymbolMapsStep
2023-08-02 3:45:40 PM +0000  Processing step: IDEDistributionSymbolsStep
2023-08-02 3:45:40 PM +0000  Processing symbols for DarockBili Watch App.app
2023-08-02 3:45:40 PM +0000  Running /usr/bin/rsync '-8aPhhE' '/var/folders/kk/9t23hd3d5bs5nvxqskjp11k80000gn/T/XcodeDistPipeline.~~~XypsEu/Root/Payload/DarockBili.app/Watch/DarockBili Watch App.app' '--link-dest' '/var/folders/kk/9t23hd3d5bs5nvxqskjp11k80000gn/T/XcodeDistPipeline.~~~XypsEu/Root/Payload/DarockBili.app/Watch' '/var/folders/kk/9t23hd3d5bs5nvxqskjp11k80000gn/T/XcodeDistPipeline.~~~XypsEu'
2023-08-02 3:45:40 PM +0000  building file list ... 
2023-08-02 3:45:40 PM +0000   0 files...2023-08-02 3:45:40 PM +0000  13 files to consider
2023-08-02 3:45:40 PM +0000  DarockBili Watch App.app/
2023-08-02 3:45:40 PM +0000  DarockBili Watch App.app/_CodeSignature/
DarockBili Watch App.app/en.lproj/
DarockBili Watch App.app/zh-Hans.lproj/
2023-08-02 3:45:40 PM +0000  
sent 481 bytes  received 44 bytes  1.03K bytes/sec
total size is 15.76M  speedup is 31473.89
2023-08-02 3:45:40 PM +0000  /usr/bin/rsync exited with 0
2023-08-02 3:45:40 PM +0000  Running /usr/bin/rsync '-8aPhhE' '/Volumes/External_Data/Library/Developer/Xcode/Archives/2023-08-02/DarockBili Watch App 2023-8-2, 11.44 PM.xcarchive/dSYMs/' '--link-dest' '/Volumes/External_Data/Library/Developer/Xcode/Archives/2023-08-02/DarockBili Watch App 2023-8-2, 11.44 PM.xcarchive/dSYMs/' '/var/folders/kk/9t23hd3d5bs5nvxqskjp11k80000gn/T/XcodeDistPipeline.~~~XypsEu'
2023-08-02 3:45:40 PM +0000  building file list ... 
2023-08-02 3:45:40 PM +0000   0 files...2023-08-02 3:45:40 PM +0000  21 files to consider
2023-08-02 3:45:40 PM +0000  ./
2023-08-02 3:45:40 PM +0000  DarockBili Watch App.app.dSYM/
DarockBili Watch App.app.dSYM/Contents/
rsync: link "/var/folders/kk/9t23hd3d5bs5nvxqskjp11k80000gn/T/XcodeDistPipeline.~~~XypsEu/DarockBili Watch App.app.dSYM/Contents/Info.plist" => /Volumes/External_Data/Library/Developer/Xcode/Archives/2023-08-02/DarockBili Watch App 2023-8-2, 11.44 PM.xcarchive/dSYMs/DarockBili Watch App.app.dSYM/Contents/Info.plist failed: Cross-device link (18)
2023-08-02 3:45:40 PM +0000  DarockBili Watch App.app.dSYM/Contents/Info.plist
DarockBili Watch App.app.dSYM/Contents/Resources/
DarockBili Watch App.app.dSYM/Contents/Resources/DWARF/
rsync: link "/var/folders/kk/9t23hd3d5bs5nvxqskjp11k80000gn/T/XcodeDistPipeline.~~~XypsEu/DarockBili Watch App.app.dSYM/Contents/Resources/DWARF/DarockBili Watch App" => /Volumes/External_Data/Library/Developer/Xcode/Archives/2023-08-02/DarockBili Watch App 2023-8-2, 11.44 PM.xcarchive/dSYMs/DarockBili Watch App.app.dSYM/Contents/Resources/DWARF/DarockBili Watch App failed: Cross-device link (18)
2023-08-02 3:45:41 PM +0000  DarockBili Watch App.app.dSYM/Contents/Resources/DWARF/DarockBili Watch App
DarockBili Watch App.app.dSYM/Contents/Resources/Relocations/
DarockBili Watch App.app.dSYM/Contents/Resources/Relocations/aarch64/
rsync: link "/var/folders/kk/9t23hd3d5bs5nvxqskjp11k80000gn/T/XcodeDistPipeline.~~~XypsEu/DarockBili Watch App.app.dSYM/Contents/Resources/Relocations/aarch64/DarockBili Watch App.yml" => /Volumes/External_Data/Library/Developer/Xcode/Archives/2023-08-02/DarockBili Watch App 2023-8-2, 11.44 PM.xcarchive/dSYMs/DarockBili Watch App.app.dSYM/Contents/Resources/Relocations/aarch64/DarockBili Watch App.yml failed: Cross-device link (18)
2023-08-02 3:45:41 PM +0000  DarockBili Watch App.app.dSYM/Contents/Resources/Relocations/aarch64/DarockBili Watch App.yml
DarockBili Watch App.app.dSYM/Contents/Resources/Relocations/aarch64_32/
2023-08-02 3:45:41 PM +0000  rsync: link "/var/folders/kk/9t23hd3d5bs5nvxqskjp11k80000gn/T/XcodeDistPipeline.~~~XypsEu/DarockBili Watch App.app.dSYM/Contents/Resources/Relocations/aarch64_32/DarockBili Watch App.yml" => /Volumes/External_Data/Library/Developer/Xcode/Archives/2023-08-02/DarockBili Watch App 2023-8-2, 11.44 PM.xcarchive/dSYMs/DarockBili Watch App.app.dSYM/Contents/Resources/Relocations/aarch64_32/DarockBili Watch App.yml failed: Cross-device link (18)
2023-08-02 3:45:41 PM +0000  DarockBili Watch App.app.dSYM/Contents/Resources/Relocations/aarch64_32/DarockBili Watch App.yml
DarockBili.app.dSYM/
DarockBili.app.dSYM/Contents/
rsync: link "/var/folders/kk/9t23hd3d5bs5nvxqskjp11k80000gn/T/XcodeDistPipeline.~~~XypsEu/DarockBili.app.dSYM/Contents/Info.plist" => /Volumes/External_Data/Library/Developer/Xcode/Archives/2023-08-02/DarockBili Watch App 2023-8-2, 11.44 PM.xcarchive/dSYMs/DarockBili.app.dSYM/Contents/Info.plist failed: Cross-device link (18)
2023-08-02 3:45:41 PM +0000  DarockBili.app.dSYM/Contents/Info.plist
DarockBili.app.dSYM/Contents/Resources/
DarockBili.app.dSYM/Contents/Resources/DWARF/
rsync: link "/var/folders/kk/9t23hd3d5bs5nvxqskjp11k80000gn/T/XcodeDistPipeline.~~~XypsEu/DarockBili.app.dSYM/Contents/Resources/DWARF/DarockBili" => /Volumes/External_Data/Library/Developer/Xcode/Archives/2023-08-02/DarockBili Watch App 2023-8-2, 11.44 PM.xcarchive/dSYMs/DarockBili.app.dSYM/Contents/Resources/DWARF/DarockBili failed: Cross-device link (18)
2023-08-02 3:45:41 PM +0000  DarockBili.app.dSYM/Contents/Resources/DWARF/DarockBili
DarockBili.app.dSYM/Contents/Resources/Relocations/
DarockBili.app.dSYM/Contents/Resources/Relocations/aarch64/
rsync: link "/var/folders/kk/9t23hd3d5bs5nvxqskjp11k80000gn/T/XcodeDistPipeline.~~~XypsEu/DarockBili.app.dSYM/Contents/Resources/Relocations/aarch64/DarockBili.yml" => /Volumes/External_Data/Library/Developer/Xcode/Archives/2023-08-02/DarockBili Watch App 2023-8-2, 11.44 PM.xcarchive/dSYMs/DarockBili.app.dSYM/Contents/Resources/Relocations/aarch64/DarockBili.yml failed: Cross-device link (18)
2023-08-02 3:45:41 PM +0000  DarockBili.app.dSYM/Contents/Resources/Relocations/aarch64/DarockBili.yml
2023-08-02 3:45:41 PM +0000  
sent 747 bytes  received 146 bytes  595.33 bytes/sec
total size is 122.01M  speedup is 143268.01
2023-08-02 3:45:41 PM +0000  /usr/bin/rsync exited with 0
2023-08-02 3:45:41 PM +0000  Writing /var/folders/kk/9t23hd3d5bs5nvxqskjp11k80000gn/T/XcodeDistPipeline.~~~XypsEu/Symbols/2751A750-D587-3D99-A9A3-E66DA2BCC708.symbols
2023-08-02 3:45:42 PM +0000  Writing /var/folders/kk/9t23hd3d5bs5nvxqskjp11k80000gn/T/XcodeDistPipeline.~~~XypsEu/Symbols/E782BC69-2D44-3A84-921B-48494BDC6A54.symbols
2023-08-02 3:45:42 PM +0000  Processing symbols for DarockBili.app
2023-08-02 3:45:42 PM +0000  Running /usr/bin/rsync '-8aPhhE' '/var/folders/kk/9t23hd3d5bs5nvxqskjp11k80000gn/T/XcodeDistPipeline.~~~XypsEu/Root/Payload/DarockBili.app' '--link-dest' '/var/folders/kk/9t23hd3d5bs5nvxqskjp11k80000gn/T/XcodeDistPipeline.~~~XypsEu/Root/Payload' '/var/folders/kk/9t23hd3d5bs5nvxqskjp11k80000gn/T/XcodeDistPipeline.~~~XypsEu'
2023-08-02 3:45:42 PM +0000  building file list ... 
2023-08-02 3:45:42 PM +0000   0 files...2023-08-02 3:45:42 PM +0000  24 files to consider
2023-08-02 3:45:42 PM +0000  DarockBili.app/
2023-08-02 3:45:42 PM +0000  DarockBili.app/Watch/
DarockBili.app/Watch/DarockBili Watch App.app/
DarockBili.app/Watch/DarockBili Watch App.app/_CodeSignature/
DarockBili.app/Watch/DarockBili Watch App.app/en.lproj/
DarockBili.app/Watch/DarockBili Watch App.app/zh-Hans.lproj/
DarockBili.app/_CodeSignature/
2023-08-02 3:45:42 PM +0000  
2023-08-02 3:45:42 PM +0000  sent 809 bytes  received 62 bytes  1.70K bytes/sec
total size is 17.58M  speedup is 21165.63
2023-08-02 3:45:42 PM +0000  /usr/bin/rsync exited with 0
2023-08-02 3:45:42 PM +0000  Running /usr/bin/rsync '-8aPhhE' '/Volumes/External_Data/Library/Developer/Xcode/Archives/2023-08-02/DarockBili Watch App 2023-8-2, 11.44 PM.xcarchive/dSYMs/' '--link-dest' '/Volumes/External_Data/Library/Developer/Xcode/Archives/2023-08-02/DarockBili Watch App 2023-8-2, 11.44 PM.xcarchive/dSYMs/' '/var/folders/kk/9t23hd3d5bs5nvxqskjp11k80000gn/T/XcodeDistPipeline.~~~XypsEu'
2023-08-02 3:45:42 PM +0000  building file list ... 
2023-08-02 3:45:42 PM +0000   0 files...2023-08-02 3:45:42 PM +0000  21 files to consider
2023-08-02 3:45:42 PM +0000  ./
2023-08-02 3:45:42 PM +0000  DarockBili Watch App.app.dSYM/
DarockBili Watch App.app.dSYM/Contents/
DarockBili Watch App.app.dSYM/Contents/Resources/
DarockBili Watch App.app.dSYM/Contents/Resources/DWARF/
DarockBili Watch App.app.dSYM/Contents/Resources/Relocations/
DarockBili Watch App.app.dSYM/Contents/Resources/Relocations/aarch64/
DarockBili Watch App.app.dSYM/Contents/Resources/Relocations/aarch64_32/
DarockBili.app.dSYM/
2023-08-02 3:45:42 PM +0000  DarockBili.app.dSYM/Contents/
DarockBili.app.dSYM/Contents/Resources/
DarockBili.app.dSYM/Contents/Resources/DWARF/
DarockBili.app.dSYM/Contents/Resources/Relocations/
DarockBili.app.dSYM/Contents/Resources/Relocations/aarch64/
2023-08-02 3:45:42 PM +0000  
sent 747 bytes  received 146 bytes  1.74K bytes/sec
2023-08-02 3:45:42 PM +0000  total size is 122.01M  speedup is 143268.01
2023-08-02 3:45:42 PM +0000  /usr/bin/rsync exited with 0
2023-08-02 3:45:42 PM +0000  Writing /var/folders/kk/9t23hd3d5bs5nvxqskjp11k80000gn/T/XcodeDistPipeline.~~~XypsEu/Symbols/55FFEDC8-C227-3B9A-9F56-75059D939F3D.symbols
2023-08-02 3:45:42 PM +0000  Processing step: IDEDistributionCopyAppleProvidedContentStep
2023-08-02 3:45:42 PM +0000  Processing step: IDEDistributionAppThinningStep
2023-08-02 3:45:42 PM +0000  Skipping step: IDEDistributionAppThinningStep because it said so
2023-08-02 3:45:42 PM +0000  Processing step: IDEDistributionArchThinningStep
2023-08-02 3:45:42 PM +0000  Running /Volumes/External_Data/Applications/Xcode-beta.app/Contents/Developer/Toolchains/XcodeDefault.xctoolchain/usr/bin/lipo '/var/folders/kk/9t23hd3d5bs5nvxqskjp11k80000gn/T/XcodeDistPipeline.~~~XypsEu/Root/Payload/DarockBili.app/Watch/DarockBili Watch App.app/DarockBili Watch App' '-verify_arch' 'arm64e'
2023-08-02 3:45:42 PM +0000  /Volumes/External_Data/Applications/Xcode-beta.app/Contents/Developer/Toolchains/XcodeDefault.xctoolchain/usr/bin/lipo exited with 1
2023-08-02 3:45:42 PM +0000  Skipping architecture thinning for item "DarockBili Watch App" because arch "arm64e" wasn't found
2023-08-02 3:45:42 PM +0000  Running /Volumes/External_Data/Applications/Xcode-beta.app/Contents/Developer/Toolchains/XcodeDefault.xctoolchain/usr/bin/lipo '/var/folders/kk/9t23hd3d5bs5nvxqskjp11k80000gn/T/XcodeDistPipeline.~~~XypsEu/Root/Payload/DarockBili.app/DarockBili' '-verify_arch' 'arm64e'
2023-08-02 3:45:42 PM +0000  /Volumes/External_Data/Applications/Xcode-beta.app/Contents/Developer/Toolchains/XcodeDefault.xctoolchain/usr/bin/lipo exited with 1
2023-08-02 3:45:42 PM +0000  Skipping architecture thinning for item "DarockBili" because arch "arm64e" wasn't found
2023-08-02 3:45:42 PM +0000  Processing step: IDEDistributionODRStep
2023-08-02 3:45:42 PM +0000  Processing step: IDEDistributionStripXattrsStep
2023-08-02 3:45:42 PM +0000  Skipping stripping extended attributes because the codesign step will strip them.
2023-08-02 3:45:42 PM +0000  Skipping stripping extended attributes because the codesign step will strip them.
2023-08-02 3:45:42 PM +0000  Processing step: IDEDistributionCodesignStep
2023-08-02 3:45:42 PM +0000  Entitlements for <IDEDistributionItem: 0x600030f751a0; bundleID='com.darock.DarockBili.watchkitapp', path='<DVTFilePath:0x60001468f800:'/Volumes/External_Data/Library/Developer/Xcode/Archives/2023-08-02/DarockBili Watch App 2023-8-2, 11.44 PM.xcarchive/Products/Applications/DarockBili.app/Watch/DarockBili Watch App.app'>', codeSigningInfo='<_DVTCodeSigningInformation_Path: 0x6000109c5cc0; isSigned='1', isAdHocSigned='0', signingCertificate='<DVTSigningCertificate: 0x600009039380; name='Apple Development: Yuxuan Chen (8CZ4JT4F3M)', hash='F3CC7C5393F1D4573709565D3C6A3BB5F3B592E0', serialNumber='50F32C2425DE0283D6361457F4C77FA6', certificateKinds='(
    "1.2.840.113635.100.6.1.12",
    "1.2.840.113635.100.6.1.2"
), issueDate='2023-04-26 11:27:46 AM +0000''>', entitlements='{
    "application-identifier" = "B57D8PP775.com.darock.DarockBili.watchkitapp";
    "com.apple.developer.team-identifier" = B57D8PP775;
    "get-task-allow" = 1;
}', teamID='B57D8PP775', identifier='com.darock.DarockBili.watchkitapp', executablePath='<DVTFilePath:0x60002c3cfcd0:'/Volumes/External_Data/Library/Developer/Xcode/Archives/2023-08-02/DarockBili Watch App 2023-8-2, 11.44 PM.xcarchive/Products/Applications/DarockBili.app/Watch/DarockBili Watch App.app/DarockBili Watch App'>', hardenedRuntime='0'>'>: {
    "application-identifier" = "B57D8PP775.com.darock.DarockBili.watchkitapp";
    "beta-reports-active" = 1;
    "com.apple.developer.team-identifier" = B57D8PP775;
    "get-task-allow" = 0;
}
2023-08-02 3:45:42 PM +0000  Entitlements for <IDEDistributionItem: 0x600030f751a0; bundleID='com.darock.DarockBili.watchkitapp', path='<DVTFilePath:0x60001468f800:'/Volumes/External_Data/Library/Developer/Xcode/Archives/2023-08-02/DarockBili Watch App 2023-8-2, 11.44 PM.xcarchive/Products/Applications/DarockBili.app/Watch/DarockBili Watch App.app'>', codeSigningInfo='<_DVTCodeSigningInformation_Path: 0x6000109c5cc0; isSigned='1', isAdHocSigned='0', signingCertificate='<DVTSigningCertificate: 0x600011f58900; name='Apple Development: Yuxuan Chen (8CZ4JT4F3M)', hash='F3CC7C5393F1D4573709565D3C6A3BB5F3B592E0', serialNumber='50F32C2425DE0283D6361457F4C77FA6', certificateKinds='(
    "1.2.840.113635.100.6.1.12",
    "1.2.840.113635.100.6.1.2"
), issueDate='2023-04-26 11:27:46 AM +0000''>', entitlements='{
    "application-identifier" = "B57D8PP775.com.darock.DarockBili.watchkitapp";
    "com.apple.developer.team-identifier" = B57D8PP775;
    "get-task-allow" = 1;
}', teamID='B57D8PP775', identifier='com.darock.DarockBili.watchkitapp', executablePath='<DVTFilePath:0x60002c3cfcd0:'/Volumes/External_Data/Library/Developer/Xcode/Archives/2023-08-02/DarockBili Watch App 2023-8-2, 11.44 PM.xcarchive/Products/Applications/DarockBili.app/Watch/DarockBili Watch App.app/DarockBili Watch App'>', hardenedRuntime='0'>'> are: {
    "application-identifier" = "B57D8PP775.com.darock.DarockBili.watchkitapp";
    "beta-reports-active" = 1;
    "com.apple.developer.team-identifier" = B57D8PP775;
    "get-task-allow" = 0;
}
2023-08-02 3:45:42 PM +0000  Writing entitlements for <IDEDistributionItem: 0x600030f751a0; bundleID='com.darock.DarockBili.watchkitapp', path='<DVTFilePath:0x60001468f800:'/Volumes/External_Data/Library/Developer/Xcode/Archives/2023-08-02/DarockBili Watch App 2023-8-2, 11.44 PM.xcarchive/Products/Applications/DarockBili.app/Watch/DarockBili Watch App.app'>', codeSigningInfo='<_DVTCodeSigningInformation_Path: 0x6000109c5cc0; isSigned='1', isAdHocSigned='0', signingCertificate='<DVTSigningCertificate: 0x60000903bcc0; name='Apple Development: Yuxuan Chen (8CZ4JT4F3M)', hash='F3CC7C5393F1D4573709565D3C6A3BB5F3B592E0', serialNumber='50F32C2425DE0283D6361457F4C77FA6', certificateKinds='(
    "1.2.840.113635.100.6.1.12",
    "1.2.840.113635.100.6.1.2"
), issueDate='2023-04-26 11:27:46 AM +0000''>', entitlements='{
    "application-identifier" = "B57D8PP775.com.darock.DarockBili.watchkitapp";
    "com.apple.developer.team-identifier" = B57D8PP775;
    "get-task-allow" = 1;
}', teamID='B57D8PP775', identifier='com.darock.DarockBili.watchkitapp', executablePath='<DVTFilePath:0x60002c3cfcd0:'/Volumes/External_Data/Library/Developer/Xcode/Archives/2023-08-02/DarockBili Watch App 2023-8-2, 11.44 PM.xcarchive/Products/Applications/DarockBili.app/Watch/DarockBili Watch App.app/DarockBili Watch App'>', hardenedRuntime='0'>'> to: /var/folders/kk/9t23hd3d5bs5nvxqskjp11k80000gn/T/XcodeDistPipeline.~~~XypsEu/entitlements~~~jVh2RQ
2023-08-02 3:45:42 PM +0000  Running /usr/bin/codesign '-vvv' '--force' '--sign' 'B349DA973F4C7F074ED5DF70921D36FD9F869CF4' '--entitlements' '/var/folders/kk/9t23hd3d5bs5nvxqskjp11k80000gn/T/XcodeDistPipeline.~~~XypsEu/entitlements~~~jVh2RQ' '--generate-entitlement-der' '--preserve-metadata=identifier,flags,runtime' '/var/folders/kk/9t23hd3d5bs5nvxqskjp11k80000gn/T/XcodeDistPipeline.~~~XypsEu/Root/Payload/DarockBili.app/Watch/DarockBili Watch App.app'
2023-08-02 3:45:42 PM +0000  /var/folders/kk/9t23hd3d5bs5nvxqskjp11k80000gn/T/XcodeDistPipeline.~~~XypsEu/Root/Payload/DarockBili.app/Watch/DarockBili Watch App.app: replacing existing signature
2023-08-02 3:45:42 PM +0000  /var/folders/kk/9t23hd3d5bs5nvxqskjp11k80000gn/T/XcodeDistPipeline.~~~XypsEu/Root/Payload/DarockBili.app/Watch/DarockBili Watch App.app: signed app bundle with Mach-O universal (arm64 arm64_32) [com.darock.DarockBili.watchkitapp]
2023-08-02 3:45:42 PM +0000  /usr/bin/codesign exited with 0
2023-08-02 3:45:42 PM +0000  Entitlements for <IDEDistributionItem: 0x600030ec6340; bundleID='com.darock.DarockBili', path='<DVTFilePath:0x60002c2f0540:'/Volumes/External_Data/Library/Developer/Xcode/Archives/2023-08-02/DarockBili Watch App 2023-8-2, 11.44 PM.xcarchive/Products/Applications/DarockBili.app'>', codeSigningInfo='<_DVTCodeSigningInformation_Path: 0x6000109ce3f0; isSigned='1', isAdHocSigned='0', signingCertificate='<DVTSigningCertificate: 0x600009039380; name='Apple Development: Yuxuan Chen (8CZ4JT4F3M)', hash='F3CC7C5393F1D4573709565D3C6A3BB5F3B592E0', serialNumber='50F32C2425DE0283D6361457F4C77FA6', certificateKinds='(
    "1.2.840.113635.100.6.1.12",
    "1.2.840.113635.100.6.1.2"
), issueDate='2023-04-26 11:27:46 AM +0000''>', entitlements='{
    "application-identifier" = "B57D8PP775.com.darock.DarockBili";
    "com.apple.developer.team-identifier" = B57D8PP775;
    "get-task-allow" = 1;
}', teamID='B57D8PP775', identifier='com.darock.DarockBili', executablePath='<DVTFilePath:0x6000301d31e0:'/Volumes/External_Data/Library/Developer/Xcode/Archives/2023-08-02/DarockBili Watch App 2023-8-2, 11.44 PM.xcarchive/Products/Applications/DarockBili.app/DarockBili'>', hardenedRuntime='0'>'>: {
    "application-identifier" = "B57D8PP775.com.darock.DarockBili";
    "beta-reports-active" = 1;
    "com.apple.developer.team-identifier" = B57D8PP775;
    "get-task-allow" = 0;
}
2023-08-02 3:45:42 PM +0000  Entitlements for <IDEDistributionItem: 0x600030ec6340; bundleID='com.darock.DarockBili', path='<DVTFilePath:0x60002c2f0540:'/Volumes/External_Data/Library/Developer/Xcode/Archives/2023-08-02/DarockBili Watch App 2023-8-2, 11.44 PM.xcarchive/Products/Applications/DarockBili.app'>', codeSigningInfo='<_DVTCodeSigningInformation_Path: 0x6000109ce3f0; isSigned='1', isAdHocSigned='0', signingCertificate='<DVTSigningCertificate: 0x6000110440c0; name='Apple Development: Yuxuan Chen (8CZ4JT4F3M)', hash='F3CC7C5393F1D4573709565D3C6A3BB5F3B592E0', serialNumber='50F32C2425DE0283D6361457F4C77FA6', certificateKinds='(
    "1.2.840.113635.100.6.1.12",
    "1.2.840.113635.100.6.1.2"
), issueDate='2023-04-26 11:27:46 AM +0000''>', entitlements='{
    "application-identifier" = "B57D8PP775.com.darock.DarockBili";
    "com.apple.developer.team-identifier" = B57D8PP775;
    "get-task-allow" = 1;
}', teamID='B57D8PP775', identifier='com.darock.DarockBili', executablePath='<DVTFilePath:0x6000301d31e0:'/Volumes/External_Data/Library/Developer/Xcode/Archives/2023-08-02/DarockBili Watch App 2023-8-2, 11.44 PM.xcarchive/Products/Applications/DarockBili.app/DarockBili'>', hardenedRuntime='0'>'> are: {
    "application-identifier" = "B57D8PP775.com.darock.DarockBili";
    "beta-reports-active" = 1;
    "com.apple.developer.team-identifier" = B57D8PP775;
    "get-task-allow" = 0;
}
2023-08-02 3:45:42 PM +0000  Writing entitlements for <IDEDistributionItem: 0x600030ec6340; bundleID='com.darock.DarockBili', path='<DVTFilePath:0x60002c2f0540:'/Volumes/External_Data/Library/Developer/Xcode/Archives/2023-08-02/DarockBili Watch App 2023-8-2, 11.44 PM.xcarchive/Products/Applications/DarockBili.app'>', codeSigningInfo='<_DVTCodeSigningInformation_Path: 0x6000109ce3f0; isSigned='1', isAdHocSigned='0', signingCertificate='<DVTSigningCertificate: 0x600011f58900; name='Apple Development: Yuxuan Chen (8CZ4JT4F3M)', hash='F3CC7C5393F1D4573709565D3C6A3BB5F3B592E0', serialNumber='50F32C2425DE0283D6361457F4C77FA6', certificateKinds='(
    "1.2.840.113635.100.6.1.12",
    "1.2.840.113635.100.6.1.2"
), issueDate='2023-04-26 11:27:46 AM +0000''>', entitlements='{
    "application-identifier" = "B57D8PP775.com.darock.DarockBili";
    "com.apple.developer.team-identifier" = B57D8PP775;
    "get-task-allow" = 1;
}', teamID='B57D8PP775', identifier='com.darock.DarockBili', executablePath='<DVTFilePath:0x6000301d31e0:'/Volumes/External_Data/Library/Developer/Xcode/Archives/2023-08-02/DarockBili Watch App 2023-8-2, 11.44 PM.xcarchive/Products/Applications/DarockBili.app/DarockBili'>', hardenedRuntime='0'>'> to: /var/folders/kk/9t23hd3d5bs5nvxqskjp11k80000gn/T/XcodeDistPipeline.~~~XypsEu/entitlements~~~xsSTjY
2023-08-02 3:45:42 PM +0000  Running /usr/bin/codesign '-vvv' '--force' '--sign' 'B349DA973F4C7F074ED5DF70921D36FD9F869CF4' '--entitlements' '/var/folders/kk/9t23hd3d5bs5nvxqskjp11k80000gn/T/XcodeDistPipeline.~~~XypsEu/entitlements~~~xsSTjY' '--generate-entitlement-der' '--preserve-metadata=identifier,flags,runtime' '/var/folders/kk/9t23hd3d5bs5nvxqskjp11k80000gn/T/XcodeDistPipeline.~~~XypsEu/Root/Payload/DarockBili.app'
2023-08-02 3:45:42 PM +0000  /var/folders/kk/9t23hd3d5bs5nvxqskjp11k80000gn/T/XcodeDistPipeline.~~~XypsEu/Root/Payload/DarockBili.app: replacing existing signature
2023-08-02 3:45:42 PM +0000  /var/folders/kk/9t23hd3d5bs5nvxqskjp11k80000gn/T/XcodeDistPipeline.~~~XypsEu/Root/Payload/DarockBili.app: signed app bundle with Mach-O thin (arm64) [com.darock.DarockBili]
2023-08-02 3:45:42 PM +0000  /usr/bin/codesign exited with 0
2023-08-02 3:45:42 PM +0000  Processing step: IDEDistributionZipODRItemStep
2023-08-02 3:45:42 PM +0000  Skipping step: IDEDistributionZipODRItemStep because it said so
2023-08-02 3:45:42 PM +0000  Skipping step: IDEDistributionZipODRItemStep because it said so
2023-08-02 3:45:42 PM +0000  Processing step: IDEDistributionCreateIPAStep
2023-08-02 3:45:42 PM +0000  Running /usr/bin/rsync '-8aPhhE' '/var/folders/kk/9t23hd3d5bs5nvxqskjp11k80000gn/T/XcodeDistPipeline.~~~XypsEu/Symbols' '--link-dest' '/var/folders/kk/9t23hd3d5bs5nvxqskjp11k80000gn/T/XcodeDistPipeline.~~~XypsEu' '/var/folders/kk/9t23hd3d5bs5nvxqskjp11k80000gn/T/XcodeDistPipeline.~~~XypsEu/Root'
2023-08-02 3:45:42 PM +0000  building file list ... 
2023-08-02 3:45:42 PM +0000   0 files...2023-08-02 3:45:42 PM +0000  4 files to consider
2023-08-02 3:45:42 PM +0000  Symbols/
2023-08-02 3:45:42 PM +0000  
2023-08-02 3:45:42 PM +0000  sent 260 bytes  received 26 bytes  572.00 bytes/sec
total size is 32.87M  speedup is 120530.56
2023-08-02 3:45:42 PM +0000  /usr/bin/rsync exited with 0
2023-08-02 3:45:42 PM +0000  Running /usr/bin/ditto '-V' '-c' '-k' '--norsrc' '/var/folders/kk/9t23hd3d5bs5nvxqskjp11k80000gn/T/XcodeDistPipeline.~~~XypsEu/Root' '/var/folders/kk/9t23hd3d5bs5nvxqskjp11k80000gn/T/XcodeDistPipeline.~~~XypsEu/Packages/DarockBili.ipa'
2023-08-02 3:45:42 PM +0000  >>> Copying /var/folders/kk/9t23hd3d5bs5nvxqskjp11k80000gn/T/XcodeDistPipeline.~~~XypsEu/Root 
2023-08-02 3:45:42 PM +0000  copying file ./Payload/DarockBili.app/_CodeSignature/CodeResources ... 
2023-08-02 3:45:42 PM +0000  5607 bytes for ./Payload/DarockBili.app/_CodeSignature/CodeResources
2023-08-02 3:45:42 PM +0000  copying file ./Payload/DarockBili.app/DarockBili ... 
2023-08-02 3:45:42 PM +0000  1618736 bytes for ./Payload/DarockBili.app/DarockBili
2023-08-02 3:45:42 PM +0000  copying file ./Payload/DarockBili.app/AppIcon60x60@2x.png ... 
2023-08-02 3:45:42 PM +0000  7421 bytes for ./Payload/DarockBili.app/AppIcon60x60@2x.png
copying file ./Payload/DarockBili.app/Assets.car ... 
2023-08-02 3:45:42 PM +0000  254712 bytes for ./Payload/DarockBili.app/Assets.car
2023-08-02 3:45:42 PM +0000  copying file ./Payload/DarockBili.app/AppIcon76x76@2x~ipad.png ... 
2023-08-02 3:45:42 PM +0000  9232 bytes for ./Payload/DarockBili.app/AppIcon76x76@2x~ipad.png
2023-08-02 3:45:42 PM +0000  copying file ./Payload/DarockBili.app/Watch/DarockBili Watch App.app/_CodeSignature/CodeResources ... 
2023-08-02 3:45:42 PM +0000  3637 bytes for ./Payload/DarockBili.app/Watch/DarockBili Watch App.app/_CodeSignature/CodeResources
2023-08-02 3:45:42 PM +0000  copying file ./Payload/DarockBili.app/Watch/DarockBili Watch App.app/DarockBili-Watch-App-Info.plist ... 
2023-08-02 3:45:42 PM +0000  172 bytes for ./Payload/DarockBili.app/Watch/DarockBili Watch App.app/DarockBili-Watch-App-Info.plist
2023-08-02 3:45:42 PM +0000  copying file ./Payload/DarockBili.app/Watch/DarockBili Watch App.app/zh-Hans.lproj/Localizable.strings ... 
2023-08-02 3:45:42 PM +0000  778 bytes for ./Payload/DarockBili.app/Watch/DarockBili Watch App.app/zh-Hans.lproj/Localizable.strings
2023-08-02 3:45:42 PM +0000  copying file ./Payload/DarockBili.app/Watch/DarockBili Watch App.app/en.lproj/Localizable.strings ... 
2023-08-02 3:45:42 PM +0000  5358 bytes for ./Payload/DarockBili.app/Watch/DarockBili Watch App.app/en.lproj/Localizable.strings
2023-08-02 3:45:42 PM +0000  copying file ./Payload/DarockBili.app/Watch/DarockBili Watch App.app/Assets.car ... 
2023-08-02 3:45:42 PM +0000  1231183 bytes for ./Payload/DarockBili.app/Watch/DarockBili Watch App.app/Assets.car
copying file ./Payload/DarockBili.app/Watch/DarockBili Watch App.app/embedded.mobileprovision ... 
2023-08-02 3:45:42 PM +0000  14351 bytes for ./Payload/DarockBili.app/Watch/DarockBili Watch App.app/embedded.mobileprovision
copying file ./Payload/DarockBili.app/Watch/DarockBili Watch App.app/Info.plist ... 
2023-08-02 3:45:42 PM +0000  1314 bytes for ./Payload/DarockBili.app/Watch/DarockBili Watch App.app/Info.plist
2023-08-02 3:45:42 PM +0000  copying file ./Payload/DarockBili.app/Watch/DarockBili Watch App.app/DarockBili Watch App ... 
2023-08-02 3:45:43 PM +0000  15267072 bytes for ./Payload/DarockBili.app/Watch/DarockBili Watch App.app/DarockBili Watch App
copying file ./Payload/DarockBili.app/Watch/DarockBili Watch App.app/PkgInfo ... 
2023-08-02 3:45:43 PM +0000  8 bytes for ./Payload/DarockBili.app/Watch/DarockBili Watch App.app/PkgInfo
2023-08-02 3:45:43 PM +0000  copying file ./Payload/DarockBili.app/embedded.mobileprovision ... 
2023-08-02 3:45:43 PM +0000  14288 bytes for ./Payload/DarockBili.app/embedded.mobileprovision
2023-08-02 3:45:43 PM +0000  copying file ./Payload/DarockBili.app/Info.plist ... 
2023-08-02 3:45:43 PM +0000  1543 bytes for ./Payload/DarockBili.app/Info.plist
2023-08-02 3:45:43 PM +0000  copying file ./Payload/DarockBili.app/PkgInfo ... 
2023-08-02 3:45:43 PM +0000  8 bytes for ./Payload/DarockBili.app/PkgInfo
2023-08-02 3:45:43 PM +0000  copying file ./Symbols/55FFEDC8-C227-3B9A-9F56-75059D939F3D.symbols ... 
2023-08-02 3:45:43 PM +0000  2626636 bytes for ./Symbols/55FFEDC8-C227-3B9A-9F56-75059D939F3D.symbols
2023-08-02 3:45:43 PM +0000  copying file ./Symbols/2751A750-D587-3D99-A9A3-E66DA2BCC708.symbols ... 
2023-08-02 3:45:43 PM +0000  15876028 bytes for ./Symbols/2751A750-D587-3D99-A9A3-E66DA2BCC708.symbols
2023-08-02 3:45:43 PM +0000  copying file ./Symbols/E782BC69-2D44-3A84-921B-48494BDC6A54.symbols ... 
2023-08-02 3:45:43 PM +0000  15969076 bytes for ./Symbols/E782BC69-2D44-3A84-921B-48494BDC6A54.symbols
2023-08-02 3:45:43 PM +0000  /usr/bin/ditto exited with 0
2023-08-02 3:45:43 PM +0000  Processing step: IDEDistributionAppStoreInformationStep
2023-08-02 3:45:43 PM +0000  Skipping step: IDEDistributionAppStoreInformationStep because it said so
2023-08-02 3:45:43 PM +0000  Processing step: IDEDistributionGenerateProcessedDistributionItems
2023-08-02 3:45:43 PM +0000  IDEDistributionItem init <DVTFilePath:0x6000144cc400:'/var/folders/kk/9t23hd3d5bs5nvxqskjp11k80000gn/T/XcodeDistPipeline.~~~XypsEu/Root/Payload/DarockBili.app/Watch/DarockBili Watch App.app'>
2023-08-02 3:45:43 PM +0000  IDEDistributionItem init <DVTFilePath:0x60002c391880:'/var/folders/kk/9t23hd3d5bs5nvxqskjp11k80000gn/T/XcodeDistPipeline.~~~XypsEu/Root/Payload/DarockBili.app'>
2023-08-02 3:45:44 PM +0000  Processing step: IDEDistributionCreateManifestStep
2023-08-02 3:45:44 PM +0000  Skipping step: IDEDistributionCreateManifestStep because it said so
