2023-07-29 4:27:28 PM +0000  Initial pipeline context: <IDEDistributionProcessingPipelineContext: 0x2c9de13c0; archive(resolved)="<IDEArchive: 0x2cb7900f0>", distributionTask(resolved)="2", distributionDestination(resolved)="1", distributionMethod(resolved)="<IDEDistributionMethodiOSAppStoreDistribution: 0x1742c1a80>", team(resolved)="<IDEProvisioningDisambiguatableBasicTeam: 0x17178bf50; teamID='B57D8PP775', teamName='Yuxuan Chen', teamType='Individual', username='wmemz2333@163.com', isFreeProvisioningTeam='0'>">
	Chain (18, self inclusive):
	<IDEDistributionProcessingPipelineContext: 0x2c9de13c0; archive = "<IDEArchive: 0x2cb7900f0>", distributionMethod="<IDEDistributionMethodiOSAppStoreDistribution: 0x1742c1a80>", team="<IDEProvisioningDisambiguatableBasicTeam: 0x17178bf50; teamID='B57D8PP775', teamName='Yuxuan Chen', teamType='Individual', username='wmemz2333@163.com', isFreeProvisioningTeam='0'>">
	<IDEDistributionProcessingPipelineContext: 0x2c22b53e0; archive = "<IDEArchive: 0x2cb7900f0>", distributionMethod="<IDEDistributionMethodiOSAppStoreDistribution: 0x1742c1a80>", team="<IDEProvisioningDisambiguatableBasicTeam: 0x17178bf50; teamID='B57D8PP775', teamName='Yuxuan Chen', teamType='Individual', username='wmemz2333@163.com', isFreeProvisioningTeam='0'>">
	<IDEDistributionContext: 0x139af5620; archive = "<IDEArchive: 0x2cb7900f0>", distributionMethod="<IDEDistributionMethodiOSAppStoreDistribution: 0x1742c1a80>", team="<IDEProvisioningDisambiguatableBasicTeam: 0x17178bf50; teamID='B57D8PP775', teamName='Yuxuan Chen', teamType='Individual', username='wmemz2333@163.com', isFreeProvisioningTeam='0'>">
	<IDEDistributionContext: 0x2cd72cc10; archive = "<IDEArchive: 0x2cb7900f0>", distributionMethod="<IDEDistributionMethodiOSAppStoreDistribution: 0x1742c1a80>", team="<IDEProvisioningDisambiguatableBasicTeam: 0x17178bf50; teamID='B57D8PP775', teamName='Yuxuan Chen', teamType='Individual', username='wmemz2333@163.com', isFreeProvisioningTeam='0'>">
	<IDEDistributionContext: 0x44196b9a0; archive = "<IDEArchive: 0x2cb7900f0>", distributionMethod="<IDEDistributionMethodiOSAppStoreDistribution: 0x1742c1a80>", team="<IDEProvisioningDisambiguatableBasicTeam: 0x17178bf50; teamID='B57D8PP775', teamName='Yuxuan Chen', teamType='Individual', username='wmemz2333@163.com', isFreeProvisioningTeam='0'>">
	<IDEDistributionContext: 0x2cd7add40; archive = "<IDEArchive: 0x2cb7900f0>", distributionMethod="<IDEDistributionMethodiOSAppStoreDistribution: 0x1742c1a80>", team="<IDEProvisioningDisambiguatableBasicTeam: 0x17178bf50; teamID='B57D8PP775', teamName='Yuxuan Chen', teamType='Individual', username='wmemz2333@163.com', isFreeProvisioningTeam='0'>">
	<IDEDistributionContext: 0x414df39d0; archive = "<IDEArchive: 0x2cb7900f0>", distributionMethod="<IDEDistributionMethodiOSAppStoreDistribution: 0x1742c1a80>", team="<IDEProvisioningDisambiguatableBasicTeam: 0x17178bf50; teamID='B57D8PP775', teamName='Yuxuan Chen', teamType='Individual', username='wmemz2333@163.com', isFreeProvisioningTeam='0'>">
	<IDEDistributionContext: 0x139a9c850; archive = "<IDEArchive: 0x2cb7900f0>", distributionMethod="<IDEDistributionMethodiOSAppStoreDistribution: 0x1742c1a80>", team="<IDEProvisioningDisambiguatableBasicTeam: 0x17178bf50; teamID='B57D8PP775', teamName='Yuxuan Chen', teamType='Individual', username='wmemz2333@163.com', isFreeProvisioningTeam='0'>">
	<IDEDistributionContext: 0x139a21f00; archive = "<IDEArchive: 0x2cb7900f0>", distributionMethod="<IDEDistributionMethodiOSAppStoreDistribution: 0x1742c1a80>", team="<IDEProvisioningDisambiguatableBasicTeam: 0x17178bf50; teamID='B57D8PP775', teamName='Yuxuan Chen', teamType='Individual', username='wmemz2333@163.com', isFreeProvisioningTeam='0'>">
	<IDEDistributionContext: 0x139a6b850; archive = "<IDEArchive: 0x2cb7900f0>", distributionMethod="<IDEDistributionMethodiOSAppStoreDistribution: 0x1742c1a80>", team="<IDEProvisioningDisambiguatableBasicTeam: 0x17178bf50; teamID='B57D8PP775', teamName='Yuxuan Chen', teamType='Individual', username='wmemz2333@163.com', isFreeProvisioningTeam='0'>">
	<IDEDistributionContext: 0x1399fc960; archive = "<IDEArchive: 0x2cb7900f0>", distributionMethod="<IDEDistributionMethodiOSAppStoreDistribution: 0x1742c1a80>", team="<IDEProvisioningDisambiguatableBasicTeam: 0x17178bf50; teamID='B57D8PP775', teamName='Yuxuan Chen', teamType='Individual', username='wmemz2333@163.com', isFreeProvisioningTeam='0'>">
	<IDEDistributionContext: 0x44493bef0; archive = "<IDEArchive: 0x2cb7900f0>", distributionMethod="<IDEDistributionMethodiOSAppStoreDistribution: 0x1742c1a80>", team="<IDEProvisioningDisambiguatableBasicTeam: 0x17178bf50; teamID='B57D8PP775', teamName='Yuxuan Chen', teamType='Individual', username='wmemz2333@163.com', isFreeProvisioningTeam='0'>">
	<IDEDistributionContext: 0x42ae5a750; archive = "<IDEArchive: 0x2cb7900f0>", distributionMethod="<IDEDistributionMethodiOSAppStoreDistribution: 0x1742c1a80>", team="<IDEProvisioningDisambiguatableBasicTeam: 0x17178bf50; teamID='B57D8PP775', teamName='Yuxuan Chen', teamType='Individual', username='wmemz2333@163.com', isFreeProvisioningTeam='0'>">
	<IDEDistributionContext: 0x2c9d243d0; archive = "<IDEArchive: 0x2cb7900f0>", distributionMethod="<IDEDistributionMethodiOSAppStoreDistribution: 0x1742c1a80>", team="(null)">
	<IDEDistributionContext: 0x2f24f04c0; archive = "<IDEArchive: 0x2cb7900f0>", distributionMethod="<IDEDistributionMethodiOSAppStoreDistribution: 0x1742c1a80>", team="(null)">
	<IDEDistributionContext: 0x423ef0760; archive = "<IDEArchive: 0x2cb7900f0>", distributionMethod="(null)", team="(null)">
	<IDEDistributionContext: 0x2e236e200; archive = "<IDEArchive: 0x2cb7900f0>", distributionMethod="(null)", team="(null)">
	<IDEDistributionContext: 0x2caef0b90; archive = "<IDEArchive: 0x2cb7900f0>", distributionMethod="(null)", team="(null)">
</IDEDistributionProcessingPipelineContext: 0x2c9de13c0>
2023-07-29 4:27:28 PM +0000  Processing step: IDEDistributionCreateDestRootStep
2023-07-29 4:27:28 PM +0000  Processing step: IDEDistributionCopyItemStep
2023-07-29 4:27:28 PM +0000  Running /usr/bin/ditto '-V' '/Volumes/External_Data/Library/Developer/Xcode/Archives/2023-07-30/DarockBili Watch App 2023-7-30, 12.26 AM.xcarchive/Products/Applications/DarockBili.app' '/var/folders/kk/9t23hd3d5bs5nvxqskjp11k80000gn/T/XcodeDistPipeline.~~~FlKITx/Root/Payload/DarockBili.app'
2023-07-29 4:27:28 PM +0000  >>> Copying /Volumes/External_Data/Library/Developer/Xcode/Archives/2023-07-30/DarockBili Watch App 2023-7-30, 12.26 AM.xcarchive/Products/Applications/DarockBili.app 
2023-07-29 4:27:28 PM +0000  copying file ./_CodeSignature/CodeResources ... 
2023-07-29 4:27:28 PM +0000  4771 bytes for ./_CodeSignature/CodeResources
2023-07-29 4:27:28 PM +0000  copying file ./DarockBili ... 
2023-07-29 4:27:28 PM +0000  1618656 bytes for ./DarockBili
2023-07-29 4:27:28 PM +0000  copying file ./AppIcon60x60@2x.png ... 
2023-07-29 4:27:28 PM +0000  7421 bytes for ./AppIcon60x60@2x.png
copying file ./Assets.car ... 
2023-07-29 4:27:28 PM +0000  254712 bytes for ./Assets.car
copying file ./AppIcon76x76@2x~ipad.png ... 
2023-07-29 4:27:28 PM +0000  9232 bytes for ./AppIcon76x76@2x~ipad.png
2023-07-29 4:27:28 PM +0000  copying file ./Watch/DarockBili Watch App.app/_CodeSignature/CodeResources ... 
2023-07-29 4:27:28 PM +0000  2781 bytes for ./Watch/DarockBili Watch App.app/_CodeSignature/CodeResources
2023-07-29 4:27:28 PM +0000  copying file ./Watch/DarockBili Watch App.app/DarockBili-Watch-App-Info.plist ... 
2023-07-29 4:27:28 PM +0000  172 bytes for ./Watch/DarockBili Watch App.app/DarockBili-Watch-App-Info.plist
2023-07-29 4:27:28 PM +0000  copying file ./Watch/DarockBili Watch App.app/Assets.car ... 
2023-07-29 4:27:28 PM +0000  1231183 bytes for ./Watch/DarockBili Watch App.app/Assets.car
2023-07-29 4:27:28 PM +0000  copying file ./Watch/DarockBili Watch App.app/embedded.mobileprovision ... 
2023-07-29 4:27:28 PM +0000  23262 bytes for ./Watch/DarockBili Watch App.app/embedded.mobileprovision
copying file ./Watch/DarockBili Watch App.app/Info.plist ... 
2023-07-29 4:27:28 PM +0000  1314 bytes for ./Watch/DarockBili Watch App.app/Info.plist
2023-07-29 4:27:28 PM +0000  copying file ./Watch/DarockBili Watch App.app/DarockBili Watch App ... 
2023-07-29 4:27:28 PM +0000  15234080 bytes for ./Watch/DarockBili Watch App.app/DarockBili Watch App
2023-07-29 4:27:28 PM +0000  copying file ./Watch/DarockBili Watch App.app/PkgInfo ... 
8 bytes for ./Watch/DarockBili Watch App.app/PkgInfo
copying file ./embedded.mobileprovision ... 
23199 bytes for ./embedded.mobileprovision
copying file ./Info.plist ... 
1543 bytes for ./Info.plist
copying file ./PkgInfo ... 
8 bytes for ./PkgInfo
2023-07-29 4:27:28 PM +0000  /usr/bin/ditto exited with 0
2023-07-29 4:27:28 PM +0000  Processing step: IDEDistributionEmbedProfileStep
2023-07-29 4:27:28 PM +0000  Processing step: IDEDistributionInfoPlistStep
2023-07-29 4:27:28 PM +0000  Skipping setting DTXcodeBuildDistribution because toolsBuildVersionName was nil.
2023-07-29 4:27:28 PM +0000  Skipping setting DTXcodeBuildDistribution because toolsBuildVersionName was nil.
2023-07-29 4:27:28 PM +0000  Processing step: IDEDistributionItemRemovalStep
2023-07-29 4:27:28 PM +0000  Processing step: IDEDistributionAppThinningPlistStep
2023-07-29 4:27:28 PM +0000  Skipping step: IDEDistributionAppThinningPlistStep because it said so
2023-07-29 4:27:28 PM +0000  Processing step: IDEDistributionCompileBitcodeStep
2023-07-29 4:27:28 PM +0000  Skipping step: IDEDistributionCompileBitcodeStep because it said so
2023-07-29 4:27:28 PM +0000  Processing step: IDEDistributionCodeSlimmingStep
2023-07-29 4:27:28 PM +0000  Processing step: IDEDistributionCopyBCSymbolMapsStep
2023-07-29 4:27:28 PM +0000  Processing step: IDEDistributionSymbolsStep
2023-07-29 4:27:28 PM +0000  Processing symbols for DarockBili Watch App.app
2023-07-29 4:27:28 PM +0000  Running /usr/bin/rsync '-8aPhhE' '/var/folders/kk/9t23hd3d5bs5nvxqskjp11k80000gn/T/XcodeDistPipeline.~~~FlKITx/Root/Payload/DarockBili.app/Watch/DarockBili Watch App.app' '--link-dest' '/var/folders/kk/9t23hd3d5bs5nvxqskjp11k80000gn/T/XcodeDistPipeline.~~~FlKITx/Root/Payload/DarockBili.app/Watch' '/var/folders/kk/9t23hd3d5bs5nvxqskjp11k80000gn/T/XcodeDistPipeline.~~~FlKITx'
2023-07-29 4:27:28 PM +0000  building file list ... 
2023-07-29 4:27:28 PM +0000   0 files...2023-07-29 4:27:28 PM +0000  9 files to consider
2023-07-29 4:27:28 PM +0000  DarockBili Watch App.app/
2023-07-29 4:27:28 PM +0000  DarockBili Watch App.app/_CodeSignature/
2023-07-29 4:27:28 PM +0000  
2023-07-29 4:27:28 PM +0000  sent 347 bytes  received 32 bytes  758.00 bytes/sec
total size is 15.72M  speedup is 43493.11
2023-07-29 4:27:28 PM +0000  /usr/bin/rsync exited with 0
2023-07-29 4:27:28 PM +0000  Running /usr/bin/rsync '-8aPhhE' '/Volumes/External_Data/Library/Developer/Xcode/Archives/2023-07-30/DarockBili Watch App 2023-7-30, 12.26 AM.xcarchive/dSYMs/' '--link-dest' '/Volumes/External_Data/Library/Developer/Xcode/Archives/2023-07-30/DarockBili Watch App 2023-7-30, 12.26 AM.xcarchive/dSYMs/' '/var/folders/kk/9t23hd3d5bs5nvxqskjp11k80000gn/T/XcodeDistPipeline.~~~FlKITx'
2023-07-29 4:27:28 PM +0000  building file list ... 
 0 files...2023-07-29 4:27:28 PM +0000  21 files to consider
2023-07-29 4:27:28 PM +0000  ./
2023-07-29 4:27:28 PM +0000  DarockBili Watch App.app.dSYM/
DarockBili Watch App.app.dSYM/Contents/
rsync: link "/var/folders/kk/9t23hd3d5bs5nvxqskjp11k80000gn/T/XcodeDistPipeline.~~~FlKITx/DarockBili Watch App.app.dSYM/Contents/Info.plist" => /Volumes/External_Data/Library/Developer/Xcode/Archives/2023-07-30/DarockBili Watch App 2023-7-30, 12.26 AM.xcarchive/dSYMs/DarockBili Watch App.app.dSYM/Contents/Info.plist failed: Cross-device link (18)
2023-07-29 4:27:28 PM +0000  DarockBili Watch App.app.dSYM/Contents/Info.plist
DarockBili Watch App.app.dSYM/Contents/Resources/
DarockBili Watch App.app.dSYM/Contents/Resources/DWARF/
rsync: link "/var/folders/kk/9t23hd3d5bs5nvxqskjp11k80000gn/T/XcodeDistPipeline.~~~FlKITx/DarockBili Watch App.app.dSYM/Contents/Resources/DWARF/DarockBili Watch App" => /Volumes/External_Data/Library/Developer/Xcode/Archives/2023-07-30/DarockBili Watch App 2023-7-30, 12.26 AM.xcarchive/dSYMs/DarockBili Watch App.app.dSYM/Contents/Resources/DWARF/DarockBili Watch App failed: Cross-device link (18)
2023-07-29 4:27:28 PM +0000  DarockBili Watch App.app.dSYM/Contents/Resources/DWARF/DarockBili Watch App
DarockBili Watch App.app.dSYM/Contents/Resources/Relocations/
DarockBili Watch App.app.dSYM/Contents/Resources/Relocations/aarch64/
rsync: link "/var/folders/kk/9t23hd3d5bs5nvxqskjp11k80000gn/T/XcodeDistPipeline.~~~FlKITx/DarockBili Watch App.app.dSYM/Contents/Resources/Relocations/aarch64/DarockBili Watch App.yml" => /Volumes/External_Data/Library/Developer/Xcode/Archives/2023-07-30/DarockBili Watch App 2023-7-30, 12.26 AM.xcarchive/dSYMs/DarockBili Watch App.app.dSYM/Contents/Resources/Relocations/aarch64/DarockBili Watch App.yml failed: Cross-device link (18)
2023-07-29 4:27:28 PM +0000  DarockBili Watch App.app.dSYM/Contents/Resources/Relocations/aarch64/DarockBili Watch App.yml
DarockBili Watch App.app.dSYM/Contents/Resources/Relocations/aarch64_32/
rsync: link "/var/folders/kk/9t23hd3d5bs5nvxqskjp11k80000gn/T/XcodeDistPipeline.~~~FlKITx/DarockBili Watch App.app.dSYM/Contents/Resources/Relocations/aarch64_32/DarockBili Watch App.yml" => /Volumes/External_Data/Library/Developer/Xcode/Archives/2023-07-30/DarockBili Watch App 2023-7-30, 12.26 AM.xcarchive/dSYMs/DarockBili Watch App.app.dSYM/Contents/Resources/Relocations/aarch64_32/DarockBili Watch App.yml failed: Cross-device link (18)
2023-07-29 4:27:28 PM +0000  DarockBili Watch App.app.dSYM/Contents/Resources/Relocations/aarch64_32/DarockBili Watch App.yml
2023-07-29 4:27:28 PM +0000  DarockBili.app.dSYM/
DarockBili.app.dSYM/Contents/
rsync: link "/var/folders/kk/9t23hd3d5bs5nvxqskjp11k80000gn/T/XcodeDistPipeline.~~~FlKITx/DarockBili.app.dSYM/Contents/Info.plist" => /Volumes/External_Data/Library/Developer/Xcode/Archives/2023-07-30/DarockBili Watch App 2023-7-30, 12.26 AM.xcarchive/dSYMs/DarockBili.app.dSYM/Contents/Info.plist failed: Cross-device link (18)
2023-07-29 4:27:28 PM +0000  DarockBili.app.dSYM/Contents/Info.plist
DarockBili.app.dSYM/Contents/Resources/
DarockBili.app.dSYM/Contents/Resources/DWARF/
rsync: link "/var/folders/kk/9t23hd3d5bs5nvxqskjp11k80000gn/T/XcodeDistPipeline.~~~FlKITx/DarockBili.app.dSYM/Contents/Resources/DWARF/DarockBili" => /Volumes/External_Data/Library/Developer/Xcode/Archives/2023-07-30/DarockBili Watch App 2023-7-30, 12.26 AM.xcarchive/dSYMs/DarockBili.app.dSYM/Contents/Resources/DWARF/DarockBili failed: Cross-device link (18)
2023-07-29 4:27:28 PM +0000  DarockBili.app.dSYM/Contents/Resources/DWARF/DarockBili
DarockBili.app.dSYM/Contents/Resources/Relocations/
DarockBili.app.dSYM/Contents/Resources/Relocations/aarch64/
rsync: link "/var/folders/kk/9t23hd3d5bs5nvxqskjp11k80000gn/T/XcodeDistPipeline.~~~FlKITx/DarockBili.app.dSYM/Contents/Resources/Relocations/aarch64/DarockBili.yml" => /Volumes/External_Data/Library/Developer/Xcode/Archives/2023-07-30/DarockBili Watch App 2023-7-30, 12.26 AM.xcarchive/dSYMs/DarockBili.app.dSYM/Contents/Resources/Relocations/aarch64/DarockBili.yml failed: Cross-device link (18)
2023-07-29 4:27:28 PM +0000  DarockBili.app.dSYM/Contents/Resources/Relocations/aarch64/DarockBili.yml
2023-07-29 4:27:28 PM +0000  
sent 767 bytes  received 146 bytes  1.78K bytes/sec
total size is 121.96M  speedup is 140067.59
2023-07-29 4:27:28 PM +0000  /usr/bin/rsync exited with 0
2023-07-29 4:27:29 PM +0000  Writing /var/folders/kk/9t23hd3d5bs5nvxqskjp11k80000gn/T/XcodeDistPipeline.~~~FlKITx/Symbols/7A5C9D80-A33D-3A28-823F-B15CBA487929.symbols
2023-07-29 4:27:29 PM +0000  Writing /var/folders/kk/9t23hd3d5bs5nvxqskjp11k80000gn/T/XcodeDistPipeline.~~~FlKITx/Symbols/66FD17BF-995B-34F7-87A7-C19868E21719.symbols
2023-07-29 4:27:29 PM +0000  Processing symbols for DarockBili.app
2023-07-29 4:27:29 PM +0000  Running /usr/bin/rsync '-8aPhhE' '/var/folders/kk/9t23hd3d5bs5nvxqskjp11k80000gn/T/XcodeDistPipeline.~~~FlKITx/Root/Payload/DarockBili.app' '--link-dest' '/var/folders/kk/9t23hd3d5bs5nvxqskjp11k80000gn/T/XcodeDistPipeline.~~~FlKITx/Root/Payload' '/var/folders/kk/9t23hd3d5bs5nvxqskjp11k80000gn/T/XcodeDistPipeline.~~~FlKITx'
2023-07-29 4:27:29 PM +0000  building file list ... 
2023-07-29 4:27:29 PM +0000   0 files...2023-07-29 4:27:29 PM +0000  20 files to consider
2023-07-29 4:27:29 PM +0000  DarockBili.app/
2023-07-29 4:27:29 PM +0000  DarockBili.app/Watch/
DarockBili.app/Watch/DarockBili Watch App.app/
DarockBili.app/Watch/DarockBili Watch App.app/_CodeSignature/
DarockBili.app/_CodeSignature/
2023-07-29 4:27:29 PM +0000  
sent 679 bytes  received 50 bytes  1.42K bytes/sec
total size is 17.54M  speedup is 25232.54
2023-07-29 4:27:29 PM +0000  /usr/bin/rsync exited with 0
2023-07-29 4:27:29 PM +0000  Running /usr/bin/rsync '-8aPhhE' '/Volumes/External_Data/Library/Developer/Xcode/Archives/2023-07-30/DarockBili Watch App 2023-7-30, 12.26 AM.xcarchive/dSYMs/' '--link-dest' '/Volumes/External_Data/Library/Developer/Xcode/Archives/2023-07-30/DarockBili Watch App 2023-7-30, 12.26 AM.xcarchive/dSYMs/' '/var/folders/kk/9t23hd3d5bs5nvxqskjp11k80000gn/T/XcodeDistPipeline.~~~FlKITx'
2023-07-29 4:27:29 PM +0000  building file list ... 
2023-07-29 4:27:29 PM +0000   0 files...2023-07-29 4:27:29 PM +0000  21 files to consider
2023-07-29 4:27:29 PM +0000  ./
2023-07-29 4:27:29 PM +0000  DarockBili Watch App.app.dSYM/
DarockBili Watch App.app.dSYM/Contents/
DarockBili Watch App.app.dSYM/Contents/Resources/
DarockBili Watch App.app.dSYM/Contents/Resources/DWARF/
DarockBili Watch App.app.dSYM/Contents/Resources/Relocations/
DarockBili Watch App.app.dSYM/Contents/Resources/Relocations/aarch64/
DarockBili Watch App.app.dSYM/Contents/Resources/Relocations/aarch64_32/
DarockBili.app.dSYM/
DarockBili.app.dSYM/Contents/
DarockBili.app.dSYM/Contents/Resources/
DarockBili.app.dSYM/Contents/Resources/DWARF/
DarockBili.app.dSYM/Contents/Resources/Relocations/
DarockBili.app.dSYM/Contents/Resources/Relocations/aarch64/
2023-07-29 4:27:29 PM +0000  
sent 767 bytes  received 146 bytes  1.78K bytes/sec
2023-07-29 4:27:29 PM +0000  total size is 121.96M  speedup is 140067.59
2023-07-29 4:27:29 PM +0000  /usr/bin/rsync exited with 0
2023-07-29 4:27:29 PM +0000  Writing /var/folders/kk/9t23hd3d5bs5nvxqskjp11k80000gn/T/XcodeDistPipeline.~~~FlKITx/Symbols/55FFEDC8-C227-3B9A-9F56-75059D939F3D.symbols
2023-07-29 4:27:29 PM +0000  Processing step: IDEDistributionCopyAppleProvidedContentStep
2023-07-29 4:27:29 PM +0000  Processing step: IDEDistributionAppThinningStep
2023-07-29 4:27:29 PM +0000  Skipping step: IDEDistributionAppThinningStep because it said so
2023-07-29 4:27:29 PM +0000  Processing step: IDEDistributionArchThinningStep
2023-07-29 4:27:29 PM +0000  Running /Volumes/External_Data/Applications/Xcode-beta.app/Contents/Developer/Toolchains/XcodeDefault.xctoolchain/usr/bin/lipo '/var/folders/kk/9t23hd3d5bs5nvxqskjp11k80000gn/T/XcodeDistPipeline.~~~FlKITx/Root/Payload/DarockBili.app/Watch/DarockBili Watch App.app/DarockBili Watch App' '-verify_arch' 'arm64e'
2023-07-29 4:27:29 PM +0000  /Volumes/External_Data/Applications/Xcode-beta.app/Contents/Developer/Toolchains/XcodeDefault.xctoolchain/usr/bin/lipo exited with 1
2023-07-29 4:27:29 PM +0000  Skipping architecture thinning for item "DarockBili Watch App" because arch "arm64e" wasn't found
2023-07-29 4:27:29 PM +0000  Running /Volumes/External_Data/Applications/Xcode-beta.app/Contents/Developer/Toolchains/XcodeDefault.xctoolchain/usr/bin/lipo '/var/folders/kk/9t23hd3d5bs5nvxqskjp11k80000gn/T/XcodeDistPipeline.~~~FlKITx/Root/Payload/DarockBili.app/DarockBili' '-verify_arch' 'arm64e'
2023-07-29 4:27:29 PM +0000  /Volumes/External_Data/Applications/Xcode-beta.app/Contents/Developer/Toolchains/XcodeDefault.xctoolchain/usr/bin/lipo exited with 1
2023-07-29 4:27:29 PM +0000  Skipping architecture thinning for item "DarockBili" because arch "arm64e" wasn't found
2023-07-29 4:27:29 PM +0000  Processing step: IDEDistributionODRStep
2023-07-29 4:27:29 PM +0000  Processing step: IDEDistributionStripXattrsStep
2023-07-29 4:27:29 PM +0000  Skipping stripping extended attributes because the codesign step will strip them.
2023-07-29 4:27:29 PM +0000  Skipping stripping extended attributes because the codesign step will strip them.
2023-07-29 4:27:29 PM +0000  Processing step: IDEDistributionCodesignStep
2023-07-29 4:27:29 PM +0000  Entitlements for <IDEDistributionItem: 0x430720050; bundleID='com.darock.DarockBili.watchkitapp', path='<DVTFilePath:0x2cabc0370:'/Volumes/External_Data/Library/Developer/Xcode/Archives/2023-07-30/DarockBili Watch App 2023-7-30, 12.26 AM.xcarchive/Products/Applications/DarockBili.app/Watch/DarockBili Watch App.app'>', codeSigningInfo='<_DVTCodeSigningInformation_Path: 0x15df7f830; isSigned='1', isAdHocSigned='0', signingCertificate='<DVTSigningCertificate: 0x2c3fe2920; name='Apple Development: Yuxuan Chen (8CZ4JT4F3M)', hash='F3CC7C5393F1D4573709565D3C6A3BB5F3B592E0', serialNumber='50F32C2425DE0283D6361457F4C77FA6', certificateKinds='(
    "1.2.840.113635.100.6.1.12",
    "1.2.840.113635.100.6.1.2"
), issueDate='2023-04-26 11:27:46 AM +0000''>', entitlements='{
    "application-identifier" = "B57D8PP775.com.darock.DarockBili.watchkitapp";
    "com.apple.developer.team-identifier" = B57D8PP775;
    "get-task-allow" = 1;
}', teamID='B57D8PP775', identifier='com.darock.DarockBili.watchkitapp', executablePath='<DVTFilePath:0x2e173c620:'/Volumes/External_Data/Library/Developer/Xcode/Archives/2023-07-30/DarockBili Watch App 2023-7-30, 12.26 AM.xcarchive/Products/Applications/DarockBili.app/Watch/DarockBili Watch App.app/DarockBili Watch App'>', hardenedRuntime='0'>'>: {
    "application-identifier" = "B57D8PP775.com.darock.DarockBili.watchkitapp";
    "beta-reports-active" = 1;
    "com.apple.developer.team-identifier" = B57D8PP775;
    "get-task-allow" = 0;
}
2023-07-29 4:27:29 PM +0000  Entitlements for <IDEDistributionItem: 0x430720050; bundleID='com.darock.DarockBili.watchkitapp', path='<DVTFilePath:0x2cabc0370:'/Volumes/External_Data/Library/Developer/Xcode/Archives/2023-07-30/DarockBili Watch App 2023-7-30, 12.26 AM.xcarchive/Products/Applications/DarockBili.app/Watch/DarockBili Watch App.app'>', codeSigningInfo='<_DVTCodeSigningInformation_Path: 0x15df7f830; isSigned='1', isAdHocSigned='0', signingCertificate='<DVTSigningCertificate: 0x2c3f56710; name='Apple Development: Yuxuan Chen (8CZ4JT4F3M)', hash='F3CC7C5393F1D4573709565D3C6A3BB5F3B592E0', serialNumber='50F32C2425DE0283D6361457F4C77FA6', certificateKinds='(
    "1.2.840.113635.100.6.1.12",
    "1.2.840.113635.100.6.1.2"
), issueDate='2023-04-26 11:27:46 AM +0000''>', entitlements='{
    "application-identifier" = "B57D8PP775.com.darock.DarockBili.watchkitapp";
    "com.apple.developer.team-identifier" = B57D8PP775;
    "get-task-allow" = 1;
}', teamID='B57D8PP775', identifier='com.darock.DarockBili.watchkitapp', executablePath='<DVTFilePath:0x2e173c620:'/Volumes/External_Data/Library/Developer/Xcode/Archives/2023-07-30/DarockBili Watch App 2023-7-30, 12.26 AM.xcarchive/Products/Applications/DarockBili.app/Watch/DarockBili Watch App.app/DarockBili Watch App'>', hardenedRuntime='0'>'> are: {
    "application-identifier" = "B57D8PP775.com.darock.DarockBili.watchkitapp";
    "beta-reports-active" = 1;
    "com.apple.developer.team-identifier" = B57D8PP775;
    "get-task-allow" = 0;
}
2023-07-29 4:27:29 PM +0000  Writing entitlements for <IDEDistributionItem: 0x430720050; bundleID='com.darock.DarockBili.watchkitapp', path='<DVTFilePath:0x2cabc0370:'/Volumes/External_Data/Library/Developer/Xcode/Archives/2023-07-30/DarockBili Watch App 2023-7-30, 12.26 AM.xcarchive/Products/Applications/DarockBili.app/Watch/DarockBili Watch App.app'>', codeSigningInfo='<_DVTCodeSigningInformation_Path: 0x15df7f830; isSigned='1', isAdHocSigned='0', signingCertificate='<DVTSigningCertificate: 0x2d6ee2880; name='Apple Development: Yuxuan Chen (8CZ4JT4F3M)', hash='F3CC7C5393F1D4573709565D3C6A3BB5F3B592E0', serialNumber='50F32C2425DE0283D6361457F4C77FA6', certificateKinds='(
    "1.2.840.113635.100.6.1.12",
    "1.2.840.113635.100.6.1.2"
), issueDate='2023-04-26 11:27:46 AM +0000''>', entitlements='{
    "application-identifier" = "B57D8PP775.com.darock.DarockBili.watchkitapp";
    "com.apple.developer.team-identifier" = B57D8PP775;
    "get-task-allow" = 1;
}', teamID='B57D8PP775', identifier='com.darock.DarockBili.watchkitapp', executablePath='<DVTFilePath:0x2e173c620:'/Volumes/External_Data/Library/Developer/Xcode/Archives/2023-07-30/DarockBili Watch App 2023-7-30, 12.26 AM.xcarchive/Products/Applications/DarockBili.app/Watch/DarockBili Watch App.app/DarockBili Watch App'>', hardenedRuntime='0'>'> to: /var/folders/kk/9t23hd3d5bs5nvxqskjp11k80000gn/T/XcodeDistPipeline.~~~FlKITx/entitlements~~~R1jGvI
2023-07-29 4:27:29 PM +0000  Running /usr/bin/codesign '-vvv' '--force' '--sign' 'B349DA973F4C7F074ED5DF70921D36FD9F869CF4' '--entitlements' '/var/folders/kk/9t23hd3d5bs5nvxqskjp11k80000gn/T/XcodeDistPipeline.~~~FlKITx/entitlements~~~R1jGvI' '--generate-entitlement-der' '--preserve-metadata=identifier,flags,runtime' '/var/folders/kk/9t23hd3d5bs5nvxqskjp11k80000gn/T/XcodeDistPipeline.~~~FlKITx/Root/Payload/DarockBili.app/Watch/DarockBili Watch App.app'
2023-07-29 4:27:29 PM +0000  /var/folders/kk/9t23hd3d5bs5nvxqskjp11k80000gn/T/XcodeDistPipeline.~~~FlKITx/Root/Payload/DarockBili.app/Watch/DarockBili Watch App.app: replacing existing signature
2023-07-29 4:27:30 PM +0000  /var/folders/kk/9t23hd3d5bs5nvxqskjp11k80000gn/T/XcodeDistPipeline.~~~FlKITx/Root/Payload/DarockBili.app/Watch/DarockBili Watch App.app: signed app bundle with Mach-O universal (arm64 arm64_32) [com.darock.DarockBili.watchkitapp]
2023-07-29 4:27:30 PM +0000  /usr/bin/codesign exited with 0
2023-07-29 4:27:30 PM +0000  Entitlements for <IDEDistributionItem: 0x2e08c4190; bundleID='com.darock.DarockBili', path='<DVTFilePath:0x2c2342240:'/Volumes/External_Data/Library/Developer/Xcode/Archives/2023-07-30/DarockBili Watch App 2023-7-30, 12.26 AM.xcarchive/Products/Applications/DarockBili.app'>', codeSigningInfo='<_DVTCodeSigningInformation_Path: 0x2c6dac6e0; isSigned='1', isAdHocSigned='0', signingCertificate='<DVTSigningCertificate: 0x2cb074f10; name='Apple Development: Yuxuan Chen (8CZ4JT4F3M)', hash='F3CC7C5393F1D4573709565D3C6A3BB5F3B592E0', serialNumber='50F32C2425DE0283D6361457F4C77FA6', certificateKinds='(
    "1.2.840.113635.100.6.1.12",
    "1.2.840.113635.100.6.1.2"
), issueDate='2023-04-26 11:27:46 AM +0000''>', entitlements='{
    "application-identifier" = "B57D8PP775.com.darock.DarockBili";
    "com.apple.developer.team-identifier" = B57D8PP775;
    "get-task-allow" = 1;
}', teamID='B57D8PP775', identifier='com.darock.DarockBili', executablePath='<DVTFilePath:0x171448a20:'/Volumes/External_Data/Library/Developer/Xcode/Archives/2023-07-30/DarockBili Watch App 2023-7-30, 12.26 AM.xcarchive/Products/Applications/DarockBili.app/DarockBili'>', hardenedRuntime='0'>'>: {
    "application-identifier" = "B57D8PP775.com.darock.DarockBili";
    "beta-reports-active" = 1;
    "com.apple.developer.team-identifier" = B57D8PP775;
    "get-task-allow" = 0;
}
2023-07-29 4:27:30 PM +0000  Entitlements for <IDEDistributionItem: 0x2e08c4190; bundleID='com.darock.DarockBili', path='<DVTFilePath:0x2c2342240:'/Volumes/External_Data/Library/Developer/Xcode/Archives/2023-07-30/DarockBili Watch App 2023-7-30, 12.26 AM.xcarchive/Products/Applications/DarockBili.app'>', codeSigningInfo='<_DVTCodeSigningInformation_Path: 0x2c6dac6e0; isSigned='1', isAdHocSigned='0', signingCertificate='<DVTSigningCertificate: 0x41760bd70; name='Apple Development: Yuxuan Chen (8CZ4JT4F3M)', hash='F3CC7C5393F1D4573709565D3C6A3BB5F3B592E0', serialNumber='50F32C2425DE0283D6361457F4C77FA6', certificateKinds='(
    "1.2.840.113635.100.6.1.12",
    "1.2.840.113635.100.6.1.2"
), issueDate='2023-04-26 11:27:46 AM +0000''>', entitlements='{
    "application-identifier" = "B57D8PP775.com.darock.DarockBili";
    "com.apple.developer.team-identifier" = B57D8PP775;
    "get-task-allow" = 1;
}', teamID='B57D8PP775', identifier='com.darock.DarockBili', executablePath='<DVTFilePath:0x171448a20:'/Volumes/External_Data/Library/Developer/Xcode/Archives/2023-07-30/DarockBili Watch App 2023-7-30, 12.26 AM.xcarchive/Products/Applications/DarockBili.app/DarockBili'>', hardenedRuntime='0'>'> are: {
    "application-identifier" = "B57D8PP775.com.darock.DarockBili";
    "beta-reports-active" = 1;
    "com.apple.developer.team-identifier" = B57D8PP775;
    "get-task-allow" = 0;
}
2023-07-29 4:27:30 PM +0000  Writing entitlements for <IDEDistributionItem: 0x2e08c4190; bundleID='com.darock.DarockBili', path='<DVTFilePath:0x2c2342240:'/Volumes/External_Data/Library/Developer/Xcode/Archives/2023-07-30/DarockBili Watch App 2023-7-30, 12.26 AM.xcarchive/Products/Applications/DarockBili.app'>', codeSigningInfo='<_DVTCodeSigningInformation_Path: 0x2c6dac6e0; isSigned='1', isAdHocSigned='0', signingCertificate='<DVTSigningCertificate: 0x401479540; name='Apple Development: Yuxuan Chen (8CZ4JT4F3M)', hash='F3CC7C5393F1D4573709565D3C6A3BB5F3B592E0', serialNumber='50F32C2425DE0283D6361457F4C77FA6', certificateKinds='(
    "1.2.840.113635.100.6.1.12",
    "1.2.840.113635.100.6.1.2"
), issueDate='2023-04-26 11:27:46 AM +0000''>', entitlements='{
    "application-identifier" = "B57D8PP775.com.darock.DarockBili";
    "com.apple.developer.team-identifier" = B57D8PP775;
    "get-task-allow" = 1;
}', teamID='B57D8PP775', identifier='com.darock.DarockBili', executablePath='<DVTFilePath:0x171448a20:'/Volumes/External_Data/Library/Developer/Xcode/Archives/2023-07-30/DarockBili Watch App 2023-7-30, 12.26 AM.xcarchive/Products/Applications/DarockBili.app/DarockBili'>', hardenedRuntime='0'>'> to: /var/folders/kk/9t23hd3d5bs5nvxqskjp11k80000gn/T/XcodeDistPipeline.~~~FlKITx/entitlements~~~0jRzBC
2023-07-29 4:27:30 PM +0000  Running /usr/bin/codesign '-vvv' '--force' '--sign' 'B349DA973F4C7F074ED5DF70921D36FD9F869CF4' '--entitlements' '/var/folders/kk/9t23hd3d5bs5nvxqskjp11k80000gn/T/XcodeDistPipeline.~~~FlKITx/entitlements~~~0jRzBC' '--generate-entitlement-der' '--preserve-metadata=identifier,flags,runtime' '/var/folders/kk/9t23hd3d5bs5nvxqskjp11k80000gn/T/XcodeDistPipeline.~~~FlKITx/Root/Payload/DarockBili.app'
2023-07-29 4:27:30 PM +0000  /var/folders/kk/9t23hd3d5bs5nvxqskjp11k80000gn/T/XcodeDistPipeline.~~~FlKITx/Root/Payload/DarockBili.app: replacing existing signature
2023-07-29 4:27:30 PM +0000  /var/folders/kk/9t23hd3d5bs5nvxqskjp11k80000gn/T/XcodeDistPipeline.~~~FlKITx/Root/Payload/DarockBili.app: signed app bundle with Mach-O thin (arm64) [com.darock.DarockBili]
2023-07-29 4:27:30 PM +0000  /usr/bin/codesign exited with 0
2023-07-29 4:27:30 PM +0000  Processing step: IDEDistributionZipODRItemStep
2023-07-29 4:27:30 PM +0000  Skipping step: IDEDistributionZipODRItemStep because it said so
2023-07-29 4:27:30 PM +0000  Skipping step: IDEDistributionZipODRItemStep because it said so
2023-07-29 4:27:30 PM +0000  Processing step: IDEDistributionCreateIPAStep
2023-07-29 4:27:30 PM +0000  Running /usr/bin/rsync '-8aPhhE' '/var/folders/kk/9t23hd3d5bs5nvxqskjp11k80000gn/T/XcodeDistPipeline.~~~FlKITx/Symbols' '--link-dest' '/var/folders/kk/9t23hd3d5bs5nvxqskjp11k80000gn/T/XcodeDistPipeline.~~~FlKITx' '/var/folders/kk/9t23hd3d5bs5nvxqskjp11k80000gn/T/XcodeDistPipeline.~~~FlKITx/Root'
2023-07-29 4:27:30 PM +0000  building file list ... 
2023-07-29 4:27:30 PM +0000   0 files...2023-07-29 4:27:30 PM +0000  4 files to consider
2023-07-29 4:27:30 PM +0000  Symbols/
2023-07-29 4:27:30 PM +0000  
2023-07-29 4:27:30 PM +0000  sent 252 bytes  received 26 bytes  556.00 bytes/sec
total size is 32.81M  speedup is 123743.84
2023-07-29 4:27:30 PM +0000  /usr/bin/rsync exited with 0
2023-07-29 4:27:30 PM +0000  Running /usr/bin/ditto '-V' '-c' '-k' '--norsrc' '/var/folders/kk/9t23hd3d5bs5nvxqskjp11k80000gn/T/XcodeDistPipeline.~~~FlKITx/Root' '/var/folders/kk/9t23hd3d5bs5nvxqskjp11k80000gn/T/XcodeDistPipeline.~~~FlKITx/Packages/DarockBili.ipa'
2023-07-29 4:27:30 PM +0000  >>> Copying /var/folders/kk/9t23hd3d5bs5nvxqskjp11k80000gn/T/XcodeDistPipeline.~~~FlKITx/Root 
2023-07-29 4:27:30 PM +0000  copying file ./Payload/DarockBili.app/_CodeSignature/CodeResources ... 
2023-07-29 4:27:30 PM +0000  4771 bytes for ./Payload/DarockBili.app/_CodeSignature/CodeResources
copying file ./Payload/DarockBili.app/DarockBili ... 
2023-07-29 4:27:30 PM +0000  1618736 bytes for ./Payload/DarockBili.app/DarockBili
copying file ./Payload/DarockBili.app/AppIcon60x60@2x.png ... 
2023-07-29 4:27:30 PM +0000  7421 bytes for ./Payload/DarockBili.app/AppIcon60x60@2x.png
copying file ./Payload/DarockBili.app/Assets.car ... 
2023-07-29 4:27:30 PM +0000  254712 bytes for ./Payload/DarockBili.app/Assets.car
2023-07-29 4:27:30 PM +0000  copying file ./Payload/DarockBili.app/AppIcon76x76@2x~ipad.png ... 
2023-07-29 4:27:30 PM +0000  9232 bytes for ./Payload/DarockBili.app/AppIcon76x76@2x~ipad.png
2023-07-29 4:27:30 PM +0000  copying file ./Payload/DarockBili.app/Watch/DarockBili Watch App.app/_CodeSignature/CodeResources ... 
2023-07-29 4:27:30 PM +0000  2781 bytes for ./Payload/DarockBili.app/Watch/DarockBili Watch App.app/_CodeSignature/CodeResources
copying file ./Payload/DarockBili.app/Watch/DarockBili Watch App.app/DarockBili-Watch-App-Info.plist ... 
2023-07-29 4:27:30 PM +0000  172 bytes for ./Payload/DarockBili.app/Watch/DarockBili Watch App.app/DarockBili-Watch-App-Info.plist
copying file ./Payload/DarockBili.app/Watch/DarockBili Watch App.app/Assets.car ... 
2023-07-29 4:27:30 PM +0000  1231183 bytes for ./Payload/DarockBili.app/Watch/DarockBili Watch App.app/Assets.car
2023-07-29 4:27:30 PM +0000  copying file ./Payload/DarockBili.app/Watch/DarockBili Watch App.app/embedded.mobileprovision ... 
2023-07-29 4:27:30 PM +0000  14351 bytes for ./Payload/DarockBili.app/Watch/DarockBili Watch App.app/embedded.mobileprovision
2023-07-29 4:27:30 PM +0000  copying file ./Payload/DarockBili.app/Watch/DarockBili Watch App.app/Info.plist ... 
2023-07-29 4:27:30 PM +0000  1314 bytes for ./Payload/DarockBili.app/Watch/DarockBili Watch App.app/Info.plist
copying file ./Payload/DarockBili.app/Watch/DarockBili Watch App.app/DarockBili Watch App ... 
2023-07-29 4:27:30 PM +0000  15234160 bytes for ./Payload/DarockBili.app/Watch/DarockBili Watch App.app/DarockBili Watch App
2023-07-29 4:27:30 PM +0000  copying file ./Payload/DarockBili.app/Watch/DarockBili Watch App.app/PkgInfo ... 
2023-07-29 4:27:30 PM +0000  8 bytes for ./Payload/DarockBili.app/Watch/DarockBili Watch App.app/PkgInfo
2023-07-29 4:27:30 PM +0000  copying file ./Payload/DarockBili.app/embedded.mobileprovision ... 
2023-07-29 4:27:30 PM +0000  14288 bytes for ./Payload/DarockBili.app/embedded.mobileprovision
2023-07-29 4:27:30 PM +0000  copying file ./Payload/DarockBili.app/Info.plist ... 
2023-07-29 4:27:30 PM +0000  1543 bytes for ./Payload/DarockBili.app/Info.plist
2023-07-29 4:27:30 PM +0000  copying file ./Payload/DarockBili.app/PkgInfo ... 
2023-07-29 4:27:30 PM +0000  8 bytes for ./Payload/DarockBili.app/PkgInfo
2023-07-29 4:27:30 PM +0000  copying file ./Symbols/55FFEDC8-C227-3B9A-9F56-75059D939F3D.symbols ... 
2023-07-29 4:27:30 PM +0000  2626636 bytes for ./Symbols/55FFEDC8-C227-3B9A-9F56-75059D939F3D.symbols
copying file ./Symbols/7A5C9D80-A33D-3A28-823F-B15CBA487929.symbols ... 
2023-07-29 4:27:31 PM +0000  15841836 bytes for ./Symbols/7A5C9D80-A33D-3A28-823F-B15CBA487929.symbols
2023-07-29 4:27:31 PM +0000  copying file ./Symbols/66FD17BF-995B-34F7-87A7-C19868E21719.symbols ... 
2023-07-29 4:27:31 PM +0000  15932316 bytes for ./Symbols/66FD17BF-995B-34F7-87A7-C19868E21719.symbols
2023-07-29 4:27:31 PM +0000  /usr/bin/ditto exited with 0
2023-07-29 4:27:31 PM +0000  Processing step: IDEDistributionAppStoreInformationStep
2023-07-29 4:27:31 PM +0000  Skipping step: IDEDistributionAppStoreInformationStep because it said so
2023-07-29 4:27:31 PM +0000  Processing step: IDEDistributionGenerateProcessedDistributionItems
2023-07-29 4:27:31 PM +0000  IDEDistributionItem init <DVTFilePath:0x41215c250:'/var/folders/kk/9t23hd3d5bs5nvxqskjp11k80000gn/T/XcodeDistPipeline.~~~FlKITx/Root/Payload/DarockBili.app/Watch/DarockBili Watch App.app'>
2023-07-29 4:27:31 PM +0000  IDEDistributionItem init <DVTFilePath:0x2c9e8ac10:'/var/folders/kk/9t23hd3d5bs5nvxqskjp11k80000gn/T/XcodeDistPipeline.~~~FlKITx/Root/Payload/DarockBili.app'>
2023-07-29 4:27:31 PM +0000  Processing step: IDEDistributionCreateManifestStep
2023-07-29 4:27:31 PM +0000  Skipping step: IDEDistributionCreateManifestStep because it said so
