2023-07-25 5:24:39 PM +0000  Initial pipeline context: <IDEDistributionProcessingPipelineContext: 0x41ab2c850; archive(resolved)="<IDEArchive: 0x60005909a280>", distributionTask(resolved)="2", distributionDestination(resolved)="1", distributionMethod(resolved)="<IDEDistributionMethodiOSAppStoreDistribution: 0x60001f760030>", team(resolved)="<IDEProvisioningDisambiguatableBasicTeam: 0x60000ec88440; teamID='B57D8PP775', teamName='Yuxuan Chen', teamType='Individual', username='wmemz2333@163.com', isFreeProvisioningTeam='0'>">
	Chain (17, self inclusive):
	<IDEDistributionProcessingPipelineContext: 0x41ab2c850; archive = "<IDEArchive: 0x60005909a280>", distributionMethod="<IDEDistributionMethodiOSAppStoreDistribution: 0x60001f760030>", team="<IDEProvisioningDisambiguatableBasicTeam: 0x60000ec88440; teamID='B57D8PP775', teamName='Yuxuan Chen', teamType='Individual', username='wmemz2333@163.com', isFreeProvisioningTeam='0'>">
	<IDEDistributionProcessingPipelineContext: 0x42cdf6fb0; archive = "<IDEArchive: 0x60005909a280>", distributionMethod="<IDEDistributionMethodiOSAppStoreDistribution: 0x60001f760030>", team="<IDEProvisioningDisambiguatableBasicTeam: 0x60000ec88440; teamID='B57D8PP775', teamName='Yuxuan Chen', teamType='Individual', username='wmemz2333@163.com', isFreeProvisioningTeam='0'>">
	<IDEDistributionContext: 0x40f57f230; archive = "<IDEArchive: 0x60005909a280>", distributionMethod="<IDEDistributionMethodiOSAppStoreDistribution: 0x60001f760030>", team="<IDEProvisioningDisambiguatableBasicTeam: 0x60000ec88440; teamID='B57D8PP775', teamName='Yuxuan Chen', teamType='Individual', username='wmemz2333@163.com', isFreeProvisioningTeam='0'>">
	<IDEDistributionContext: 0x29f80ef60; archive = "<IDEArchive: 0x60005909a280>", distributionMethod="<IDEDistributionMethodiOSAppStoreDistribution: 0x60001f760030>", team="<IDEProvisioningDisambiguatableBasicTeam: 0x60000ec88440; teamID='B57D8PP775', teamName='Yuxuan Chen', teamType='Individual', username='wmemz2333@163.com', isFreeProvisioningTeam='0'>">
	<IDEDistributionContext: 0x42be8dc90; archive = "<IDEArchive: 0x60005909a280>", distributionMethod="<IDEDistributionMethodiOSAppStoreDistribution: 0x60001f760030>", team="<IDEProvisioningDisambiguatableBasicTeam: 0x60000ec88440; teamID='B57D8PP775', teamName='Yuxuan Chen', teamType='Individual', username='wmemz2333@163.com', isFreeProvisioningTeam='0'>">
	<IDEDistributionContext: 0x2f45f6f50; archive = "<IDEArchive: 0x60005909a280>", distributionMethod="<IDEDistributionMethodiOSAppStoreDistribution: 0x60001f760030>", team="<IDEProvisioningDisambiguatableBasicTeam: 0x60000ec88440; teamID='B57D8PP775', teamName='Yuxuan Chen', teamType='Individual', username='wmemz2333@163.com', isFreeProvisioningTeam='0'>">
	<IDEDistributionContext: 0x41ab3cee0; archive = "<IDEArchive: 0x60005909a280>", distributionMethod="<IDEDistributionMethodiOSAppStoreDistribution: 0x60001f760030>", team="<IDEProvisioningDisambiguatableBasicTeam: 0x60000ec88440; teamID='B57D8PP775', teamName='Yuxuan Chen', teamType='Individual', username='wmemz2333@163.com', isFreeProvisioningTeam='0'>">
	<IDEDistributionContext: 0x2f42811c0; archive = "<IDEArchive: 0x60005909a280>", distributionMethod="<IDEDistributionMethodiOSAppStoreDistribution: 0x60001f760030>", team="<IDEProvisioningDisambiguatableBasicTeam: 0x60000ec88440; teamID='B57D8PP775', teamName='Yuxuan Chen', teamType='Individual', username='wmemz2333@163.com', isFreeProvisioningTeam='0'>">
	<IDEDistributionContext: 0x2f42f7110; archive = "<IDEArchive: 0x60005909a280>", distributionMethod="<IDEDistributionMethodiOSAppStoreDistribution: 0x60001f760030>", team="<IDEProvisioningDisambiguatableBasicTeam: 0x60000ec88440; teamID='B57D8PP775', teamName='Yuxuan Chen', teamType='Individual', username='wmemz2333@163.com', isFreeProvisioningTeam='0'>">
	<IDEDistributionContext: 0x40ea8b250; archive = "<IDEArchive: 0x60005909a280>", distributionMethod="<IDEDistributionMethodiOSAppStoreDistribution: 0x60001f760030>", team="<IDEProvisioningDisambiguatableBasicTeam: 0x60000ec88440; teamID='B57D8PP775', teamName='Yuxuan Chen', teamType='Individual', username='wmemz2333@163.com', isFreeProvisioningTeam='0'>">
	<IDEDistributionContext: 0x40f528940; archive = "<IDEArchive: 0x60005909a280>", distributionMethod="<IDEDistributionMethodiOSAppStoreDistribution: 0x60001f760030>", team="<IDEProvisioningDisambiguatableBasicTeam: 0x60000ec88440; teamID='B57D8PP775', teamName='Yuxuan Chen', teamType='Individual', username='wmemz2333@163.com', isFreeProvisioningTeam='0'>">
	<IDEDistributionContext: 0x40f5caed0; archive = "<IDEArchive: 0x60005909a280>", distributionMethod="<IDEDistributionMethodiOSAppStoreDistribution: 0x60001f760030>", team="<IDEProvisioningDisambiguatableBasicTeam: 0x60000ec88440; teamID='B57D8PP775', teamName='Yuxuan Chen', teamType='Individual', username='wmemz2333@163.com', isFreeProvisioningTeam='0'>">
	<IDEDistributionContext: 0x42cda55c0; archive = "<IDEArchive: 0x60005909a280>", distributionMethod="<IDEDistributionMethodiOSAppStoreDistribution: 0x60001f760030>", team="<IDEProvisioningDisambiguatableBasicTeam: 0x60000ec88440; teamID='B57D8PP775', teamName='Yuxuan Chen', teamType='Individual', username='wmemz2333@163.com', isFreeProvisioningTeam='0'>">
	<IDEDistributionContext: 0x407a963a0; archive = "<IDEArchive: 0x60005909a280>", distributionMethod="<IDEDistributionMethodiOSAppStoreDistribution: 0x60001f760030>", team="(null)">
	<IDEDistributionContext: 0x2f4551df0; archive = "<IDEArchive: 0x60005909a280>", distributionMethod="<IDEDistributionMethodiOSAppStoreDistribution: 0x60001f760030>", team="(null)">
	<IDEDistributionContext: 0x29f888430; archive = "<IDEArchive: 0x60005909a280>", distributionMethod="(null)", team="(null)">
	<IDEDistributionContext: 0x29f8f1ba0; archive = "<IDEArchive: 0x60005909a280>", distributionMethod="(null)", team="(null)">
</IDEDistributionProcessingPipelineContext: 0x41ab2c850>
2023-07-25 5:24:39 PM +0000  Processing step: IDEDistributionCreateDestRootStep
2023-07-25 5:24:39 PM +0000  Processing step: IDEDistributionCopyItemStep
2023-07-25 5:24:39 PM +0000  Running /usr/bin/ditto '-V' '/Volumes/External_Data/Library/Developer/Xcode/Archives/2023-07-26/DarockBili Watch App 2023-7-26, 1.24 AM.xcarchive/Products/Applications/DarockBili.app' '/var/folders/kk/9t23hd3d5bs5nvxqskjp11k80000gn/T/XcodeDistPipeline.~~~IXrDD4/Root/Payload/DarockBili.app'
2023-07-25 5:24:39 PM +0000  >>> Copying /Volumes/External_Data/Library/Developer/Xcode/Archives/2023-07-26/DarockBili Watch App 2023-7-26, 1.24 AM.xcarchive/Products/Applications/DarockBili.app 
2023-07-25 5:24:39 PM +0000  copying file ./_CodeSignature/CodeResources ... 
2023-07-25 5:24:39 PM +0000  4771 bytes for ./_CodeSignature/CodeResources
2023-07-25 5:24:39 PM +0000  copying file ./DarockBili ... 
2023-07-25 5:24:39 PM +0000  1618112 bytes for ./DarockBili
2023-07-25 5:24:39 PM +0000  copying file ./AppIcon60x60@2x.png ... 
2023-07-25 5:24:39 PM +0000  7421 bytes for ./AppIcon60x60@2x.png
2023-07-25 5:24:39 PM +0000  copying file ./Assets.car ... 
2023-07-25 5:24:39 PM +0000  254712 bytes for ./Assets.car
2023-07-25 5:24:39 PM +0000  copying file ./AppIcon76x76@2x~ipad.png ... 
2023-07-25 5:24:39 PM +0000  9232 bytes for ./AppIcon76x76@2x~ipad.png
2023-07-25 5:24:39 PM +0000  copying file ./Watch/DarockBili Watch App.app/_CodeSignature/CodeResources ... 
2023-07-25 5:24:39 PM +0000  2781 bytes for ./Watch/DarockBili Watch App.app/_CodeSignature/CodeResources
2023-07-25 5:24:39 PM +0000  copying file ./Watch/DarockBili Watch App.app/DarockBili-Watch-App-Info.plist ... 
2023-07-25 5:24:39 PM +0000  172 bytes for ./Watch/DarockBili Watch App.app/DarockBili-Watch-App-Info.plist
2023-07-25 5:24:39 PM +0000  copying file ./Watch/DarockBili Watch App.app/Assets.car ... 
2023-07-25 5:24:39 PM +0000  1231183 bytes for ./Watch/DarockBili Watch App.app/Assets.car
2023-07-25 5:24:39 PM +0000  copying file ./Watch/DarockBili Watch App.app/embedded.mobileprovision ... 
2023-07-25 5:24:39 PM +0000  23145 bytes for ./Watch/DarockBili Watch App.app/embedded.mobileprovision
2023-07-25 5:24:39 PM +0000  copying file ./Watch/DarockBili Watch App.app/Info.plist ... 
2023-07-25 5:24:39 PM +0000  1314 bytes for ./Watch/DarockBili Watch App.app/Info.plist
2023-07-25 5:24:39 PM +0000  copying file ./Watch/DarockBili Watch App.app/DarockBili Watch App ... 
2023-07-25 5:24:39 PM +0000  8532544 bytes for ./Watch/DarockBili Watch App.app/DarockBili Watch App
2023-07-25 5:24:39 PM +0000  copying file ./Watch/DarockBili Watch App.app/PkgInfo ... 
8 bytes for ./Watch/DarockBili Watch App.app/PkgInfo
copying file ./embedded.mobileprovision ... 
23086 bytes for ./embedded.mobileprovision
copying file ./Info.plist ... 
1543 bytes for ./Info.plist
copying file ./PkgInfo ... 
8 bytes for ./PkgInfo
2023-07-25 5:24:39 PM +0000  /usr/bin/ditto exited with 0
2023-07-25 5:24:39 PM +0000  Processing step: IDEDistributionEmbedProfileStep
2023-07-25 5:24:39 PM +0000  Processing step: IDEDistributionInfoPlistStep
2023-07-25 5:24:39 PM +0000  Skipping setting DTXcodeBuildDistribution because toolsBuildVersionName was nil.
2023-07-25 5:24:39 PM +0000  Skipping setting DTXcodeBuildDistribution because toolsBuildVersionName was nil.
2023-07-25 5:24:39 PM +0000  Processing step: IDEDistributionItemRemovalStep
2023-07-25 5:24:39 PM +0000  Processing step: IDEDistributionAppThinningPlistStep
2023-07-25 5:24:39 PM +0000  Skipping step: IDEDistributionAppThinningPlistStep because it said so
2023-07-25 5:24:39 PM +0000  Processing step: IDEDistributionCompileBitcodeStep
2023-07-25 5:24:39 PM +0000  Skipping step: IDEDistributionCompileBitcodeStep because it said so
2023-07-25 5:24:39 PM +0000  Processing step: IDEDistributionCodeSlimmingStep
2023-07-25 5:24:39 PM +0000  Processing step: IDEDistributionCopyBCSymbolMapsStep
2023-07-25 5:24:39 PM +0000  Processing step: IDEDistributionSymbolsStep
2023-07-25 5:24:39 PM +0000  Processing symbols for DarockBili Watch App.app
2023-07-25 5:24:39 PM +0000  Running /usr/bin/rsync '-8aPhhE' '/var/folders/kk/9t23hd3d5bs5nvxqskjp11k80000gn/T/XcodeDistPipeline.~~~IXrDD4/Root/Payload/DarockBili.app/Watch/DarockBili Watch App.app' '--link-dest' '/var/folders/kk/9t23hd3d5bs5nvxqskjp11k80000gn/T/XcodeDistPipeline.~~~IXrDD4/Root/Payload/DarockBili.app/Watch' '/var/folders/kk/9t23hd3d5bs5nvxqskjp11k80000gn/T/XcodeDistPipeline.~~~IXrDD4'
2023-07-25 5:24:39 PM +0000  building file list ... 
2023-07-25 5:24:39 PM +0000   0 files...2023-07-25 5:24:39 PM +0000  9 files to consider
2023-07-25 5:24:39 PM +0000  DarockBili Watch App.app/
2023-07-25 5:24:39 PM +0000  DarockBili Watch App.app/_CodeSignature/
2023-07-25 5:24:39 PM +0000  
2023-07-25 5:24:39 PM +0000  sent 347 bytes  received 32 bytes  758.00 bytes/sec
total size is 9.33M  speedup is 25810.96
2023-07-25 5:24:39 PM +0000  /usr/bin/rsync exited with 0
2023-07-25 5:24:39 PM +0000  Running /usr/bin/rsync '-8aPhhE' '/Volumes/External_Data/Library/Developer/Xcode/Archives/2023-07-26/DarockBili Watch App 2023-7-26, 1.24 AM.xcarchive/dSYMs/' '--link-dest' '/Volumes/External_Data/Library/Developer/Xcode/Archives/2023-07-26/DarockBili Watch App 2023-7-26, 1.24 AM.xcarchive/dSYMs/' '/var/folders/kk/9t23hd3d5bs5nvxqskjp11k80000gn/T/XcodeDistPipeline.~~~IXrDD4'
2023-07-25 5:24:39 PM +0000  building file list ... 
2023-07-25 5:24:39 PM +0000   0 files...2023-07-25 5:24:39 PM +0000  21 files to consider
2023-07-25 5:24:39 PM +0000  ./
2023-07-25 5:24:39 PM +0000  DarockBili Watch App.app.dSYM/
DarockBili Watch App.app.dSYM/Contents/
rsync: link "/var/folders/kk/9t23hd3d5bs5nvxqskjp11k80000gn/T/XcodeDistPipeline.~~~IXrDD4/DarockBili Watch App.app.dSYM/Contents/Info.plist" => /Volumes/External_Data/Library/Developer/Xcode/Archives/2023-07-26/DarockBili Watch App 2023-7-26, 1.24 AM.xcarchive/dSYMs/DarockBili Watch App.app.dSYM/Contents/Info.plist failed: Cross-device link (18)
2023-07-25 5:24:39 PM +0000  DarockBili Watch App.app.dSYM/Contents/Info.plist
DarockBili Watch App.app.dSYM/Contents/Resources/
DarockBili Watch App.app.dSYM/Contents/Resources/DWARF/
rsync: link "/var/folders/kk/9t23hd3d5bs5nvxqskjp11k80000gn/T/XcodeDistPipeline.~~~IXrDD4/DarockBili Watch App.app.dSYM/Contents/Resources/DWARF/DarockBili Watch App" => /Volumes/External_Data/Library/Developer/Xcode/Archives/2023-07-26/DarockBili Watch App 2023-7-26, 1.24 AM.xcarchive/dSYMs/DarockBili Watch App.app.dSYM/Contents/Resources/DWARF/DarockBili Watch App failed: Cross-device link (18)
2023-07-25 5:24:39 PM +0000  DarockBili Watch App.app.dSYM/Contents/Resources/DWARF/DarockBili Watch App
DarockBili Watch App.app.dSYM/Contents/Resources/Relocations/
DarockBili Watch App.app.dSYM/Contents/Resources/Relocations/aarch64/
rsync: link "/var/folders/kk/9t23hd3d5bs5nvxqskjp11k80000gn/T/XcodeDistPipeline.~~~IXrDD4/DarockBili Watch App.app.dSYM/Contents/Resources/Relocations/aarch64/DarockBili Watch App.yml" => /Volumes/External_Data/Library/Developer/Xcode/Archives/2023-07-26/DarockBili Watch App 2023-7-26, 1.24 AM.xcarchive/dSYMs/DarockBili Watch App.app.dSYM/Contents/Resources/Relocations/aarch64/DarockBili Watch App.yml failed: Cross-device link (18)
2023-07-25 5:24:39 PM +0000  DarockBili Watch App.app.dSYM/Contents/Resources/Relocations/aarch64/DarockBili Watch App.yml
DarockBili Watch App.app.dSYM/Contents/Resources/Relocations/aarch64_32/
rsync: link "/var/folders/kk/9t23hd3d5bs5nvxqskjp11k80000gn/T/XcodeDistPipeline.~~~IXrDD4/DarockBili Watch App.app.dSYM/Contents/Resources/Relocations/aarch64_32/DarockBili Watch App.yml" => /Volumes/External_Data/Library/Developer/Xcode/Archives/2023-07-26/DarockBili Watch App 2023-7-26, 1.24 AM.xcarchive/dSYMs/DarockBili Watch App.app.dSYM/Contents/Resources/Relocations/aarch64_32/DarockBili Watch App.yml failed: Cross-device link (18)
2023-07-25 5:24:39 PM +0000  DarockBili Watch App.app.dSYM/Contents/Resources/Relocations/aarch64_32/DarockBili Watch App.yml
DarockBili.app.dSYM/
DarockBili.app.dSYM/Contents/
rsync: link "/var/folders/kk/9t23hd3d5bs5nvxqskjp11k80000gn/T/XcodeDistPipeline.~~~IXrDD4/DarockBili.app.dSYM/Contents/Info.plist" => /Volumes/External_Data/Library/Developer/Xcode/Archives/2023-07-26/DarockBili Watch App 2023-7-26, 1.24 AM.xcarchive/dSYMs/DarockBili.app.dSYM/Contents/Info.plist failed: Cross-device link (18)
2023-07-25 5:24:39 PM +0000  DarockBili.app.dSYM/Contents/Info.plist
DarockBili.app.dSYM/Contents/Resources/
DarockBili.app.dSYM/Contents/Resources/DWARF/
rsync: link "/var/folders/kk/9t23hd3d5bs5nvxqskjp11k80000gn/T/XcodeDistPipeline.~~~IXrDD4/DarockBili.app.dSYM/Contents/Resources/DWARF/DarockBili" => /Volumes/External_Data/Library/Developer/Xcode/Archives/2023-07-26/DarockBili Watch App 2023-7-26, 1.24 AM.xcarchive/dSYMs/DarockBili.app.dSYM/Contents/Resources/DWARF/DarockBili failed: Cross-device link (18)
2023-07-25 5:24:39 PM +0000  DarockBili.app.dSYM/Contents/Resources/DWARF/DarockBili
DarockBili.app.dSYM/Contents/Resources/Relocations/
2023-07-25 5:24:39 PM +0000  DarockBili.app.dSYM/Contents/Resources/Relocations/aarch64/
rsync: link "/var/folders/kk/9t23hd3d5bs5nvxqskjp11k80000gn/T/XcodeDistPipeline.~~~IXrDD4/DarockBili.app.dSYM/Contents/Resources/Relocations/aarch64/DarockBili.yml" => /Volumes/External_Data/Library/Developer/Xcode/Archives/2023-07-26/DarockBili Watch App 2023-7-26, 1.24 AM.xcarchive/dSYMs/DarockBili.app.dSYM/Contents/Resources/Relocations/aarch64/DarockBili.yml failed: Cross-device link (18)
2023-07-25 5:24:39 PM +0000  DarockBili.app.dSYM/Contents/Resources/Relocations/aarch64/DarockBili.yml
2023-07-25 5:24:39 PM +0000  
2023-07-25 5:24:39 PM +0000  sent 747 bytes  received 146 bytes  1.74K bytes/sec
total size is 56.09M  speedup is 65864.93
2023-07-25 5:24:39 PM +0000  /usr/bin/rsync exited with 0
2023-07-25 5:24:40 PM +0000  Writing /var/folders/kk/9t23hd3d5bs5nvxqskjp11k80000gn/T/XcodeDistPipeline.~~~IXrDD4/Symbols/80EE8D6B-595E-3836-A02B-5C0E03048A21.symbols
2023-07-25 5:24:40 PM +0000  Writing /var/folders/kk/9t23hd3d5bs5nvxqskjp11k80000gn/T/XcodeDistPipeline.~~~IXrDD4/Symbols/9DE142C8-D1BE-35A0-AA17-496A33610E15.symbols
2023-07-25 5:24:40 PM +0000  Processing symbols for DarockBili.app
2023-07-25 5:24:40 PM +0000  Running /usr/bin/rsync '-8aPhhE' '/var/folders/kk/9t23hd3d5bs5nvxqskjp11k80000gn/T/XcodeDistPipeline.~~~IXrDD4/Root/Payload/DarockBili.app' '--link-dest' '/var/folders/kk/9t23hd3d5bs5nvxqskjp11k80000gn/T/XcodeDistPipeline.~~~IXrDD4/Root/Payload' '/var/folders/kk/9t23hd3d5bs5nvxqskjp11k80000gn/T/XcodeDistPipeline.~~~IXrDD4'
2023-07-25 5:24:40 PM +0000  building file list ... 
2023-07-25 5:24:40 PM +0000   0 files...2023-07-25 5:24:40 PM +0000  20 files to consider
2023-07-25 5:24:40 PM +0000  DarockBili.app/
2023-07-25 5:24:40 PM +0000  DarockBili.app/Watch/
DarockBili.app/Watch/DarockBili Watch App.app/
DarockBili.app/Watch/DarockBili Watch App.app/_CodeSignature/
2023-07-25 5:24:40 PM +0000  DarockBili.app/_CodeSignature/
2023-07-25 5:24:40 PM +0000  
2023-07-25 5:24:40 PM +0000  sent 675 bytes  received 50 bytes  1.42K bytes/sec
total size is 11.15M  speedup is 16127.50
2023-07-25 5:24:40 PM +0000  /usr/bin/rsync exited with 0
2023-07-25 5:24:40 PM +0000  Running /usr/bin/rsync '-8aPhhE' '/Volumes/External_Data/Library/Developer/Xcode/Archives/2023-07-26/DarockBili Watch App 2023-7-26, 1.24 AM.xcarchive/dSYMs/' '--link-dest' '/Volumes/External_Data/Library/Developer/Xcode/Archives/2023-07-26/DarockBili Watch App 2023-7-26, 1.24 AM.xcarchive/dSYMs/' '/var/folders/kk/9t23hd3d5bs5nvxqskjp11k80000gn/T/XcodeDistPipeline.~~~IXrDD4'
2023-07-25 5:24:40 PM +0000  building file list ... 
2023-07-25 5:24:40 PM +0000   0 files...2023-07-25 5:24:40 PM +0000  21 files to consider
2023-07-25 5:24:40 PM +0000  ./
2023-07-25 5:24:40 PM +0000  DarockBili Watch App.app.dSYM/
DarockBili Watch App.app.dSYM/Contents/
2023-07-25 5:24:40 PM +0000  DarockBili Watch App.app.dSYM/Contents/Resources/
DarockBili Watch App.app.dSYM/Contents/Resources/DWARF/
DarockBili Watch App.app.dSYM/Contents/Resources/Relocations/
DarockBili Watch App.app.dSYM/Contents/Resources/Relocations/aarch64/
DarockBili Watch App.app.dSYM/Contents/Resources/Relocations/aarch64_32/
DarockBili.app.dSYM/
DarockBili.app.dSYM/Contents/
DarockBili.app.dSYM/Contents/Resources/
DarockBili.app.dSYM/Contents/Resources/DWARF/
DarockBili.app.dSYM/Contents/Resources/Relocations/
DarockBili.app.dSYM/Contents/Resources/Relocations/aarch64/
2023-07-25 5:24:40 PM +0000  
2023-07-25 5:24:40 PM +0000  sent 747 bytes  received 146 bytes  1.74K bytes/sec
total size is 56.09M  speedup is 65864.93
2023-07-25 5:24:40 PM +0000  /usr/bin/rsync exited with 0
2023-07-25 5:24:40 PM +0000  Writing /var/folders/kk/9t23hd3d5bs5nvxqskjp11k80000gn/T/XcodeDistPipeline.~~~IXrDD4/Symbols/258BC797-BA52-3398-BBFA-47D8ADAE9709.symbols
2023-07-25 5:24:40 PM +0000  Processing step: IDEDistributionCopyAppleProvidedContentStep
2023-07-25 5:24:40 PM +0000  Processing step: IDEDistributionAppThinningStep
2023-07-25 5:24:40 PM +0000  Skipping step: IDEDistributionAppThinningStep because it said so
2023-07-25 5:24:40 PM +0000  Processing step: IDEDistributionArchThinningStep
2023-07-25 5:24:40 PM +0000  Running /Volumes/External_Data/Applications/Xcode-beta.app/Contents/Developer/Toolchains/XcodeDefault.xctoolchain/usr/bin/lipo '/var/folders/kk/9t23hd3d5bs5nvxqskjp11k80000gn/T/XcodeDistPipeline.~~~IXrDD4/Root/Payload/DarockBili.app/Watch/DarockBili Watch App.app/DarockBili Watch App' '-verify_arch' 'arm64e'
2023-07-25 5:24:40 PM +0000  /Volumes/External_Data/Applications/Xcode-beta.app/Contents/Developer/Toolchains/XcodeDefault.xctoolchain/usr/bin/lipo exited with 1
2023-07-25 5:24:40 PM +0000  Skipping architecture thinning for item "DarockBili Watch App" because arch "arm64e" wasn't found
2023-07-25 5:24:40 PM +0000  Running /Volumes/External_Data/Applications/Xcode-beta.app/Contents/Developer/Toolchains/XcodeDefault.xctoolchain/usr/bin/lipo '/var/folders/kk/9t23hd3d5bs5nvxqskjp11k80000gn/T/XcodeDistPipeline.~~~IXrDD4/Root/Payload/DarockBili.app/DarockBili' '-verify_arch' 'arm64e'
2023-07-25 5:24:40 PM +0000  /Volumes/External_Data/Applications/Xcode-beta.app/Contents/Developer/Toolchains/XcodeDefault.xctoolchain/usr/bin/lipo exited with 1
2023-07-25 5:24:40 PM +0000  Skipping architecture thinning for item "DarockBili" because arch "arm64e" wasn't found
2023-07-25 5:24:40 PM +0000  Processing step: IDEDistributionODRStep
2023-07-25 5:24:40 PM +0000  Processing step: IDEDistributionStripXattrsStep
2023-07-25 5:24:40 PM +0000  Skipping stripping extended attributes because the codesign step will strip them.
2023-07-25 5:24:40 PM +0000  Skipping stripping extended attributes because the codesign step will strip them.
2023-07-25 5:24:40 PM +0000  Processing step: IDEDistributionCodesignStep
2023-07-25 5:24:40 PM +0000  Entitlements for <IDEDistributionItem: 0x60005911e040; bundleID='com.darock.DarockBili.watchkitapp', path='<DVTFilePath:0x600021b67d80:'/Volumes/External_Data/Library/Developer/Xcode/Archives/2023-07-26/DarockBili Watch App 2023-7-26, 1.24 AM.xcarchive/Products/Applications/DarockBili.app/Watch/DarockBili Watch App.app'>', codeSigningInfo='<_DVTCodeSigningInformation_Path: 0x6000913a42d0; isSigned='1', isAdHocSigned='0', signingCertificate='<DVTSigningCertificate: 0x600020050000; name='Apple Development: Yuxuan Chen (8CZ4JT4F3M)', hash='F3CC7C5393F1D4573709565D3C6A3BB5F3B592E0', serialNumber='50F32C2425DE0283D6361457F4C77FA6', certificateKinds='(
    "1.2.840.113635.100.6.1.12",
    "1.2.840.113635.100.6.1.2"
), issueDate='2023-04-26 11:27:46 AM +0000''>', entitlements='{
    "application-identifier" = "B57D8PP775.com.darock.DarockBili.watchkitapp";
    "com.apple.developer.team-identifier" = B57D8PP775;
    "get-task-allow" = 1;
}', teamID='B57D8PP775', identifier='com.darock.DarockBili.watchkitapp', executablePath='<DVTFilePath:0x6000a5d1bf70:'/Volumes/External_Data/Library/Developer/Xcode/Archives/2023-07-26/DarockBili Watch App 2023-7-26, 1.24 AM.xcarchive/Products/Applications/DarockBili.app/Watch/DarockBili Watch App.app/DarockBili Watch App'>', hardenedRuntime='0'>'>: {
    "application-identifier" = "B57D8PP775.com.darock.DarockBili.watchkitapp";
    "beta-reports-active" = 1;
    "com.apple.developer.team-identifier" = B57D8PP775;
    "get-task-allow" = 0;
}
2023-07-25 5:24:40 PM +0000  Entitlements for <IDEDistributionItem: 0x60005911e040; bundleID='com.darock.DarockBili.watchkitapp', path='<DVTFilePath:0x600021b67d80:'/Volumes/External_Data/Library/Developer/Xcode/Archives/2023-07-26/DarockBili Watch App 2023-7-26, 1.24 AM.xcarchive/Products/Applications/DarockBili.app/Watch/DarockBili Watch App.app'>', codeSigningInfo='<_DVTCodeSigningInformation_Path: 0x6000913a42d0; isSigned='1', isAdHocSigned='0', signingCertificate='<DVTSigningCertificate: 0x60001c03c540; name='Apple Development: Yuxuan Chen (8CZ4JT4F3M)', hash='F3CC7C5393F1D4573709565D3C6A3BB5F3B592E0', serialNumber='50F32C2425DE0283D6361457F4C77FA6', certificateKinds='(
    "1.2.840.113635.100.6.1.12",
    "1.2.840.113635.100.6.1.2"
), issueDate='2023-04-26 11:27:46 AM +0000''>', entitlements='{
    "application-identifier" = "B57D8PP775.com.darock.DarockBili.watchkitapp";
    "com.apple.developer.team-identifier" = B57D8PP775;
    "get-task-allow" = 1;
}', teamID='B57D8PP775', identifier='com.darock.DarockBili.watchkitapp', executablePath='<DVTFilePath:0x6000a5d1bf70:'/Volumes/External_Data/Library/Developer/Xcode/Archives/2023-07-26/DarockBili Watch App 2023-7-26, 1.24 AM.xcarchive/Products/Applications/DarockBili.app/Watch/DarockBili Watch App.app/DarockBili Watch App'>', hardenedRuntime='0'>'> are: {
    "application-identifier" = "B57D8PP775.com.darock.DarockBili.watchkitapp";
    "beta-reports-active" = 1;
    "com.apple.developer.team-identifier" = B57D8PP775;
    "get-task-allow" = 0;
}
2023-07-25 5:24:40 PM +0000  Writing entitlements for <IDEDistributionItem: 0x60005911e040; bundleID='com.darock.DarockBili.watchkitapp', path='<DVTFilePath:0x600021b67d80:'/Volumes/External_Data/Library/Developer/Xcode/Archives/2023-07-26/DarockBili Watch App 2023-7-26, 1.24 AM.xcarchive/Products/Applications/DarockBili.app/Watch/DarockBili Watch App.app'>', codeSigningInfo='<_DVTCodeSigningInformation_Path: 0x6000913a42d0; isSigned='1', isAdHocSigned='0', signingCertificate='<DVTSigningCertificate: 0x60001c03f3c0; name='Apple Development: Yuxuan Chen (8CZ4JT4F3M)', hash='F3CC7C5393F1D4573709565D3C6A3BB5F3B592E0', serialNumber='50F32C2425DE0283D6361457F4C77FA6', certificateKinds='(
    "1.2.840.113635.100.6.1.12",
    "1.2.840.113635.100.6.1.2"
), issueDate='2023-04-26 11:27:46 AM +0000''>', entitlements='{
    "application-identifier" = "B57D8PP775.com.darock.DarockBili.watchkitapp";
    "com.apple.developer.team-identifier" = B57D8PP775;
    "get-task-allow" = 1;
}', teamID='B57D8PP775', identifier='com.darock.DarockBili.watchkitapp', executablePath='<DVTFilePath:0x6000a5d1bf70:'/Volumes/External_Data/Library/Developer/Xcode/Archives/2023-07-26/DarockBili Watch App 2023-7-26, 1.24 AM.xcarchive/Products/Applications/DarockBili.app/Watch/DarockBili Watch App.app/DarockBili Watch App'>', hardenedRuntime='0'>'> to: /var/folders/kk/9t23hd3d5bs5nvxqskjp11k80000gn/T/XcodeDistPipeline.~~~IXrDD4/entitlements~~~Q5FsXn
2023-07-25 5:24:40 PM +0000  Running /usr/bin/codesign '-vvv' '--force' '--sign' 'B349DA973F4C7F074ED5DF70921D36FD9F869CF4' '--entitlements' '/var/folders/kk/9t23hd3d5bs5nvxqskjp11k80000gn/T/XcodeDistPipeline.~~~IXrDD4/entitlements~~~Q5FsXn' '--generate-entitlement-der' '--preserve-metadata=identifier,flags,runtime' '/var/folders/kk/9t23hd3d5bs5nvxqskjp11k80000gn/T/XcodeDistPipeline.~~~IXrDD4/Root/Payload/DarockBili.app/Watch/DarockBili Watch App.app'
2023-07-25 5:24:40 PM +0000  /var/folders/kk/9t23hd3d5bs5nvxqskjp11k80000gn/T/XcodeDistPipeline.~~~IXrDD4/Root/Payload/DarockBili.app/Watch/DarockBili Watch App.app: replacing existing signature
2023-07-25 5:24:40 PM +0000  /var/folders/kk/9t23hd3d5bs5nvxqskjp11k80000gn/T/XcodeDistPipeline.~~~IXrDD4/Root/Payload/DarockBili.app/Watch/DarockBili Watch App.app: signed app bundle with Mach-O universal (arm64 arm64_32) [com.darock.DarockBili.watchkitapp]
2023-07-25 5:24:40 PM +0000  /usr/bin/codesign exited with 0
2023-07-25 5:24:40 PM +0000  Entitlements for <IDEDistributionItem: 0x600059118c60; bundleID='com.darock.DarockBili', path='<DVTFilePath:0x6000a1cef100:'/Volumes/External_Data/Library/Developer/Xcode/Archives/2023-07-26/DarockBili Watch App 2023-7-26, 1.24 AM.xcarchive/Products/Applications/DarockBili.app'>', codeSigningInfo='<_DVTCodeSigningInformation_Path: 0x6000853660d0; isSigned='1', isAdHocSigned='0', signingCertificate='<DVTSigningCertificate: 0x600018f2cb40; name='Apple Development: Yuxuan Chen (8CZ4JT4F3M)', hash='F3CC7C5393F1D4573709565D3C6A3BB5F3B592E0', serialNumber='50F32C2425DE0283D6361457F4C77FA6', certificateKinds='(
    "1.2.840.113635.100.6.1.12",
    "1.2.840.113635.100.6.1.2"
), issueDate='2023-04-26 11:27:46 AM +0000''>', entitlements='{
    "application-identifier" = "B57D8PP775.com.darock.DarockBili";
    "com.apple.developer.team-identifier" = B57D8PP775;
    "get-task-allow" = 1;
}', teamID='B57D8PP775', identifier='com.darock.DarockBili', executablePath='<DVTFilePath:0x6000a5e939c0:'/Volumes/External_Data/Library/Developer/Xcode/Archives/2023-07-26/DarockBili Watch App 2023-7-26, 1.24 AM.xcarchive/Products/Applications/DarockBili.app/DarockBili'>', hardenedRuntime='0'>'>: {
    "application-identifier" = "B57D8PP775.com.darock.DarockBili";
    "beta-reports-active" = 1;
    "com.apple.developer.team-identifier" = B57D8PP775;
    "get-task-allow" = 0;
}
2023-07-25 5:24:40 PM +0000  Entitlements for <IDEDistributionItem: 0x600059118c60; bundleID='com.darock.DarockBili', path='<DVTFilePath:0x6000a1cef100:'/Volumes/External_Data/Library/Developer/Xcode/Archives/2023-07-26/DarockBili Watch App 2023-7-26, 1.24 AM.xcarchive/Products/Applications/DarockBili.app'>', codeSigningInfo='<_DVTCodeSigningInformation_Path: 0x6000853660d0; isSigned='1', isAdHocSigned='0', signingCertificate='<DVTSigningCertificate: 0x600020085080; name='Apple Development: Yuxuan Chen (8CZ4JT4F3M)', hash='F3CC7C5393F1D4573709565D3C6A3BB5F3B592E0', serialNumber='50F32C2425DE0283D6361457F4C77FA6', certificateKinds='(
    "1.2.840.113635.100.6.1.12",
    "1.2.840.113635.100.6.1.2"
), issueDate='2023-04-26 11:27:46 AM +0000''>', entitlements='{
    "application-identifier" = "B57D8PP775.com.darock.DarockBili";
    "com.apple.developer.team-identifier" = B57D8PP775;
    "get-task-allow" = 1;
}', teamID='B57D8PP775', identifier='com.darock.DarockBili', executablePath='<DVTFilePath:0x6000a5e939c0:'/Volumes/External_Data/Library/Developer/Xcode/Archives/2023-07-26/DarockBili Watch App 2023-7-26, 1.24 AM.xcarchive/Products/Applications/DarockBili.app/DarockBili'>', hardenedRuntime='0'>'> are: {
    "application-identifier" = "B57D8PP775.com.darock.DarockBili";
    "beta-reports-active" = 1;
    "com.apple.developer.team-identifier" = B57D8PP775;
    "get-task-allow" = 0;
}
2023-07-25 5:24:40 PM +0000  Writing entitlements for <IDEDistributionItem: 0x600059118c60; bundleID='com.darock.DarockBili', path='<DVTFilePath:0x6000a1cef100:'/Volumes/External_Data/Library/Developer/Xcode/Archives/2023-07-26/DarockBili Watch App 2023-7-26, 1.24 AM.xcarchive/Products/Applications/DarockBili.app'>', codeSigningInfo='<_DVTCodeSigningInformation_Path: 0x6000853660d0; isSigned='1', isAdHocSigned='0', signingCertificate='<DVTSigningCertificate: 0x600020050000; name='Apple Development: Yuxuan Chen (8CZ4JT4F3M)', hash='F3CC7C5393F1D4573709565D3C6A3BB5F3B592E0', serialNumber='50F32C2425DE0283D6361457F4C77FA6', certificateKinds='(
    "1.2.840.113635.100.6.1.12",
    "1.2.840.113635.100.6.1.2"
), issueDate='2023-04-26 11:27:46 AM +0000''>', entitlements='{
    "application-identifier" = "B57D8PP775.com.darock.DarockBili";
    "com.apple.developer.team-identifier" = B57D8PP775;
    "get-task-allow" = 1;
}', teamID='B57D8PP775', identifier='com.darock.DarockBili', executablePath='<DVTFilePath:0x6000a5e939c0:'/Volumes/External_Data/Library/Developer/Xcode/Archives/2023-07-26/DarockBili Watch App 2023-7-26, 1.24 AM.xcarchive/Products/Applications/DarockBili.app/DarockBili'>', hardenedRuntime='0'>'> to: /var/folders/kk/9t23hd3d5bs5nvxqskjp11k80000gn/T/XcodeDistPipeline.~~~IXrDD4/entitlements~~~9PGSRV
2023-07-25 5:24:40 PM +0000  Running /usr/bin/codesign '-vvv' '--force' '--sign' 'B349DA973F4C7F074ED5DF70921D36FD9F869CF4' '--entitlements' '/var/folders/kk/9t23hd3d5bs5nvxqskjp11k80000gn/T/XcodeDistPipeline.~~~IXrDD4/entitlements~~~9PGSRV' '--generate-entitlement-der' '--preserve-metadata=identifier,flags,runtime' '/var/folders/kk/9t23hd3d5bs5nvxqskjp11k80000gn/T/XcodeDistPipeline.~~~IXrDD4/Root/Payload/DarockBili.app'
2023-07-25 5:24:40 PM +0000  /var/folders/kk/9t23hd3d5bs5nvxqskjp11k80000gn/T/XcodeDistPipeline.~~~IXrDD4/Root/Payload/DarockBili.app: replacing existing signature
2023-07-25 5:24:40 PM +0000  /var/folders/kk/9t23hd3d5bs5nvxqskjp11k80000gn/T/XcodeDistPipeline.~~~IXrDD4/Root/Payload/DarockBili.app: signed app bundle with Mach-O thin (arm64) [com.darock.DarockBili]
2023-07-25 5:24:40 PM +0000  /usr/bin/codesign exited with 0
2023-07-25 5:24:40 PM +0000  Processing step: IDEDistributionZipODRItemStep
2023-07-25 5:24:40 PM +0000  Skipping step: IDEDistributionZipODRItemStep because it said so
2023-07-25 5:24:40 PM +0000  Skipping step: IDEDistributionZipODRItemStep because it said so
2023-07-25 5:24:40 PM +0000  Processing step: IDEDistributionCreateIPAStep
2023-07-25 5:24:40 PM +0000  Running /usr/bin/rsync '-8aPhhE' '/var/folders/kk/9t23hd3d5bs5nvxqskjp11k80000gn/T/XcodeDistPipeline.~~~IXrDD4/Symbols' '--link-dest' '/var/folders/kk/9t23hd3d5bs5nvxqskjp11k80000gn/T/XcodeDistPipeline.~~~IXrDD4' '/var/folders/kk/9t23hd3d5bs5nvxqskjp11k80000gn/T/XcodeDistPipeline.~~~IXrDD4/Root'
2023-07-25 5:24:40 PM +0000  building file list ... 
2023-07-25 5:24:40 PM +0000   0 files...2023-07-25 5:24:40 PM +0000  4 files to consider
2023-07-25 5:24:40 PM +0000  Symbols/
2023-07-25 5:24:40 PM +0000  
2023-07-25 5:24:40 PM +0000  sent 252 bytes  received 26 bytes  556.00 bytes/sec
total size is 20.24M  speedup is 76329.11
2023-07-25 5:24:40 PM +0000  /usr/bin/rsync exited with 0
2023-07-25 5:24:40 PM +0000  Running /usr/bin/ditto '-V' '-c' '-k' '--norsrc' '/var/folders/kk/9t23hd3d5bs5nvxqskjp11k80000gn/T/XcodeDistPipeline.~~~IXrDD4/Root' '/var/folders/kk/9t23hd3d5bs5nvxqskjp11k80000gn/T/XcodeDistPipeline.~~~IXrDD4/Packages/DarockBili.ipa'
2023-07-25 5:24:40 PM +0000  >>> Copying /var/folders/kk/9t23hd3d5bs5nvxqskjp11k80000gn/T/XcodeDistPipeline.~~~IXrDD4/Root 
2023-07-25 5:24:40 PM +0000  copying file ./Payload/DarockBili.app/_CodeSignature/CodeResources ... 
2023-07-25 5:24:40 PM +0000  4771 bytes for ./Payload/DarockBili.app/_CodeSignature/CodeResources
2023-07-25 5:24:40 PM +0000  copying file ./Payload/DarockBili.app/DarockBili ... 
2023-07-25 5:24:40 PM +0000  1618192 bytes for ./Payload/DarockBili.app/DarockBili
2023-07-25 5:24:40 PM +0000  copying file ./Payload/DarockBili.app/AppIcon60x60@2x.png ... 
2023-07-25 5:24:40 PM +0000  7421 bytes for ./Payload/DarockBili.app/AppIcon60x60@2x.png
2023-07-25 5:24:40 PM +0000  copying file ./Payload/DarockBili.app/Assets.car ... 
2023-07-25 5:24:40 PM +0000  254712 bytes for ./Payload/DarockBili.app/Assets.car
2023-07-25 5:24:40 PM +0000  copying file ./Payload/DarockBili.app/AppIcon76x76@2x~ipad.png ... 
2023-07-25 5:24:40 PM +0000  9232 bytes for ./Payload/DarockBili.app/AppIcon76x76@2x~ipad.png
2023-07-25 5:24:40 PM +0000  copying file ./Payload/DarockBili.app/Watch/DarockBili Watch App.app/_CodeSignature/CodeResources ... 
2023-07-25 5:24:40 PM +0000  2781 bytes for ./Payload/DarockBili.app/Watch/DarockBili Watch App.app/_CodeSignature/CodeResources
2023-07-25 5:24:40 PM +0000  copying file ./Payload/DarockBili.app/Watch/DarockBili Watch App.app/DarockBili-Watch-App-Info.plist ... 
2023-07-25 5:24:40 PM +0000  172 bytes for ./Payload/DarockBili.app/Watch/DarockBili Watch App.app/DarockBili-Watch-App-Info.plist
2023-07-25 5:24:40 PM +0000  copying file ./Payload/DarockBili.app/Watch/DarockBili Watch App.app/Assets.car ... 
2023-07-25 5:24:40 PM +0000  1231183 bytes for ./Payload/DarockBili.app/Watch/DarockBili Watch App.app/Assets.car
2023-07-25 5:24:40 PM +0000  copying file ./Payload/DarockBili.app/Watch/DarockBili Watch App.app/embedded.mobileprovision ... 
2023-07-25 5:24:40 PM +0000  14351 bytes for ./Payload/DarockBili.app/Watch/DarockBili Watch App.app/embedded.mobileprovision
2023-07-25 5:24:40 PM +0000  copying file ./Payload/DarockBili.app/Watch/DarockBili Watch App.app/Info.plist ... 
2023-07-25 5:24:40 PM +0000  1314 bytes for ./Payload/DarockBili.app/Watch/DarockBili Watch App.app/Info.plist
2023-07-25 5:24:40 PM +0000  copying file ./Payload/DarockBili.app/Watch/DarockBili Watch App.app/DarockBili Watch App ... 
2023-07-25 5:24:41 PM +0000  8532608 bytes for ./Payload/DarockBili.app/Watch/DarockBili Watch App.app/DarockBili Watch App
2023-07-25 5:24:41 PM +0000  copying file ./Payload/DarockBili.app/Watch/DarockBili Watch App.app/PkgInfo ... 
2023-07-25 5:24:41 PM +0000  8 bytes for ./Payload/DarockBili.app/Watch/DarockBili Watch App.app/PkgInfo
2023-07-25 5:24:41 PM +0000  copying file ./Payload/DarockBili.app/embedded.mobileprovision ... 
2023-07-25 5:24:41 PM +0000  14288 bytes for ./Payload/DarockBili.app/embedded.mobileprovision
2023-07-25 5:24:41 PM +0000  copying file ./Payload/DarockBili.app/Info.plist ... 
2023-07-25 5:24:41 PM +0000  1543 bytes for ./Payload/DarockBili.app/Info.plist
2023-07-25 5:24:41 PM +0000  copying file ./Payload/DarockBili.app/PkgInfo ... 
2023-07-25 5:24:41 PM +0000  8 bytes for ./Payload/DarockBili.app/PkgInfo
2023-07-25 5:24:41 PM +0000  copying file ./Symbols/80EE8D6B-595E-3836-A02B-5C0E03048A21.symbols ... 
2023-07-25 5:24:41 PM +0000  9406348 bytes for ./Symbols/80EE8D6B-595E-3836-A02B-5C0E03048A21.symbols
2023-07-25 5:24:41 PM +0000  copying file ./Symbols/9DE142C8-D1BE-35A0-AA17-496A33610E15.symbols ... 
2023-07-25 5:24:41 PM +0000  9195036 bytes for ./Symbols/9DE142C8-D1BE-35A0-AA17-496A33610E15.symbols
2023-07-25 5:24:41 PM +0000  copying file ./Symbols/258BC797-BA52-3398-BBFA-47D8ADAE9709.symbols ... 
2023-07-25 5:24:41 PM +0000  2618108 bytes for ./Symbols/258BC797-BA52-3398-BBFA-47D8ADAE9709.symbols
2023-07-25 5:24:41 PM +0000  /usr/bin/ditto exited with 0
2023-07-25 5:24:41 PM +0000  Processing step: IDEDistributionAppStoreInformationStep
2023-07-25 5:24:41 PM +0000  Skipping step: IDEDistributionAppStoreInformationStep because it said so
2023-07-25 5:24:41 PM +0000  Processing step: IDEDistributionGenerateProcessedDistributionItems
2023-07-25 5:24:41 PM +0000  IDEDistributionItem init <DVTFilePath:0x600019ba3200:'/var/folders/kk/9t23hd3d5bs5nvxqskjp11k80000gn/T/XcodeDistPipeline.~~~IXrDD4/Root/Payload/DarockBili.app/Watch/DarockBili Watch App.app'>
2023-07-25 5:24:41 PM +0000  IDEDistributionItem init <DVTFilePath:0x6000a5ec5ea0:'/var/folders/kk/9t23hd3d5bs5nvxqskjp11k80000gn/T/XcodeDistPipeline.~~~IXrDD4/Root/Payload/DarockBili.app'>
2023-07-25 5:24:41 PM +0000  Processing step: IDEDistributionCreateManifestStep
2023-07-25 5:24:41 PM +0000  Skipping step: IDEDistributionCreateManifestStep because it said so
