2023-07-28 2:05:21 PM +0000  Initial pipeline context: <IDEDistributionProcessingPipelineContext: 0x2f8f38750; archive(resolved)="<IDEArchive: 0x2ef8c0c00>", distributionTask(resolved)="2", distributionDestination(resolved)="1", distributionMethod(resolved)="<IDEDistributionMethodiOSAppStoreDistribution: 0x2ea3e9d80>", team(resolved)="<IDEProvisioningDisambiguatableBasicTeam: 0x172883f30; teamID='B57D8PP775', teamName='Yuxuan Chen', teamType='Individual', username='wmemz2333@163.com', isFreeProvisioningTeam='0'>">
	Chain (17, self inclusive):
	<IDEDistributionProcessingPipelineContext: 0x2f8f38750; archive = "<IDEArchive: 0x2ef8c0c00>", distributionMethod="<IDEDistributionMethodiOSAppStoreDistribution: 0x2ea3e9d80>", team="<IDEProvisioningDisambiguatableBasicTeam: 0x172883f30; teamID='B57D8PP775', teamName='Yuxuan Chen', teamType='Individual', username='wmemz2333@163.com', isFreeProvisioningTeam='0'>">
	<IDEDistributionProcessingPipelineContext: 0x2f8f384b0; archive = "<IDEArchive: 0x2ef8c0c00>", distributionMethod="<IDEDistributionMethodiOSAppStoreDistribution: 0x2ea3e9d80>", team="<IDEProvisioningDisambiguatableBasicTeam: 0x172883f30; teamID='B57D8PP775', teamName='Yuxuan Chen', teamType='Individual', username='wmemz2333@163.com', isFreeProvisioningTeam='0'>">
	<IDEDistributionContext: 0x2f8ed19b0; archive = "<IDEArchive: 0x2ef8c0c00>", distributionMethod="<IDEDistributionMethodiOSAppStoreDistribution: 0x2ea3e9d80>", team="<IDEProvisioningDisambiguatableBasicTeam: 0x172883f30; teamID='B57D8PP775', teamName='Yuxuan Chen', teamType='Individual', username='wmemz2333@163.com', isFreeProvisioningTeam='0'>">
	<IDEDistributionContext: 0x2f7fd45f0; archive = "<IDEArchive: 0x2ef8c0c00>", distributionMethod="<IDEDistributionMethodiOSAppStoreDistribution: 0x2ea3e9d80>", team="<IDEProvisioningDisambiguatableBasicTeam: 0x172883f30; teamID='B57D8PP775', teamName='Yuxuan Chen', teamType='Individual', username='wmemz2333@163.com', isFreeProvisioningTeam='0'>">
	<IDEDistributionContext: 0x2f845c7e0; archive = "<IDEArchive: 0x2ef8c0c00>", distributionMethod="<IDEDistributionMethodiOSAppStoreDistribution: 0x2ea3e9d80>", team="<IDEProvisioningDisambiguatableBasicTeam: 0x172883f30; teamID='B57D8PP775', teamName='Yuxuan Chen', teamType='Individual', username='wmemz2333@163.com', isFreeProvisioningTeam='0'>">
	<IDEDistributionContext: 0x2f7f26e90; archive = "<IDEArchive: 0x2ef8c0c00>", distributionMethod="<IDEDistributionMethodiOSAppStoreDistribution: 0x2ea3e9d80>", team="<IDEProvisioningDisambiguatableBasicTeam: 0x172883f30; teamID='B57D8PP775', teamName='Yuxuan Chen', teamType='Individual', username='wmemz2333@163.com', isFreeProvisioningTeam='0'>">
	<IDEDistributionContext: 0x2f8f0d320; archive = "<IDEArchive: 0x2ef8c0c00>", distributionMethod="<IDEDistributionMethodiOSAppStoreDistribution: 0x2ea3e9d80>", team="<IDEProvisioningDisambiguatableBasicTeam: 0x172883f30; teamID='B57D8PP775', teamName='Yuxuan Chen', teamType='Individual', username='wmemz2333@163.com', isFreeProvisioningTeam='0'>">
	<IDEDistributionContext: 0x2f9c0a5c0; archive = "<IDEArchive: 0x2ef8c0c00>", distributionMethod="<IDEDistributionMethodiOSAppStoreDistribution: 0x2ea3e9d80>", team="<IDEProvisioningDisambiguatableBasicTeam: 0x172883f30; teamID='B57D8PP775', teamName='Yuxuan Chen', teamType='Individual', username='wmemz2333@163.com', isFreeProvisioningTeam='0'>">
	<IDEDistributionContext: 0x2f9caf980; archive = "<IDEArchive: 0x2ef8c0c00>", distributionMethod="<IDEDistributionMethodiOSAppStoreDistribution: 0x2ea3e9d80>", team="<IDEProvisioningDisambiguatableBasicTeam: 0x172883f30; teamID='B57D8PP775', teamName='Yuxuan Chen', teamType='Individual', username='wmemz2333@163.com', isFreeProvisioningTeam='0'>">
	<IDEDistributionContext: 0x2f9c62950; archive = "<IDEArchive: 0x2ef8c0c00>", distributionMethod="<IDEDistributionMethodiOSAppStoreDistribution: 0x2ea3e9d80>", team="<IDEProvisioningDisambiguatableBasicTeam: 0x172883f30; teamID='B57D8PP775', teamName='Yuxuan Chen', teamType='Individual', username='wmemz2333@163.com', isFreeProvisioningTeam='0'>">
	<IDEDistributionContext: 0x2f84a36c0; archive = "<IDEArchive: 0x2ef8c0c00>", distributionMethod="<IDEDistributionMethodiOSAppStoreDistribution: 0x2ea3e9d80>", team="<IDEProvisioningDisambiguatableBasicTeam: 0x172883f30; teamID='B57D8PP775', teamName='Yuxuan Chen', teamType='Individual', username='wmemz2333@163.com', isFreeProvisioningTeam='0'>">
	<IDEDistributionContext: 0x2f1b34cf0; archive = "<IDEArchive: 0x2ef8c0c00>", distributionMethod="<IDEDistributionMethodiOSAppStoreDistribution: 0x2ea3e9d80>", team="<IDEProvisioningDisambiguatableBasicTeam: 0x172883f30; teamID='B57D8PP775', teamName='Yuxuan Chen', teamType='Individual', username='wmemz2333@163.com', isFreeProvisioningTeam='0'>">
	<IDEDistributionContext: 0x2d94b8d30; archive = "<IDEArchive: 0x2ef8c0c00>", distributionMethod="<IDEDistributionMethodiOSAppStoreDistribution: 0x2ea3e9d80>", team="(null)">
	<IDEDistributionContext: 0x2f842b8a0; archive = "<IDEArchive: 0x2ef8c0c00>", distributionMethod="<IDEDistributionMethodiOSAppStoreDistribution: 0x2ea3e9d80>", team="(null)">
	<IDEDistributionContext: 0x2eee0f890; archive = "<IDEArchive: 0x2ef8c0c00>", distributionMethod="<IDEDistributionMethodiOSAppStoreDistribution: 0x2ea3e9d80>", team="(null)">
	<IDEDistributionContext: 0x2f7f5df30; archive = "<IDEArchive: 0x2ef8c0c00>", distributionMethod="(null)", team="(null)">
	<IDEDistributionContext: 0x2f2269d00; archive = "<IDEArchive: 0x2ef8c0c00>", distributionMethod="(null)", team="(null)">
</IDEDistributionProcessingPipelineContext: 0x2f8f38750>
2023-07-28 2:05:21 PM +0000  Processing step: IDEDistributionCreateDestRootStep
2023-07-28 2:05:21 PM +0000  Processing step: IDEDistributionCopyItemStep
2023-07-28 2:05:21 PM +0000  Running /usr/bin/ditto '-V' '/Volumes/External_Data/Library/Developer/Xcode/Archives/2023-07-28/DarockBili Build 40 Archive for DarockBili Watch App on watchOS.xcarchive/Products/Applications/DarockBili.app' '/var/folders/kk/9t23hd3d5bs5nvxqskjp11k80000gn/T/XcodeDistPipeline.~~~VI6G1R/Root/Payload/DarockBili.app'
2023-07-28 2:05:21 PM +0000  >>> Copying /Volumes/External_Data/Library/Developer/Xcode/Archives/2023-07-28/DarockBili Build 40 Archive for DarockBili Watch App on watchOS.xcarchive/Products/Applications/DarockBili.app 
2023-07-28 2:05:21 PM +0000  copying file ./_CodeSignature/CodeResources ... 
2023-07-28 2:05:21 PM +0000  4241 bytes for ./_CodeSignature/CodeResources
2023-07-28 2:05:21 PM +0000  copying file ./DarockBili ... 
2023-07-28 2:05:21 PM +0000  1617696 bytes for ./DarockBili
2023-07-28 2:05:21 PM +0000  copying file ./AppIcon60x60@2x.png ... 
2023-07-28 2:05:21 PM +0000  7421 bytes for ./AppIcon60x60@2x.png
2023-07-28 2:05:21 PM +0000  copying file ./Assets.car ... 
2023-07-28 2:05:21 PM +0000  254712 bytes for ./Assets.car
2023-07-28 2:05:21 PM +0000  copying file ./AppIcon76x76@2x~ipad.png ... 
2023-07-28 2:05:21 PM +0000  9232 bytes for ./AppIcon76x76@2x~ipad.png
2023-07-28 2:05:21 PM +0000  copying file ./Watch/DarockBili Watch App.app/_CodeSignature/CodeResources ... 
2023-07-28 2:05:21 PM +0000  2475 bytes for ./Watch/DarockBili Watch App.app/_CodeSignature/CodeResources
2023-07-28 2:05:21 PM +0000  copying file ./Watch/DarockBili Watch App.app/DarockBili-Watch-App-Info.plist ... 
2023-07-28 2:05:21 PM +0000  172 bytes for ./Watch/DarockBili Watch App.app/DarockBili-Watch-App-Info.plist
2023-07-28 2:05:21 PM +0000  copying file ./Watch/DarockBili Watch App.app/Assets.car ... 
2023-07-28 2:05:21 PM +0000  1230335 bytes for ./Watch/DarockBili Watch App.app/Assets.car
2023-07-28 2:05:21 PM +0000  copying file ./Watch/DarockBili Watch App.app/Info.plist ... 
2023-07-28 2:05:21 PM +0000  1314 bytes for ./Watch/DarockBili Watch App.app/Info.plist
2023-07-28 2:05:21 PM +0000  copying file ./Watch/DarockBili Watch App.app/DarockBili Watch App ... 
2023-07-28 2:05:21 PM +0000  14775456 bytes for ./Watch/DarockBili Watch App.app/DarockBili Watch App
2023-07-28 2:05:21 PM +0000  copying file ./Watch/DarockBili Watch App.app/PkgInfo ... 
2023-07-28 2:05:21 PM +0000  8 bytes for ./Watch/DarockBili Watch App.app/PkgInfo
2023-07-28 2:05:21 PM +0000  copying file ./Info.plist ... 
2023-07-28 2:05:21 PM +0000  1543 bytes for ./Info.plist
2023-07-28 2:05:21 PM +0000  copying file ./PkgInfo ... 
2023-07-28 2:05:21 PM +0000  8 bytes for ./PkgInfo
2023-07-28 2:05:21 PM +0000  /usr/bin/ditto exited with 0
2023-07-28 2:05:21 PM +0000  Processing step: IDEDistributionEmbedProfileStep
2023-07-28 2:05:21 PM +0000  Processing step: IDEDistributionInfoPlistStep
2023-07-28 2:05:21 PM +0000  Skipping setting DTXcodeBuildDistribution because toolsBuildVersionName was nil.
2023-07-28 2:05:21 PM +0000  Skipping setting DTXcodeBuildDistribution because toolsBuildVersionName was nil.
2023-07-28 2:05:21 PM +0000  Processing step: IDEDistributionItemRemovalStep
2023-07-28 2:05:21 PM +0000  Processing step: IDEDistributionAppThinningPlistStep
2023-07-28 2:05:21 PM +0000  Skipping step: IDEDistributionAppThinningPlistStep because it said so
2023-07-28 2:05:21 PM +0000  Processing step: IDEDistributionCompileBitcodeStep
2023-07-28 2:05:21 PM +0000  Skipping step: IDEDistributionCompileBitcodeStep because it said so
2023-07-28 2:05:21 PM +0000  Processing step: IDEDistributionCodeSlimmingStep
2023-07-28 2:05:21 PM +0000  Processing step: IDEDistributionCopyBCSymbolMapsStep
2023-07-28 2:05:21 PM +0000  Processing step: IDEDistributionSymbolsStep
2023-07-28 2:05:21 PM +0000  Processing symbols for DarockBili Watch App.app
2023-07-28 2:05:21 PM +0000  Running /usr/bin/rsync '-8aPhhE' '/var/folders/kk/9t23hd3d5bs5nvxqskjp11k80000gn/T/XcodeDistPipeline.~~~VI6G1R/Root/Payload/DarockBili.app/Watch/DarockBili Watch App.app' '--link-dest' '/var/folders/kk/9t23hd3d5bs5nvxqskjp11k80000gn/T/XcodeDistPipeline.~~~VI6G1R/Root/Payload/DarockBili.app/Watch' '/var/folders/kk/9t23hd3d5bs5nvxqskjp11k80000gn/T/XcodeDistPipeline.~~~VI6G1R'
2023-07-28 2:05:21 PM +0000  building file list ... 
2023-07-28 2:05:21 PM +0000   0 files...2023-07-28 2:05:21 PM +0000  9 files to consider
2023-07-28 2:05:21 PM +0000  DarockBili Watch App.app/
2023-07-28 2:05:21 PM +0000  DarockBili Watch App.app/_CodeSignature/
2023-07-28 2:05:21 PM +0000  
2023-07-28 2:05:21 PM +0000  sent 347 bytes  received 32 bytes  758.00 bytes/sec
total size is 15.28M  speedup is 42279.98
2023-07-28 2:05:21 PM +0000  /usr/bin/rsync exited with 0
2023-07-28 2:05:21 PM +0000  Running /usr/bin/rsync '-8aPhhE' '/Volumes/External_Data/Library/Developer/Xcode/Archives/2023-07-28/DarockBili Build 40 Archive for DarockBili Watch App on watchOS.xcarchive/dSYMs/' '--link-dest' '/Volumes/External_Data/Library/Developer/Xcode/Archives/2023-07-28/DarockBili Build 40 Archive for DarockBili Watch App on watchOS.xcarchive/dSYMs/' '/var/folders/kk/9t23hd3d5bs5nvxqskjp11k80000gn/T/XcodeDistPipeline.~~~VI6G1R'
2023-07-28 2:05:21 PM +0000  building file list ... 
2023-07-28 2:05:21 PM +0000   0 files...2023-07-28 2:05:21 PM +0000  21 files to consider
2023-07-28 2:05:21 PM +0000  ./
2023-07-28 2:05:21 PM +0000  DarockBili Watch App.app.dSYM/
DarockBili Watch App.app.dSYM/Contents/
rsync: link "/var/folders/kk/9t23hd3d5bs5nvxqskjp11k80000gn/T/XcodeDistPipeline.~~~VI6G1R/DarockBili Watch App.app.dSYM/Contents/Info.plist" => /Volumes/External_Data/Library/Developer/Xcode/Archives/2023-07-28/DarockBili Build 40 Archive for DarockBili Watch App on watchOS.xcarchive/dSYMs/DarockBili Watch App.app.dSYM/Contents/Info.plist failed: Cross-device link (18)
2023-07-28 2:05:21 PM +0000  DarockBili Watch App.app.dSYM/Contents/Info.plist
DarockBili Watch App.app.dSYM/Contents/Resources/
DarockBili Watch App.app.dSYM/Contents/Resources/DWARF/
2023-07-28 2:05:21 PM +0000  rsync: link "/var/folders/kk/9t23hd3d5bs5nvxqskjp11k80000gn/T/XcodeDistPipeline.~~~VI6G1R/DarockBili Watch App.app.dSYM/Contents/Resources/DWARF/DarockBili Watch App" => /Volumes/External_Data/Library/Developer/Xcode/Archives/2023-07-28/DarockBili Build 40 Archive for DarockBili Watch App on watchOS.xcarchive/dSYMs/DarockBili Watch App.app.dSYM/Contents/Resources/DWARF/DarockBili Watch App failed: Cross-device link (18)
2023-07-28 2:05:21 PM +0000  DarockBili Watch App.app.dSYM/Contents/Resources/DWARF/DarockBili Watch App
DarockBili Watch App.app.dSYM/Contents/Resources/Relocations/
DarockBili Watch App.app.dSYM/Contents/Resources/Relocations/aarch64/
rsync: link "/var/folders/kk/9t23hd3d5bs5nvxqskjp11k80000gn/T/XcodeDistPipeline.~~~VI6G1R/DarockBili Watch App.app.dSYM/Contents/Resources/Relocations/aarch64/DarockBili Watch App.yml" => /Volumes/External_Data/Library/Developer/Xcode/Archives/2023-07-28/DarockBili Build 40 Archive for DarockBili Watch App on watchOS.xcarchive/dSYMs/DarockBili Watch App.app.dSYM/Contents/Resources/Relocations/aarch64/DarockBili Watch App.yml failed: Cross-device link (18)
2023-07-28 2:05:21 PM +0000  DarockBili Watch App.app.dSYM/Contents/Resources/Relocations/aarch64/DarockBili Watch App.yml
DarockBili Watch App.app.dSYM/Contents/Resources/Relocations/aarch64_32/
rsync: link "/var/folders/kk/9t23hd3d5bs5nvxqskjp11k80000gn/T/XcodeDistPipeline.~~~VI6G1R/DarockBili Watch App.app.dSYM/Contents/Resources/Relocations/aarch64_32/DarockBili Watch App.yml" => /Volumes/External_Data/Library/Developer/Xcode/Archives/2023-07-28/DarockBili Build 40 Archive for DarockBili Watch App on watchOS.xcarchive/dSYMs/DarockBili Watch App.app.dSYM/Contents/Resources/Relocations/aarch64_32/DarockBili Watch App.yml failed: Cross-device link (18)
2023-07-28 2:05:21 PM +0000  DarockBili Watch App.app.dSYM/Contents/Resources/Relocations/aarch64_32/DarockBili Watch App.yml
DarockBili.app.dSYM/
DarockBili.app.dSYM/Contents/
rsync: link "/var/folders/kk/9t23hd3d5bs5nvxqskjp11k80000gn/T/XcodeDistPipeline.~~~VI6G1R/DarockBili.app.dSYM/Contents/Info.plist" => /Volumes/External_Data/Library/Developer/Xcode/Archives/2023-07-28/DarockBili Build 40 Archive for DarockBili Watch App on watchOS.xcarchive/dSYMs/DarockBili.app.dSYM/Contents/Info.plist failed: Cross-device link (18)
2023-07-28 2:05:21 PM +0000  DarockBili.app.dSYM/Contents/Info.plist
DarockBili.app.dSYM/Contents/Resources/
DarockBili.app.dSYM/Contents/Resources/DWARF/
2023-07-28 2:05:21 PM +0000  rsync: link "/var/folders/kk/9t23hd3d5bs5nvxqskjp11k80000gn/T/XcodeDistPipeline.~~~VI6G1R/DarockBili.app.dSYM/Contents/Resources/DWARF/DarockBili" => /Volumes/External_Data/Library/Developer/Xcode/Archives/2023-07-28/DarockBili Build 40 Archive for DarockBili Watch App on watchOS.xcarchive/dSYMs/DarockBili.app.dSYM/Contents/Resources/DWARF/DarockBili failed: Cross-device link (18)
2023-07-28 2:05:21 PM +0000  DarockBili.app.dSYM/Contents/Resources/DWARF/DarockBili
DarockBili.app.dSYM/Contents/Resources/Relocations/
DarockBili.app.dSYM/Contents/Resources/Relocations/aarch64/
rsync: link "/var/folders/kk/9t23hd3d5bs5nvxqskjp11k80000gn/T/XcodeDistPipeline.~~~VI6G1R/DarockBili.app.dSYM/Contents/Resources/Relocations/aarch64/DarockBili.yml" => /Volumes/External_Data/Library/Developer/Xcode/Archives/2023-07-28/DarockBili Build 40 Archive for DarockBili Watch App on watchOS.xcarchive/dSYMs/DarockBili.app.dSYM/Contents/Resources/Relocations/aarch64/DarockBili.yml failed: Cross-device link (18)
2023-07-28 2:05:21 PM +0000  DarockBili.app.dSYM/Contents/Resources/Relocations/aarch64/DarockBili.yml
2023-07-28 2:05:21 PM +0000  
2023-07-28 2:05:21 PM +0000  sent 779 bytes  received 146 bytes  1.81K bytes/sec
total size is 117.32M  speedup is 132998.03
2023-07-28 2:05:21 PM +0000  /usr/bin/rsync exited with 0
2023-07-28 2:05:22 PM +0000  Writing /var/folders/kk/9t23hd3d5bs5nvxqskjp11k80000gn/T/XcodeDistPipeline.~~~VI6G1R/Symbols/6F323C48-E9C9-3399-BBCE-FBEA2B06B52C.symbols
2023-07-28 2:05:22 PM +0000  Writing /var/folders/kk/9t23hd3d5bs5nvxqskjp11k80000gn/T/XcodeDistPipeline.~~~VI6G1R/Symbols/4FE67426-EAF4-36FA-9813-C003EA705C94.symbols
2023-07-28 2:05:22 PM +0000  Processing symbols for DarockBili.app
2023-07-28 2:05:22 PM +0000  Running /usr/bin/rsync '-8aPhhE' '/var/folders/kk/9t23hd3d5bs5nvxqskjp11k80000gn/T/XcodeDistPipeline.~~~VI6G1R/Root/Payload/DarockBili.app' '--link-dest' '/var/folders/kk/9t23hd3d5bs5nvxqskjp11k80000gn/T/XcodeDistPipeline.~~~VI6G1R/Root/Payload' '/var/folders/kk/9t23hd3d5bs5nvxqskjp11k80000gn/T/XcodeDistPipeline.~~~VI6G1R'
2023-07-28 2:05:22 PM +0000  building file list ... 
2023-07-28 2:05:22 PM +0000   0 files...2023-07-28 2:05:22 PM +0000  20 files to consider
2023-07-28 2:05:22 PM +0000  DarockBili.app/
2023-07-28 2:05:22 PM +0000  DarockBili.app/Watch/
DarockBili.app/Watch/DarockBili Watch App.app/
DarockBili.app/Watch/DarockBili Watch App.app/_CodeSignature/
2023-07-28 2:05:22 PM +0000  DarockBili.app/_CodeSignature/
2023-07-28 2:05:22 PM +0000  
2023-07-28 2:05:22 PM +0000  sent 679 bytes  received 50 bytes  1.42K bytes/sec
total size is 17.10M  speedup is 24599.80
2023-07-28 2:05:22 PM +0000  /usr/bin/rsync exited with 0
2023-07-28 2:05:22 PM +0000  Running /usr/bin/rsync '-8aPhhE' '/Volumes/External_Data/Library/Developer/Xcode/Archives/2023-07-28/DarockBili Build 40 Archive for DarockBili Watch App on watchOS.xcarchive/dSYMs/' '--link-dest' '/Volumes/External_Data/Library/Developer/Xcode/Archives/2023-07-28/DarockBili Build 40 Archive for DarockBili Watch App on watchOS.xcarchive/dSYMs/' '/var/folders/kk/9t23hd3d5bs5nvxqskjp11k80000gn/T/XcodeDistPipeline.~~~VI6G1R'
2023-07-28 2:05:22 PM +0000  building file list ... 
2023-07-28 2:05:22 PM +0000   0 files...2023-07-28 2:05:22 PM +0000  21 files to consider
2023-07-28 2:05:22 PM +0000  ./
2023-07-28 2:05:22 PM +0000  DarockBili Watch App.app.dSYM/
DarockBili Watch App.app.dSYM/Contents/
2023-07-28 2:05:22 PM +0000  DarockBili Watch App.app.dSYM/Contents/Resources/
DarockBili Watch App.app.dSYM/Contents/Resources/DWARF/
DarockBili Watch App.app.dSYM/Contents/Resources/Relocations/
DarockBili Watch App.app.dSYM/Contents/Resources/Relocations/aarch64/
DarockBili Watch App.app.dSYM/Contents/Resources/Relocations/aarch64_32/
DarockBili.app.dSYM/
DarockBili.app.dSYM/Contents/
DarockBili.app.dSYM/Contents/Resources/
DarockBili.app.dSYM/Contents/Resources/DWARF/
DarockBili.app.dSYM/Contents/Resources/Relocations/
DarockBili.app.dSYM/Contents/Resources/Relocations/aarch64/
2023-07-28 2:05:22 PM +0000  
sent 779 bytes  received 146 bytes  1.81K bytes/sec
2023-07-28 2:05:22 PM +0000  total size is 117.32M  speedup is 132998.03
2023-07-28 2:05:22 PM +0000  /usr/bin/rsync exited with 0
2023-07-28 2:05:22 PM +0000  Writing /var/folders/kk/9t23hd3d5bs5nvxqskjp11k80000gn/T/XcodeDistPipeline.~~~VI6G1R/Symbols/386D701C-08BF-3B65-AC53-5216660FC554.symbols
2023-07-28 2:05:22 PM +0000  Processing step: IDEDistributionCopyAppleProvidedContentStep
2023-07-28 2:05:22 PM +0000  Processing step: IDEDistributionAppThinningStep
2023-07-28 2:05:22 PM +0000  Skipping step: IDEDistributionAppThinningStep because it said so
2023-07-28 2:05:22 PM +0000  Processing step: IDEDistributionArchThinningStep
2023-07-28 2:05:22 PM +0000  Running /Volumes/External_Data/Applications/Xcode-beta.app/Contents/Developer/Toolchains/XcodeDefault.xctoolchain/usr/bin/lipo '/var/folders/kk/9t23hd3d5bs5nvxqskjp11k80000gn/T/XcodeDistPipeline.~~~VI6G1R/Root/Payload/DarockBili.app/Watch/DarockBili Watch App.app/DarockBili Watch App' '-verify_arch' 'arm64e'
2023-07-28 2:05:22 PM +0000  /Volumes/External_Data/Applications/Xcode-beta.app/Contents/Developer/Toolchains/XcodeDefault.xctoolchain/usr/bin/lipo exited with 1
2023-07-28 2:05:22 PM +0000  Skipping architecture thinning for item "DarockBili Watch App" because arch "arm64e" wasn't found
2023-07-28 2:05:22 PM +0000  Running /Volumes/External_Data/Applications/Xcode-beta.app/Contents/Developer/Toolchains/XcodeDefault.xctoolchain/usr/bin/lipo '/var/folders/kk/9t23hd3d5bs5nvxqskjp11k80000gn/T/XcodeDistPipeline.~~~VI6G1R/Root/Payload/DarockBili.app/DarockBili' '-verify_arch' 'arm64e'
2023-07-28 2:05:22 PM +0000  /Volumes/External_Data/Applications/Xcode-beta.app/Contents/Developer/Toolchains/XcodeDefault.xctoolchain/usr/bin/lipo exited with 1
2023-07-28 2:05:22 PM +0000  Skipping architecture thinning for item "DarockBili" because arch "arm64e" wasn't found
2023-07-28 2:05:22 PM +0000  Processing step: IDEDistributionODRStep
2023-07-28 2:05:22 PM +0000  Processing step: IDEDistributionStripXattrsStep
2023-07-28 2:05:22 PM +0000  Skipping stripping extended attributes because the codesign step will strip them.
2023-07-28 2:05:22 PM +0000  Skipping stripping extended attributes because the codesign step will strip them.
2023-07-28 2:05:22 PM +0000  Processing step: IDEDistributionCodesignStep
2023-07-28 2:05:22 PM +0000  Entitlements for <IDEDistributionItem: 0x2f7a79640; bundleID='com.darock.DarockBili.watchkitapp', path='<DVTFilePath:0x2f7cef030:'/Volumes/External_Data/Library/Developer/Xcode/Archives/2023-07-28/DarockBili Build 40 Archive for DarockBili Watch App on watchOS.xcarchive/Products/Applications/DarockBili.app/Watch/DarockBili Watch App.app'>', codeSigningInfo='<_DVTCodeSigningInformation_Path: 0x2f0c77300; isSigned='1', isAdHocSigned='1', signingCertificate='(null)', entitlements='(null)', teamID='(null)', identifier='com.darock.DarockBili.watchkitapp', executablePath='<DVTFilePath:0x2f7a08170:'/Volumes/External_Data/Library/Developer/Xcode/Archives/2023-07-28/DarockBili Build 40 Archive for DarockBili Watch App on watchOS.xcarchive/Products/Applications/DarockBili.app/Watch/DarockBili Watch App.app/DarockBili Watch App'>', hardenedRuntime='0'>'>: {
    "application-identifier" = "B57D8PP775.com.darock.DarockBili.watchkitapp";
    "beta-reports-active" = 1;
    "com.apple.developer.team-identifier" = B57D8PP775;
    "get-task-allow" = 0;
}
2023-07-28 2:05:22 PM +0000  Entitlements for <IDEDistributionItem: 0x2f7a79640; bundleID='com.darock.DarockBili.watchkitapp', path='<DVTFilePath:0x2f7cef030:'/Volumes/External_Data/Library/Developer/Xcode/Archives/2023-07-28/DarockBili Build 40 Archive for DarockBili Watch App on watchOS.xcarchive/Products/Applications/DarockBili.app/Watch/DarockBili Watch App.app'>', codeSigningInfo='<_DVTCodeSigningInformation_Path: 0x2f0c77300; isSigned='1', isAdHocSigned='1', signingCertificate='(null)', entitlements='(null)', teamID='(null)', identifier='com.darock.DarockBili.watchkitapp', executablePath='<DVTFilePath:0x2f7a08170:'/Volumes/External_Data/Library/Developer/Xcode/Archives/2023-07-28/DarockBili Build 40 Archive for DarockBili Watch App on watchOS.xcarchive/Products/Applications/DarockBili.app/Watch/DarockBili Watch App.app/DarockBili Watch App'>', hardenedRuntime='0'>'> are: {
    "application-identifier" = "B57D8PP775.com.darock.DarockBili.watchkitapp";
    "beta-reports-active" = 1;
    "com.apple.developer.team-identifier" = B57D8PP775;
    "get-task-allow" = 0;
}
2023-07-28 2:05:22 PM +0000  Writing entitlements for <IDEDistributionItem: 0x2f7a79640; bundleID='com.darock.DarockBili.watchkitapp', path='<DVTFilePath:0x2f7cef030:'/Volumes/External_Data/Library/Developer/Xcode/Archives/2023-07-28/DarockBili Build 40 Archive for DarockBili Watch App on watchOS.xcarchive/Products/Applications/DarockBili.app/Watch/DarockBili Watch App.app'>', codeSigningInfo='<_DVTCodeSigningInformation_Path: 0x2f0c77300; isSigned='1', isAdHocSigned='1', signingCertificate='(null)', entitlements='(null)', teamID='(null)', identifier='com.darock.DarockBili.watchkitapp', executablePath='<DVTFilePath:0x2f7a08170:'/Volumes/External_Data/Library/Developer/Xcode/Archives/2023-07-28/DarockBili Build 40 Archive for DarockBili Watch App on watchOS.xcarchive/Products/Applications/DarockBili.app/Watch/DarockBili Watch App.app/DarockBili Watch App'>', hardenedRuntime='0'>'> to: /var/folders/kk/9t23hd3d5bs5nvxqskjp11k80000gn/T/XcodeDistPipeline.~~~VI6G1R/entitlements~~~toK7bX
2023-07-28 2:05:22 PM +0000  Running /usr/bin/codesign '-vvv' '--force' '--sign' 'B349DA973F4C7F074ED5DF70921D36FD9F869CF4' '--entitlements' '/var/folders/kk/9t23hd3d5bs5nvxqskjp11k80000gn/T/XcodeDistPipeline.~~~VI6G1R/entitlements~~~toK7bX' '--generate-entitlement-der' '--preserve-metadata=identifier,flags,runtime' '/var/folders/kk/9t23hd3d5bs5nvxqskjp11k80000gn/T/XcodeDistPipeline.~~~VI6G1R/Root/Payload/DarockBili.app/Watch/DarockBili Watch App.app'
2023-07-28 2:05:22 PM +0000  /var/folders/kk/9t23hd3d5bs5nvxqskjp11k80000gn/T/XcodeDistPipeline.~~~VI6G1R/Root/Payload/DarockBili.app/Watch/DarockBili Watch App.app: replacing existing signature
2023-07-28 2:05:22 PM +0000  /var/folders/kk/9t23hd3d5bs5nvxqskjp11k80000gn/T/XcodeDistPipeline.~~~VI6G1R/Root/Payload/DarockBili.app/Watch/DarockBili Watch App.app: signed app bundle with Mach-O universal (arm64 arm64_32) [com.darock.DarockBili.watchkitapp]
2023-07-28 2:05:22 PM +0000  /usr/bin/codesign exited with 0
2023-07-28 2:05:22 PM +0000  Entitlements for <IDEDistributionItem: 0x2f7f2ccb0; bundleID='com.darock.DarockBili', path='<DVTFilePath:0x2ece63320:'/Volumes/External_Data/Library/Developer/Xcode/Archives/2023-07-28/DarockBili Build 40 Archive for DarockBili Watch App on watchOS.xcarchive/Products/Applications/DarockBili.app'>', codeSigningInfo='<_DVTCodeSigningInformation_Path: 0x2f04c2c80; isSigned='1', isAdHocSigned='1', signingCertificate='(null)', entitlements='(null)', teamID='(null)', identifier='com.darock.DarockBili', executablePath='<DVTFilePath:0x2f7a209b0:'/Volumes/External_Data/Library/Developer/Xcode/Archives/2023-07-28/DarockBili Build 40 Archive for DarockBili Watch App on watchOS.xcarchive/Products/Applications/DarockBili.app/DarockBili'>', hardenedRuntime='0'>'>: {
    "application-identifier" = "B57D8PP775.com.darock.DarockBili";
    "beta-reports-active" = 1;
    "com.apple.developer.team-identifier" = B57D8PP775;
    "get-task-allow" = 0;
}
2023-07-28 2:05:22 PM +0000  Entitlements for <IDEDistributionItem: 0x2f7f2ccb0; bundleID='com.darock.DarockBili', path='<DVTFilePath:0x2ece63320:'/Volumes/External_Data/Library/Developer/Xcode/Archives/2023-07-28/DarockBili Build 40 Archive for DarockBili Watch App on watchOS.xcarchive/Products/Applications/DarockBili.app'>', codeSigningInfo='<_DVTCodeSigningInformation_Path: 0x2f04c2c80; isSigned='1', isAdHocSigned='1', signingCertificate='(null)', entitlements='(null)', teamID='(null)', identifier='com.darock.DarockBili', executablePath='<DVTFilePath:0x2f7a209b0:'/Volumes/External_Data/Library/Developer/Xcode/Archives/2023-07-28/DarockBili Build 40 Archive for DarockBili Watch App on watchOS.xcarchive/Products/Applications/DarockBili.app/DarockBili'>', hardenedRuntime='0'>'> are: {
    "application-identifier" = "B57D8PP775.com.darock.DarockBili";
    "beta-reports-active" = 1;
    "com.apple.developer.team-identifier" = B57D8PP775;
    "get-task-allow" = 0;
}
2023-07-28 2:05:22 PM +0000  Writing entitlements for <IDEDistributionItem: 0x2f7f2ccb0; bundleID='com.darock.DarockBili', path='<DVTFilePath:0x2ece63320:'/Volumes/External_Data/Library/Developer/Xcode/Archives/2023-07-28/DarockBili Build 40 Archive for DarockBili Watch App on watchOS.xcarchive/Products/Applications/DarockBili.app'>', codeSigningInfo='<_DVTCodeSigningInformation_Path: 0x2f04c2c80; isSigned='1', isAdHocSigned='1', signingCertificate='(null)', entitlements='(null)', teamID='(null)', identifier='com.darock.DarockBili', executablePath='<DVTFilePath:0x2f7a209b0:'/Volumes/External_Data/Library/Developer/Xcode/Archives/2023-07-28/DarockBili Build 40 Archive for DarockBili Watch App on watchOS.xcarchive/Products/Applications/DarockBili.app/DarockBili'>', hardenedRuntime='0'>'> to: /var/folders/kk/9t23hd3d5bs5nvxqskjp11k80000gn/T/XcodeDistPipeline.~~~VI6G1R/entitlements~~~kUeXIZ
2023-07-28 2:05:22 PM +0000  Running /usr/bin/codesign '-vvv' '--force' '--sign' 'B349DA973F4C7F074ED5DF70921D36FD9F869CF4' '--entitlements' '/var/folders/kk/9t23hd3d5bs5nvxqskjp11k80000gn/T/XcodeDistPipeline.~~~VI6G1R/entitlements~~~kUeXIZ' '--generate-entitlement-der' '--preserve-metadata=identifier,flags,runtime' '/var/folders/kk/9t23hd3d5bs5nvxqskjp11k80000gn/T/XcodeDistPipeline.~~~VI6G1R/Root/Payload/DarockBili.app'
2023-07-28 2:05:22 PM +0000  /var/folders/kk/9t23hd3d5bs5nvxqskjp11k80000gn/T/XcodeDistPipeline.~~~VI6G1R/Root/Payload/DarockBili.app: replacing existing signature
2023-07-28 2:05:22 PM +0000  /var/folders/kk/9t23hd3d5bs5nvxqskjp11k80000gn/T/XcodeDistPipeline.~~~VI6G1R/Root/Payload/DarockBili.app: signed app bundle with Mach-O thin (arm64) [com.darock.DarockBili]
2023-07-28 2:05:22 PM +0000  /usr/bin/codesign exited with 0
2023-07-28 2:05:22 PM +0000  Processing step: IDEDistributionZipODRItemStep
2023-07-28 2:05:22 PM +0000  Skipping step: IDEDistributionZipODRItemStep because it said so
2023-07-28 2:05:22 PM +0000  Skipping step: IDEDistributionZipODRItemStep because it said so
2023-07-28 2:05:22 PM +0000  Processing step: IDEDistributionCreateIPAStep
2023-07-28 2:05:22 PM +0000  Running /usr/bin/rsync '-8aPhhE' '/var/folders/kk/9t23hd3d5bs5nvxqskjp11k80000gn/T/XcodeDistPipeline.~~~VI6G1R/Symbols' '--link-dest' '/var/folders/kk/9t23hd3d5bs5nvxqskjp11k80000gn/T/XcodeDistPipeline.~~~VI6G1R' '/var/folders/kk/9t23hd3d5bs5nvxqskjp11k80000gn/T/XcodeDistPipeline.~~~VI6G1R/Root'
2023-07-28 2:05:22 PM +0000  building file list ... 
2023-07-28 2:05:22 PM +0000   0 files...2023-07-28 2:05:22 PM +0000  4 files to consider
2023-07-28 2:05:22 PM +0000  Symbols/
2023-07-28 2:05:22 PM +0000  
2023-07-28 2:05:22 PM +0000  sent 252 bytes  received 26 bytes  556.00 bytes/sec
total size is 32.18M  speedup is 121367.99
2023-07-28 2:05:22 PM +0000  /usr/bin/rsync exited with 0
2023-07-28 2:05:22 PM +0000  Running /usr/bin/ditto '-V' '-c' '-k' '--norsrc' '/var/folders/kk/9t23hd3d5bs5nvxqskjp11k80000gn/T/XcodeDistPipeline.~~~VI6G1R/Root' '/var/folders/kk/9t23hd3d5bs5nvxqskjp11k80000gn/T/XcodeDistPipeline.~~~VI6G1R/Packages/DarockBili.ipa'
2023-07-28 2:05:22 PM +0000  >>> Copying /var/folders/kk/9t23hd3d5bs5nvxqskjp11k80000gn/T/XcodeDistPipeline.~~~VI6G1R/Root 
2023-07-28 2:05:22 PM +0000  copying file ./Payload/DarockBili.app/_CodeSignature/CodeResources ... 
2023-07-28 2:05:22 PM +0000  4771 bytes for ./Payload/DarockBili.app/_CodeSignature/CodeResources
2023-07-28 2:05:22 PM +0000  copying file ./Payload/DarockBili.app/DarockBili ... 
2023-07-28 2:05:22 PM +0000  1618640 bytes for ./Payload/DarockBili.app/DarockBili
2023-07-28 2:05:22 PM +0000  copying file ./Payload/DarockBili.app/AppIcon60x60@2x.png ... 
2023-07-28 2:05:22 PM +0000  7421 bytes for ./Payload/DarockBili.app/AppIcon60x60@2x.png
2023-07-28 2:05:22 PM +0000  copying file ./Payload/DarockBili.app/Assets.car ... 
2023-07-28 2:05:22 PM +0000  254712 bytes for ./Payload/DarockBili.app/Assets.car
2023-07-28 2:05:22 PM +0000  copying file ./Payload/DarockBili.app/AppIcon76x76@2x~ipad.png ... 
2023-07-28 2:05:22 PM +0000  9232 bytes for ./Payload/DarockBili.app/AppIcon76x76@2x~ipad.png
2023-07-28 2:05:22 PM +0000  copying file ./Payload/DarockBili.app/Watch/DarockBili Watch App.app/_CodeSignature/CodeResources ... 
2023-07-28 2:05:22 PM +0000  2781 bytes for ./Payload/DarockBili.app/Watch/DarockBili Watch App.app/_CodeSignature/CodeResources
2023-07-28 2:05:22 PM +0000  copying file ./Payload/DarockBili.app/Watch/DarockBili Watch App.app/DarockBili-Watch-App-Info.plist ... 
2023-07-28 2:05:22 PM +0000  172 bytes for ./Payload/DarockBili.app/Watch/DarockBili Watch App.app/DarockBili-Watch-App-Info.plist
2023-07-28 2:05:22 PM +0000  copying file ./Payload/DarockBili.app/Watch/DarockBili Watch App.app/Assets.car ... 
2023-07-28 2:05:22 PM +0000  1230335 bytes for ./Payload/DarockBili.app/Watch/DarockBili Watch App.app/Assets.car
2023-07-28 2:05:22 PM +0000  copying file ./Payload/DarockBili.app/Watch/DarockBili Watch App.app/embedded.mobileprovision ... 
2023-07-28 2:05:22 PM +0000  14351 bytes for ./Payload/DarockBili.app/Watch/DarockBili Watch App.app/embedded.mobileprovision
2023-07-28 2:05:22 PM +0000  copying file ./Payload/DarockBili.app/Watch/DarockBili Watch App.app/Info.plist ... 
2023-07-28 2:05:22 PM +0000  1314 bytes for ./Payload/DarockBili.app/Watch/DarockBili Watch App.app/Info.plist
copying file ./Payload/DarockBili.app/Watch/DarockBili Watch App.app/DarockBili Watch App ... 
2023-07-28 2:05:23 PM +0000  14776528 bytes for ./Payload/DarockBili.app/Watch/DarockBili Watch App.app/DarockBili Watch App
2023-07-28 2:05:23 PM +0000  copying file ./Payload/DarockBili.app/Watch/DarockBili Watch App.app/PkgInfo ... 
8 bytes for ./Payload/DarockBili.app/Watch/DarockBili Watch App.app/PkgInfo
copying file ./Payload/DarockBili.app/embedded.mobileprovision ... 
2023-07-28 2:05:23 PM +0000  14288 bytes for ./Payload/DarockBili.app/embedded.mobileprovision
2023-07-28 2:05:23 PM +0000  copying file ./Payload/DarockBili.app/Info.plist ... 
2023-07-28 2:05:23 PM +0000  1543 bytes for ./Payload/DarockBili.app/Info.plist
copying file ./Payload/DarockBili.app/PkgInfo ... 
2023-07-28 2:05:23 PM +0000  8 bytes for ./Payload/DarockBili.app/PkgInfo
2023-07-28 2:05:23 PM +0000  copying file ./Symbols/4FE67426-EAF4-36FA-9813-C003EA705C94.symbols ... 
2023-07-28 2:05:23 PM +0000  15602660 bytes for ./Symbols/4FE67426-EAF4-36FA-9813-C003EA705C94.symbols
2023-07-28 2:05:23 PM +0000  copying file ./Symbols/386D701C-08BF-3B65-AC53-5216660FC554.symbols ... 
2023-07-28 2:05:23 PM +0000  2624756 bytes for ./Symbols/386D701C-08BF-3B65-AC53-5216660FC554.symbols
2023-07-28 2:05:23 PM +0000  copying file ./Symbols/6F323C48-E9C9-3399-BBCE-FBEA2B06B52C.symbols ... 
2023-07-28 2:05:23 PM +0000  15512884 bytes for ./Symbols/6F323C48-E9C9-3399-BBCE-FBEA2B06B52C.symbols
2023-07-28 2:05:23 PM +0000  /usr/bin/ditto exited with 0
2023-07-28 2:05:23 PM +0000  Processing step: IDEDistributionAppStoreInformationStep
2023-07-28 2:05:23 PM +0000  Skipping step: IDEDistributionAppStoreInformationStep because it said so
2023-07-28 2:05:23 PM +0000  Processing step: IDEDistributionGenerateProcessedDistributionItems
2023-07-28 2:05:23 PM +0000  IDEDistributionItem init <DVTFilePath:0x2eec6ab10:'/var/folders/kk/9t23hd3d5bs5nvxqskjp11k80000gn/T/XcodeDistPipeline.~~~VI6G1R/Root/Payload/DarockBili.app/Watch/DarockBili Watch App.app'>
2023-07-28 2:05:23 PM +0000  IDEDistributionItem init <DVTFilePath:0x2f0e9bbe0:'/var/folders/kk/9t23hd3d5bs5nvxqskjp11k80000gn/T/XcodeDistPipeline.~~~VI6G1R/Root/Payload/DarockBili.app'>
2023-07-28 2:05:23 PM +0000  Processing step: IDEDistributionCreateManifestStep
2023-07-28 2:05:23 PM +0000  Skipping step: IDEDistributionCreateManifestStep because it said so
