2023-07-24 6:01:15 AM +0000  Initial pipeline context: <IDEDistributionProcessingPipelineContext: 0x2d23b7df0; archive(resolved)="<IDEArchive: 0x600026cb93e0>", distributionTask(resolved)="2", distributionDestination(resolved)="1", distributionMethod(resolved)="<IDEDistributionMethodiOSAppStoreDistribution: 0x60001c4e9df0>", team(resolved)="<IDEProvisioningDisambiguatableBasicTeam: 0x600001a16c00; teamID='B57D8PP775', teamName='Yuxuan Chen', teamType='Individual', username='wmemz2333@163.com', isFreeProvisioningTeam='0'>">
	Chain (17, self inclusive):
	<IDEDistributionProcessingPipelineContext: 0x2d23b7df0; archive = "<IDEArchive: 0x600026cb93e0>", distributionMethod="<IDEDistributionMethodiOSAppStoreDistribution: 0x60001c4e9df0>", team="<IDEProvisioningDisambiguatableBasicTeam: 0x600001a16c00; teamID='B57D8PP775', teamName='Yuxuan Chen', teamType='Individual', username='wmemz2333@163.com', isFreeProvisioningTeam='0'>">
	<IDEDistributionProcessingPipelineContext: 0x2cc60c390; archive = "<IDEArchive: 0x600026cb93e0>", distributionMethod="<IDEDistributionMethodiOSAppStoreDistribution: 0x60001c4e9df0>", team="<IDEProvisioningDisambiguatableBasicTeam: 0x600001a16c00; teamID='B57D8PP775', teamName='Yuxuan Chen', teamType='Individual', username='wmemz2333@163.com', isFreeProvisioningTeam='0'>">
	<IDEDistributionContext: 0x2c6ab5f20; archive = "<IDEArchive: 0x600026cb93e0>", distributionMethod="<IDEDistributionMethodiOSAppStoreDistribution: 0x60001c4e9df0>", team="<IDEProvisioningDisambiguatableBasicTeam: 0x600001a16c00; teamID='B57D8PP775', teamName='Yuxuan Chen', teamType='Individual', username='wmemz2333@163.com', isFreeProvisioningTeam='0'>">
	<IDEDistributionContext: 0x2c1cc5790; archive = "<IDEArchive: 0x600026cb93e0>", distributionMethod="<IDEDistributionMethodiOSAppStoreDistribution: 0x60001c4e9df0>", team="<IDEProvisioningDisambiguatableBasicTeam: 0x600001a16c00; teamID='B57D8PP775', teamName='Yuxuan Chen', teamType='Individual', username='wmemz2333@163.com', isFreeProvisioningTeam='0'>">
	<IDEDistributionContext: 0x2d210f780; archive = "<IDEArchive: 0x600026cb93e0>", distributionMethod="<IDEDistributionMethodiOSAppStoreDistribution: 0x60001c4e9df0>", team="<IDEProvisioningDisambiguatableBasicTeam: 0x600001a16c00; teamID='B57D8PP775', teamName='Yuxuan Chen', teamType='Individual', username='wmemz2333@163.com', isFreeProvisioningTeam='0'>">
	<IDEDistributionContext: 0x2d211dda0; archive = "<IDEArchive: 0x600026cb93e0>", distributionMethod="<IDEDistributionMethodiOSAppStoreDistribution: 0x60001c4e9df0>", team="<IDEProvisioningDisambiguatableBasicTeam: 0x600001a16c00; teamID='B57D8PP775', teamName='Yuxuan Chen', teamType='Individual', username='wmemz2333@163.com', isFreeProvisioningTeam='0'>">
	<IDEDistributionContext: 0x2d2fff170; archive = "<IDEArchive: 0x600026cb93e0>", distributionMethod="<IDEDistributionMethodiOSAppStoreDistribution: 0x60001c4e9df0>", team="<IDEProvisioningDisambiguatableBasicTeam: 0x600001a16c00; teamID='B57D8PP775', teamName='Yuxuan Chen', teamType='Individual', username='wmemz2333@163.com', isFreeProvisioningTeam='0'>">
	<IDEDistributionContext: 0x2c0c74e20; archive = "<IDEArchive: 0x600026cb93e0>", distributionMethod="<IDEDistributionMethodiOSAppStoreDistribution: 0x60001c4e9df0>", team="<IDEProvisioningDisambiguatableBasicTeam: 0x600001a16c00; teamID='B57D8PP775', teamName='Yuxuan Chen', teamType='Individual', username='wmemz2333@163.com', isFreeProvisioningTeam='0'>">
	<IDEDistributionContext: 0x2c0c47000; archive = "<IDEArchive: 0x600026cb93e0>", distributionMethod="<IDEDistributionMethodiOSAppStoreDistribution: 0x60001c4e9df0>", team="<IDEProvisioningDisambiguatableBasicTeam: 0x600001a16c00; teamID='B57D8PP775', teamName='Yuxuan Chen', teamType='Individual', username='wmemz2333@163.com', isFreeProvisioningTeam='0'>">
	<IDEDistributionContext: 0x2c0c46970; archive = "<IDEArchive: 0x600026cb93e0>", distributionMethod="<IDEDistributionMethodiOSAppStoreDistribution: 0x60001c4e9df0>", team="<IDEProvisioningDisambiguatableBasicTeam: 0x600001a16c00; teamID='B57D8PP775', teamName='Yuxuan Chen', teamType='Individual', username='wmemz2333@163.com', isFreeProvisioningTeam='0'>">
	<IDEDistributionContext: 0x2c3615100; archive = "<IDEArchive: 0x600026cb93e0>", distributionMethod="<IDEDistributionMethodiOSAppStoreDistribution: 0x60001c4e9df0>", team="<IDEProvisioningDisambiguatableBasicTeam: 0x600001a16c00; teamID='B57D8PP775', teamName='Yuxuan Chen', teamType='Individual', username='wmemz2333@163.com', isFreeProvisioningTeam='0'>">
	<IDEDistributionContext: 0x2cc19e370; archive = "<IDEArchive: 0x600026cb93e0>", distributionMethod="<IDEDistributionMethodiOSAppStoreDistribution: 0x60001c4e9df0>", team="<IDEProvisioningDisambiguatableBasicTeam: 0x600001a16c00; teamID='B57D8PP775', teamName='Yuxuan Chen', teamType='Individual', username='wmemz2333@163.com', isFreeProvisioningTeam='0'>">
	<IDEDistributionContext: 0x2c0dcca70; archive = "<IDEArchive: 0x600026cb93e0>", distributionMethod="<IDEDistributionMethodiOSAppStoreDistribution: 0x60001c4e9df0>", team="<IDEProvisioningDisambiguatableBasicTeam: 0x600001a16c00; teamID='B57D8PP775', teamName='Yuxuan Chen', teamType='Individual', username='wmemz2333@163.com', isFreeProvisioningTeam='0'>">
	<IDEDistributionContext: 0x2c65aabb0; archive = "<IDEArchive: 0x600026cb93e0>", distributionMethod="<IDEDistributionMethodiOSAppStoreDistribution: 0x60001c4e9df0>", team="(null)">
	<IDEDistributionContext: 0x2a68ac3c0; archive = "<IDEArchive: 0x600026cb93e0>", distributionMethod="<IDEDistributionMethodiOSAppStoreDistribution: 0x60001c4e9df0>", team="(null)">
	<IDEDistributionContext: 0x2a608a040; archive = "<IDEArchive: 0x600026cb93e0>", distributionMethod="(null)", team="(null)">
	<IDEDistributionContext: 0x2c9ff3750; archive = "<IDEArchive: 0x600026cb93e0>", distributionMethod="(null)", team="(null)">
</IDEDistributionProcessingPipelineContext: 0x2d23b7df0>
2023-07-24 6:01:15 AM +0000  Processing step: IDEDistributionCreateDestRootStep
2023-07-24 6:01:15 AM +0000  Processing step: IDEDistributionCopyItemStep
2023-07-24 6:01:15 AM +0000  Running /usr/bin/ditto '-V' '/Volumes/External_Data/Library/Developer/Xcode/Archives/2023-07-24/DarockBili Watch App 2023-7-24, 2.00 PM.xcarchive/Products/Applications/DarockBili.app' '/var/folders/kk/9t23hd3d5bs5nvxqskjp11k80000gn/T/XcodeDistPipeline.~~~j6C2rH/Root/Payload/DarockBili.app'
2023-07-24 6:01:15 AM +0000  >>> Copying /Volumes/External_Data/Library/Developer/Xcode/Archives/2023-07-24/DarockBili Watch App 2023-7-24, 2.00 PM.xcarchive/Products/Applications/DarockBili.app 
2023-07-24 6:01:15 AM +0000  copying file ./_CodeSignature/CodeResources ... 
2023-07-24 6:01:15 AM +0000  5049 bytes for ./_CodeSignature/CodeResources
2023-07-24 6:01:15 AM +0000  copying file ./DarockBili ... 
2023-07-24 6:01:15 AM +0000  1618112 bytes for ./DarockBili
copying file ./AppIcon60x60@2x.png ... 
2023-07-24 6:01:15 AM +0000  7421 bytes for ./AppIcon60x60@2x.png
2023-07-24 6:01:15 AM +0000  copying file ./Assets.car ... 
2023-07-24 6:01:15 AM +0000  254712 bytes for ./Assets.car
2023-07-24 6:01:15 AM +0000  copying file ./AppIcon76x76@2x~ipad.png ... 
2023-07-24 6:01:15 AM +0000  9232 bytes for ./AppIcon76x76@2x~ipad.png
2023-07-24 6:01:15 AM +0000  copying file ./Watch/DarockBili Watch App.app/_CodeSignature/CodeResources ... 
2023-07-24 6:01:15 AM +0000  3069 bytes for ./Watch/DarockBili Watch App.app/_CodeSignature/CodeResources
2023-07-24 6:01:15 AM +0000  copying file ./Watch/DarockBili Watch App.app/DarockBili-Watch-App-Info.plist ... 
2023-07-24 6:01:15 AM +0000  172 bytes for ./Watch/DarockBili Watch App.app/DarockBili-Watch-App-Info.plist
2023-07-24 6:01:15 AM +0000  copying file ./Watch/DarockBili Watch App.app/Assets.car ... 
2023-07-24 6:01:15 AM +0000  1231183 bytes for ./Watch/DarockBili Watch App.app/Assets.car
2023-07-24 6:01:15 AM +0000  copying file ./Watch/DarockBili Watch App.app/biliEmoji.plist ... 
2023-07-24 6:01:15 AM +0000  4210577 bytes for ./Watch/DarockBili Watch App.app/biliEmoji.plist
2023-07-24 6:01:15 AM +0000  copying file ./Watch/DarockBili Watch App.app/embedded.mobileprovision ... 
23145 bytes for ./Watch/DarockBili Watch App.app/embedded.mobileprovision
copying file ./Watch/DarockBili Watch App.app/Info.plist ... 
1314 bytes for ./Watch/DarockBili Watch App.app/Info.plist
copying file ./Watch/DarockBili Watch App.app/DarockBili Watch App ... 
2023-07-24 6:01:15 AM +0000  8430176 bytes for ./Watch/DarockBili Watch App.app/DarockBili Watch App
2023-07-24 6:01:15 AM +0000  copying file ./Watch/DarockBili Watch App.app/PkgInfo ... 
8 bytes for ./Watch/DarockBili Watch App.app/PkgInfo
copying file ./embedded.mobileprovision ... 
23086 bytes for ./embedded.mobileprovision
copying file ./Info.plist ... 
1543 bytes for ./Info.plist
copying file ./PkgInfo ... 
2023-07-24 6:01:15 AM +0000  8 bytes for ./PkgInfo
2023-07-24 6:01:15 AM +0000  /usr/bin/ditto exited with 0
2023-07-24 6:01:15 AM +0000  Processing step: IDEDistributionEmbedProfileStep
2023-07-24 6:01:15 AM +0000  Processing step: IDEDistributionInfoPlistStep
2023-07-24 6:01:15 AM +0000  Skipping setting DTXcodeBuildDistribution because toolsBuildVersionName was nil.
2023-07-24 6:01:15 AM +0000  Skipping setting DTXcodeBuildDistribution because toolsBuildVersionName was nil.
2023-07-24 6:01:15 AM +0000  Processing step: IDEDistributionItemRemovalStep
2023-07-24 6:01:15 AM +0000  Processing step: IDEDistributionAppThinningPlistStep
2023-07-24 6:01:15 AM +0000  Skipping step: IDEDistributionAppThinningPlistStep because it said so
2023-07-24 6:01:15 AM +0000  Processing step: IDEDistributionCompileBitcodeStep
2023-07-24 6:01:15 AM +0000  Skipping step: IDEDistributionCompileBitcodeStep because it said so
2023-07-24 6:01:15 AM +0000  Processing step: IDEDistributionCodeSlimmingStep
2023-07-24 6:01:15 AM +0000  Processing step: IDEDistributionCopyBCSymbolMapsStep
2023-07-24 6:01:15 AM +0000  Processing step: IDEDistributionSymbolsStep
2023-07-24 6:01:15 AM +0000  Processing symbols for DarockBili Watch App.app
2023-07-24 6:01:15 AM +0000  Running /usr/bin/rsync '-8aPhhE' '/var/folders/kk/9t23hd3d5bs5nvxqskjp11k80000gn/T/XcodeDistPipeline.~~~j6C2rH/Root/Payload/DarockBili.app/Watch/DarockBili Watch App.app' '--link-dest' '/var/folders/kk/9t23hd3d5bs5nvxqskjp11k80000gn/T/XcodeDistPipeline.~~~j6C2rH/Root/Payload/DarockBili.app/Watch' '/var/folders/kk/9t23hd3d5bs5nvxqskjp11k80000gn/T/XcodeDistPipeline.~~~j6C2rH'
2023-07-24 6:01:15 AM +0000  building file list ... 
2023-07-24 6:01:15 AM +0000   0 files...2023-07-24 6:01:15 AM +0000  10 files to consider
2023-07-24 6:01:15 AM +0000  DarockBili Watch App.app/
2023-07-24 6:01:15 AM +0000  DarockBili Watch App.app/_CodeSignature/
2023-07-24 6:01:15 AM +0000  
2023-07-24 6:01:15 AM +0000  sent 378 bytes  received 32 bytes  820.00 bytes/sec
total size is 13.25M  speedup is 33880.12
2023-07-24 6:01:15 AM +0000  /usr/bin/rsync exited with 0
2023-07-24 6:01:15 AM +0000  Running /usr/bin/rsync '-8aPhhE' '/Volumes/External_Data/Library/Developer/Xcode/Archives/2023-07-24/DarockBili Watch App 2023-7-24, 2.00 PM.xcarchive/dSYMs/' '--link-dest' '/Volumes/External_Data/Library/Developer/Xcode/Archives/2023-07-24/DarockBili Watch App 2023-7-24, 2.00 PM.xcarchive/dSYMs/' '/var/folders/kk/9t23hd3d5bs5nvxqskjp11k80000gn/T/XcodeDistPipeline.~~~j6C2rH'
2023-07-24 6:01:15 AM +0000  building file list ... 
2023-07-24 6:01:15 AM +0000   0 files...2023-07-24 6:01:15 AM +0000  21 files to consider
2023-07-24 6:01:15 AM +0000  ./
2023-07-24 6:01:15 AM +0000  DarockBili Watch App.app.dSYM/
DarockBili Watch App.app.dSYM/Contents/
rsync: link "/var/folders/kk/9t23hd3d5bs5nvxqskjp11k80000gn/T/XcodeDistPipeline.~~~j6C2rH/DarockBili Watch App.app.dSYM/Contents/Info.plist" => /Volumes/External_Data/Library/Developer/Xcode/Archives/2023-07-24/DarockBili Watch App 2023-7-24, 2.00 PM.xcarchive/dSYMs/DarockBili Watch App.app.dSYM/Contents/Info.plist failed: Cross-device link (18)
2023-07-24 6:01:15 AM +0000  DarockBili Watch App.app.dSYM/Contents/Info.plist
DarockBili Watch App.app.dSYM/Contents/Resources/
DarockBili Watch App.app.dSYM/Contents/Resources/DWARF/
rsync: link "/var/folders/kk/9t23hd3d5bs5nvxqskjp11k80000gn/T/XcodeDistPipeline.~~~j6C2rH/DarockBili Watch App.app.dSYM/Contents/Resources/DWARF/DarockBili Watch App" => /Volumes/External_Data/Library/Developer/Xcode/Archives/2023-07-24/DarockBili Watch App 2023-7-24, 2.00 PM.xcarchive/dSYMs/DarockBili Watch App.app.dSYM/Contents/Resources/DWARF/DarockBili Watch App failed: Cross-device link (18)
2023-07-24 6:01:15 AM +0000  DarockBili Watch App.app.dSYM/Contents/Resources/DWARF/DarockBili Watch App
DarockBili Watch App.app.dSYM/Contents/Resources/Relocations/
DarockBili Watch App.app.dSYM/Contents/Resources/Relocations/aarch64/
rsync: link "/var/folders/kk/9t23hd3d5bs5nvxqskjp11k80000gn/T/XcodeDistPipeline.~~~j6C2rH/DarockBili Watch App.app.dSYM/Contents/Resources/Relocations/aarch64/DarockBili Watch App.yml" => /Volumes/External_Data/Library/Developer/Xcode/Archives/2023-07-24/DarockBili Watch App 2023-7-24, 2.00 PM.xcarchive/dSYMs/DarockBili Watch App.app.dSYM/Contents/Resources/Relocations/aarch64/DarockBili Watch App.yml failed: Cross-device link (18)
2023-07-24 6:01:15 AM +0000  DarockBili Watch App.app.dSYM/Contents/Resources/Relocations/aarch64/DarockBili Watch App.yml
DarockBili Watch App.app.dSYM/Contents/Resources/Relocations/aarch64_32/
rsync: link "/var/folders/kk/9t23hd3d5bs5nvxqskjp11k80000gn/T/XcodeDistPipeline.~~~j6C2rH/DarockBili Watch App.app.dSYM/Contents/Resources/Relocations/aarch64_32/DarockBili Watch App.yml" => /Volumes/External_Data/Library/Developer/Xcode/Archives/2023-07-24/DarockBili Watch App 2023-7-24, 2.00 PM.xcarchive/dSYMs/DarockBili Watch App.app.dSYM/Contents/Resources/Relocations/aarch64_32/DarockBili Watch App.yml failed: Cross-device link (18)
2023-07-24 6:01:15 AM +0000  DarockBili Watch App.app.dSYM/Contents/Resources/Relocations/aarch64_32/DarockBili Watch App.yml
DarockBili.app.dSYM/
DarockBili.app.dSYM/Contents/
rsync: link "/var/folders/kk/9t23hd3d5bs5nvxqskjp11k80000gn/T/XcodeDistPipeline.~~~j6C2rH/DarockBili.app.dSYM/Contents/Info.plist" => /Volumes/External_Data/Library/Developer/Xcode/Archives/2023-07-24/DarockBili Watch App 2023-7-24, 2.00 PM.xcarchive/dSYMs/DarockBili.app.dSYM/Contents/Info.plist failed: Cross-device link (18)
2023-07-24 6:01:15 AM +0000  DarockBili.app.dSYM/Contents/Info.plist
DarockBili.app.dSYM/Contents/Resources/
2023-07-24 6:01:15 AM +0000  DarockBili.app.dSYM/Contents/Resources/DWARF/
rsync: link "/var/folders/kk/9t23hd3d5bs5nvxqskjp11k80000gn/T/XcodeDistPipeline.~~~j6C2rH/DarockBili.app.dSYM/Contents/Resources/DWARF/DarockBili" => /Volumes/External_Data/Library/Developer/Xcode/Archives/2023-07-24/DarockBili Watch App 2023-7-24, 2.00 PM.xcarchive/dSYMs/DarockBili.app.dSYM/Contents/Resources/DWARF/DarockBili failed: Cross-device link (18)
2023-07-24 6:01:15 AM +0000  DarockBili.app.dSYM/Contents/Resources/DWARF/DarockBili
DarockBili.app.dSYM/Contents/Resources/Relocations/
DarockBili.app.dSYM/Contents/Resources/Relocations/aarch64/
rsync: link "/var/folders/kk/9t23hd3d5bs5nvxqskjp11k80000gn/T/XcodeDistPipeline.~~~j6C2rH/DarockBili.app.dSYM/Contents/Resources/Relocations/aarch64/DarockBili.yml" => /Volumes/External_Data/Library/Developer/Xcode/Archives/2023-07-24/DarockBili Watch App 2023-7-24, 2.00 PM.xcarchive/dSYMs/DarockBili.app.dSYM/Contents/Resources/Relocations/aarch64/DarockBili.yml failed: Cross-device link (18)
2023-07-24 6:01:15 AM +0000  DarockBili.app.dSYM/Contents/Resources/Relocations/aarch64/DarockBili.yml
2023-07-24 6:01:15 AM +0000  
2023-07-24 6:01:15 AM +0000  sent 747 bytes  received 146 bytes  1.74K bytes/sec
total size is 54.72M  speedup is 64257.70
2023-07-24 6:01:15 AM +0000  /usr/bin/rsync exited with 0
2023-07-24 6:01:16 AM +0000  Writing /var/folders/kk/9t23hd3d5bs5nvxqskjp11k80000gn/T/XcodeDistPipeline.~~~j6C2rH/Symbols/87A93A8E-A637-3698-BED6-64C74E0AAFE8.symbols
2023-07-24 6:01:16 AM +0000  Writing /var/folders/kk/9t23hd3d5bs5nvxqskjp11k80000gn/T/XcodeDistPipeline.~~~j6C2rH/Symbols/1795B793-E59D-3BA5-9D4E-211CCA7E60A3.symbols
2023-07-24 6:01:16 AM +0000  Processing symbols for DarockBili.app
2023-07-24 6:01:16 AM +0000  Running /usr/bin/rsync '-8aPhhE' '/var/folders/kk/9t23hd3d5bs5nvxqskjp11k80000gn/T/XcodeDistPipeline.~~~j6C2rH/Root/Payload/DarockBili.app' '--link-dest' '/var/folders/kk/9t23hd3d5bs5nvxqskjp11k80000gn/T/XcodeDistPipeline.~~~j6C2rH/Root/Payload' '/var/folders/kk/9t23hd3d5bs5nvxqskjp11k80000gn/T/XcodeDistPipeline.~~~j6C2rH'
2023-07-24 6:01:16 AM +0000  building file list ... 
2023-07-24 6:01:16 AM +0000   0 files...2023-07-24 6:01:16 AM +0000  21 files to consider
2023-07-24 6:01:16 AM +0000  DarockBili.app/
2023-07-24 6:01:16 AM +0000  DarockBili.app/Watch/
DarockBili.app/Watch/DarockBili Watch App.app/
2023-07-24 6:01:16 AM +0000  DarockBili.app/Watch/DarockBili Watch App.app/_CodeSignature/
DarockBili.app/_CodeSignature/
2023-07-24 6:01:16 AM +0000  
2023-07-24 6:01:16 AM +0000  sent 706 bytes  received 50 bytes  1.48K bytes/sec
total size is 15.07M  speedup is 20901.08
2023-07-24 6:01:16 AM +0000  /usr/bin/rsync exited with 0
2023-07-24 6:01:16 AM +0000  Running /usr/bin/rsync '-8aPhhE' '/Volumes/External_Data/Library/Developer/Xcode/Archives/2023-07-24/DarockBili Watch App 2023-7-24, 2.00 PM.xcarchive/dSYMs/' '--link-dest' '/Volumes/External_Data/Library/Developer/Xcode/Archives/2023-07-24/DarockBili Watch App 2023-7-24, 2.00 PM.xcarchive/dSYMs/' '/var/folders/kk/9t23hd3d5bs5nvxqskjp11k80000gn/T/XcodeDistPipeline.~~~j6C2rH'
2023-07-24 6:01:16 AM +0000  building file list ... 
2023-07-24 6:01:16 AM +0000   0 files...2023-07-24 6:01:16 AM +0000  21 files to consider
2023-07-24 6:01:16 AM +0000  ./
2023-07-24 6:01:16 AM +0000  DarockBili Watch App.app.dSYM/
DarockBili Watch App.app.dSYM/Contents/
DarockBili Watch App.app.dSYM/Contents/Resources/
DarockBili Watch App.app.dSYM/Contents/Resources/DWARF/
DarockBili Watch App.app.dSYM/Contents/Resources/Relocations/
DarockBili Watch App.app.dSYM/Contents/Resources/Relocations/aarch64/
DarockBili Watch App.app.dSYM/Contents/Resources/Relocations/aarch64_32/
DarockBili.app.dSYM/
DarockBili.app.dSYM/Contents/
DarockBili.app.dSYM/Contents/Resources/
DarockBili.app.dSYM/Contents/Resources/DWARF/
DarockBili.app.dSYM/Contents/Resources/Relocations/
DarockBili.app.dSYM/Contents/Resources/Relocations/aarch64/
2023-07-24 6:01:16 AM +0000  
2023-07-24 6:01:16 AM +0000  sent 747 bytes  received 146 bytes  1.74K bytes/sec
total size is 54.72M  speedup is 64257.70
2023-07-24 6:01:16 AM +0000  /usr/bin/rsync exited with 0
2023-07-24 6:01:16 AM +0000  Writing /var/folders/kk/9t23hd3d5bs5nvxqskjp11k80000gn/T/XcodeDistPipeline.~~~j6C2rH/Symbols/258BC797-BA52-3398-BBFA-47D8ADAE9709.symbols
2023-07-24 6:01:16 AM +0000  Processing step: IDEDistributionCopyAppleProvidedContentStep
2023-07-24 6:01:16 AM +0000  Processing step: IDEDistributionAppThinningStep
2023-07-24 6:01:16 AM +0000  Skipping step: IDEDistributionAppThinningStep because it said so
2023-07-24 6:01:16 AM +0000  Processing step: IDEDistributionArchThinningStep
2023-07-24 6:01:16 AM +0000  Running /Volumes/External_Data/Applications/Xcode-beta.app/Contents/Developer/Toolchains/XcodeDefault.xctoolchain/usr/bin/lipo '/var/folders/kk/9t23hd3d5bs5nvxqskjp11k80000gn/T/XcodeDistPipeline.~~~j6C2rH/Root/Payload/DarockBili.app/Watch/DarockBili Watch App.app/DarockBili Watch App' '-verify_arch' 'arm64e'
2023-07-24 6:01:16 AM +0000  /Volumes/External_Data/Applications/Xcode-beta.app/Contents/Developer/Toolchains/XcodeDefault.xctoolchain/usr/bin/lipo exited with 1
2023-07-24 6:01:16 AM +0000  Skipping architecture thinning for item "DarockBili Watch App" because arch "arm64e" wasn't found
2023-07-24 6:01:16 AM +0000  Running /Volumes/External_Data/Applications/Xcode-beta.app/Contents/Developer/Toolchains/XcodeDefault.xctoolchain/usr/bin/lipo '/var/folders/kk/9t23hd3d5bs5nvxqskjp11k80000gn/T/XcodeDistPipeline.~~~j6C2rH/Root/Payload/DarockBili.app/DarockBili' '-verify_arch' 'arm64e'
2023-07-24 6:01:16 AM +0000  /Volumes/External_Data/Applications/Xcode-beta.app/Contents/Developer/Toolchains/XcodeDefault.xctoolchain/usr/bin/lipo exited with 1
2023-07-24 6:01:16 AM +0000  Skipping architecture thinning for item "DarockBili" because arch "arm64e" wasn't found
2023-07-24 6:01:16 AM +0000  Processing step: IDEDistributionODRStep
2023-07-24 6:01:16 AM +0000  Processing step: IDEDistributionStripXattrsStep
2023-07-24 6:01:16 AM +0000  Skipping stripping extended attributes because the codesign step will strip them.
2023-07-24 6:01:16 AM +0000  Skipping stripping extended attributes because the codesign step will strip them.
2023-07-24 6:01:16 AM +0000  Processing step: IDEDistributionCodesignStep
2023-07-24 6:01:16 AM +0000  Entitlements for <IDEDistributionItem: 0x60003e229860; bundleID='com.darock.DarockBili.watchkitapp', path='<DVTFilePath:0x60000e9c2300:'/Volumes/External_Data/Library/Developer/Xcode/Archives/2023-07-24/DarockBili Watch App 2023-7-24, 2.00 PM.xcarchive/Products/Applications/DarockBili.app/Watch/DarockBili Watch App.app'>', codeSigningInfo='<_DVTCodeSigningInformation_Path: 0x60006259ff70; isSigned='1', isAdHocSigned='0', signingCertificate='<DVTSigningCertificate: 0x60000bc49800; name='Apple Development: Yuxuan Chen (8CZ4JT4F3M)', hash='F3CC7C5393F1D4573709565D3C6A3BB5F3B592E0', serialNumber='50F32C2425DE0283D6361457F4C77FA6', certificateKinds='(
    "1.2.840.113635.100.6.1.12",
    "1.2.840.113635.100.6.1.2"
), issueDate='2023-04-26 11:27:46 AM +0000''>', entitlements='{
    "application-identifier" = "B57D8PP775.com.darock.DarockBili.watchkitapp";
    "com.apple.developer.team-identifier" = B57D8PP775;
    "get-task-allow" = 1;
}', teamID='B57D8PP775', identifier='com.darock.DarockBili.watchkitapp', executablePath='<DVTFilePath:0x600012d6fe20:'/Volumes/External_Data/Library/Developer/Xcode/Archives/2023-07-24/DarockBili Watch App 2023-7-24, 2.00 PM.xcarchive/Products/Applications/DarockBili.app/Watch/DarockBili Watch App.app/DarockBili Watch App'>', hardenedRuntime='0'>'>: {
    "application-identifier" = "B57D8PP775.com.darock.DarockBili.watchkitapp";
    "beta-reports-active" = 1;
    "com.apple.developer.team-identifier" = B57D8PP775;
    "get-task-allow" = 0;
}
2023-07-24 6:01:16 AM +0000  Entitlements for <IDEDistributionItem: 0x60003e229860; bundleID='com.darock.DarockBili.watchkitapp', path='<DVTFilePath:0x60000e9c2300:'/Volumes/External_Data/Library/Developer/Xcode/Archives/2023-07-24/DarockBili Watch App 2023-7-24, 2.00 PM.xcarchive/Products/Applications/DarockBili.app/Watch/DarockBili Watch App.app'>', codeSigningInfo='<_DVTCodeSigningInformation_Path: 0x60006259ff70; isSigned='1', isAdHocSigned='0', signingCertificate='<DVTSigningCertificate: 0x6000133e8000; name='Apple Development: Yuxuan Chen (8CZ4JT4F3M)', hash='F3CC7C5393F1D4573709565D3C6A3BB5F3B592E0', serialNumber='50F32C2425DE0283D6361457F4C77FA6', certificateKinds='(
    "1.2.840.113635.100.6.1.12",
    "1.2.840.113635.100.6.1.2"
), issueDate='2023-04-26 11:27:46 AM +0000''>', entitlements='{
    "application-identifier" = "B57D8PP775.com.darock.DarockBili.watchkitapp";
    "com.apple.developer.team-identifier" = B57D8PP775;
    "get-task-allow" = 1;
}', teamID='B57D8PP775', identifier='com.darock.DarockBili.watchkitapp', executablePath='<DVTFilePath:0x600012d6fe20:'/Volumes/External_Data/Library/Developer/Xcode/Archives/2023-07-24/DarockBili Watch App 2023-7-24, 2.00 PM.xcarchive/Products/Applications/DarockBili.app/Watch/DarockBili Watch App.app/DarockBili Watch App'>', hardenedRuntime='0'>'> are: {
    "application-identifier" = "B57D8PP775.com.darock.DarockBili.watchkitapp";
    "beta-reports-active" = 1;
    "com.apple.developer.team-identifier" = B57D8PP775;
    "get-task-allow" = 0;
}
2023-07-24 6:01:16 AM +0000  Writing entitlements for <IDEDistributionItem: 0x60003e229860; bundleID='com.darock.DarockBili.watchkitapp', path='<DVTFilePath:0x60000e9c2300:'/Volumes/External_Data/Library/Developer/Xcode/Archives/2023-07-24/DarockBili Watch App 2023-7-24, 2.00 PM.xcarchive/Products/Applications/DarockBili.app/Watch/DarockBili Watch App.app'>', codeSigningInfo='<_DVTCodeSigningInformation_Path: 0x60006259ff70; isSigned='1', isAdHocSigned='0', signingCertificate='<DVTSigningCertificate: 0x6000133e80c0; name='Apple Development: Yuxuan Chen (8CZ4JT4F3M)', hash='F3CC7C5393F1D4573709565D3C6A3BB5F3B592E0', serialNumber='50F32C2425DE0283D6361457F4C77FA6', certificateKinds='(
    "1.2.840.113635.100.6.1.12",
    "1.2.840.113635.100.6.1.2"
), issueDate='2023-04-26 11:27:46 AM +0000''>', entitlements='{
    "application-identifier" = "B57D8PP775.com.darock.DarockBili.watchkitapp";
    "com.apple.developer.team-identifier" = B57D8PP775;
    "get-task-allow" = 1;
}', teamID='B57D8PP775', identifier='com.darock.DarockBili.watchkitapp', executablePath='<DVTFilePath:0x600012d6fe20:'/Volumes/External_Data/Library/Developer/Xcode/Archives/2023-07-24/DarockBili Watch App 2023-7-24, 2.00 PM.xcarchive/Products/Applications/DarockBili.app/Watch/DarockBili Watch App.app/DarockBili Watch App'>', hardenedRuntime='0'>'> to: /var/folders/kk/9t23hd3d5bs5nvxqskjp11k80000gn/T/XcodeDistPipeline.~~~j6C2rH/entitlements~~~3sFSa9
2023-07-24 6:01:16 AM +0000  Running /usr/bin/codesign '-vvv' '--force' '--sign' 'B349DA973F4C7F074ED5DF70921D36FD9F869CF4' '--entitlements' '/var/folders/kk/9t23hd3d5bs5nvxqskjp11k80000gn/T/XcodeDistPipeline.~~~j6C2rH/entitlements~~~3sFSa9' '--generate-entitlement-der' '--preserve-metadata=identifier,flags,runtime' '/var/folders/kk/9t23hd3d5bs5nvxqskjp11k80000gn/T/XcodeDistPipeline.~~~j6C2rH/Root/Payload/DarockBili.app/Watch/DarockBili Watch App.app'
2023-07-24 6:01:16 AM +0000  /var/folders/kk/9t23hd3d5bs5nvxqskjp11k80000gn/T/XcodeDistPipeline.~~~j6C2rH/Root/Payload/DarockBili.app/Watch/DarockBili Watch App.app: replacing existing signature
2023-07-24 6:01:16 AM +0000  /var/folders/kk/9t23hd3d5bs5nvxqskjp11k80000gn/T/XcodeDistPipeline.~~~j6C2rH/Root/Payload/DarockBili.app/Watch/DarockBili Watch App.app: signed app bundle with Mach-O universal (arm64 arm64_32) [com.darock.DarockBili.watchkitapp]
2023-07-24 6:01:16 AM +0000  /usr/bin/codesign exited with 0
2023-07-24 6:01:16 AM +0000  Entitlements for <IDEDistributionItem: 0x60002633c2a0; bundleID='com.darock.DarockBili', path='<DVTFilePath:0x600012e4ccb0:'/Volumes/External_Data/Library/Developer/Xcode/Archives/2023-07-24/DarockBili Watch App 2023-7-24, 2.00 PM.xcarchive/Products/Applications/DarockBili.app'>', codeSigningInfo='<_DVTCodeSigningInformation_Path: 0x6000626fd450; isSigned='1', isAdHocSigned='0', signingCertificate='<DVTSigningCertificate: 0x6000133e8000; name='Apple Development: Yuxuan Chen (8CZ4JT4F3M)', hash='F3CC7C5393F1D4573709565D3C6A3BB5F3B592E0', serialNumber='50F32C2425DE0283D6361457F4C77FA6', certificateKinds='(
    "1.2.840.113635.100.6.1.12",
    "1.2.840.113635.100.6.1.2"
), issueDate='2023-04-26 11:27:46 AM +0000''>', entitlements='{
    "application-identifier" = "B57D8PP775.com.darock.DarockBili";
    "com.apple.developer.team-identifier" = B57D8PP775;
    "get-task-allow" = 1;
}', teamID='B57D8PP775', identifier='com.darock.DarockBili', executablePath='<DVTFilePath:0x600012ed7640:'/Volumes/External_Data/Library/Developer/Xcode/Archives/2023-07-24/DarockBili Watch App 2023-7-24, 2.00 PM.xcarchive/Products/Applications/DarockBili.app/DarockBili'>', hardenedRuntime='0'>'>: {
    "application-identifier" = "B57D8PP775.com.darock.DarockBili";
    "beta-reports-active" = 1;
    "com.apple.developer.team-identifier" = B57D8PP775;
    "get-task-allow" = 0;
}
2023-07-24 6:01:16 AM +0000  Entitlements for <IDEDistributionItem: 0x60002633c2a0; bundleID='com.darock.DarockBili', path='<DVTFilePath:0x600012e4ccb0:'/Volumes/External_Data/Library/Developer/Xcode/Archives/2023-07-24/DarockBili Watch App 2023-7-24, 2.00 PM.xcarchive/Products/Applications/DarockBili.app'>', codeSigningInfo='<_DVTCodeSigningInformation_Path: 0x6000626fd450; isSigned='1', isAdHocSigned='0', signingCertificate='<DVTSigningCertificate: 0x60000bc49800; name='Apple Development: Yuxuan Chen (8CZ4JT4F3M)', hash='F3CC7C5393F1D4573709565D3C6A3BB5F3B592E0', serialNumber='50F32C2425DE0283D6361457F4C77FA6', certificateKinds='(
    "1.2.840.113635.100.6.1.12",
    "1.2.840.113635.100.6.1.2"
), issueDate='2023-04-26 11:27:46 AM +0000''>', entitlements='{
    "application-identifier" = "B57D8PP775.com.darock.DarockBili";
    "com.apple.developer.team-identifier" = B57D8PP775;
    "get-task-allow" = 1;
}', teamID='B57D8PP775', identifier='com.darock.DarockBili', executablePath='<DVTFilePath:0x600012ed7640:'/Volumes/External_Data/Library/Developer/Xcode/Archives/2023-07-24/DarockBili Watch App 2023-7-24, 2.00 PM.xcarchive/Products/Applications/DarockBili.app/DarockBili'>', hardenedRuntime='0'>'> are: {
    "application-identifier" = "B57D8PP775.com.darock.DarockBili";
    "beta-reports-active" = 1;
    "com.apple.developer.team-identifier" = B57D8PP775;
    "get-task-allow" = 0;
}
2023-07-24 6:01:16 AM +0000  Writing entitlements for <IDEDistributionItem: 0x60002633c2a0; bundleID='com.darock.DarockBili', path='<DVTFilePath:0x600012e4ccb0:'/Volumes/External_Data/Library/Developer/Xcode/Archives/2023-07-24/DarockBili Watch App 2023-7-24, 2.00 PM.xcarchive/Products/Applications/DarockBili.app'>', codeSigningInfo='<_DVTCodeSigningInformation_Path: 0x6000626fd450; isSigned='1', isAdHocSigned='0', signingCertificate='<DVTSigningCertificate: 0x60000bc4af40; name='Apple Development: Yuxuan Chen (8CZ4JT4F3M)', hash='F3CC7C5393F1D4573709565D3C6A3BB5F3B592E0', serialNumber='50F32C2425DE0283D6361457F4C77FA6', certificateKinds='(
    "1.2.840.113635.100.6.1.12",
    "1.2.840.113635.100.6.1.2"
), issueDate='2023-04-26 11:27:46 AM +0000''>', entitlements='{
    "application-identifier" = "B57D8PP775.com.darock.DarockBili";
    "com.apple.developer.team-identifier" = B57D8PP775;
    "get-task-allow" = 1;
}', teamID='B57D8PP775', identifier='com.darock.DarockBili', executablePath='<DVTFilePath:0x600012ed7640:'/Volumes/External_Data/Library/Developer/Xcode/Archives/2023-07-24/DarockBili Watch App 2023-7-24, 2.00 PM.xcarchive/Products/Applications/DarockBili.app/DarockBili'>', hardenedRuntime='0'>'> to: /var/folders/kk/9t23hd3d5bs5nvxqskjp11k80000gn/T/XcodeDistPipeline.~~~j6C2rH/entitlements~~~h92xEs
2023-07-24 6:01:16 AM +0000  Running /usr/bin/codesign '-vvv' '--force' '--sign' 'B349DA973F4C7F074ED5DF70921D36FD9F869CF4' '--entitlements' '/var/folders/kk/9t23hd3d5bs5nvxqskjp11k80000gn/T/XcodeDistPipeline.~~~j6C2rH/entitlements~~~h92xEs' '--generate-entitlement-der' '--preserve-metadata=identifier,flags,runtime' '/var/folders/kk/9t23hd3d5bs5nvxqskjp11k80000gn/T/XcodeDistPipeline.~~~j6C2rH/Root/Payload/DarockBili.app'
2023-07-24 6:01:16 AM +0000  /var/folders/kk/9t23hd3d5bs5nvxqskjp11k80000gn/T/XcodeDistPipeline.~~~j6C2rH/Root/Payload/DarockBili.app: replacing existing signature
2023-07-24 6:01:16 AM +0000  /var/folders/kk/9t23hd3d5bs5nvxqskjp11k80000gn/T/XcodeDistPipeline.~~~j6C2rH/Root/Payload/DarockBili.app: signed app bundle with Mach-O thin (arm64) [com.darock.DarockBili]
2023-07-24 6:01:16 AM +0000  /usr/bin/codesign exited with 0
2023-07-24 6:01:16 AM +0000  Processing step: IDEDistributionZipODRItemStep
2023-07-24 6:01:16 AM +0000  Skipping step: IDEDistributionZipODRItemStep because it said so
2023-07-24 6:01:16 AM +0000  Skipping step: IDEDistributionZipODRItemStep because it said so
2023-07-24 6:01:16 AM +0000  Processing step: IDEDistributionCreateIPAStep
2023-07-24 6:01:16 AM +0000  Running /usr/bin/rsync '-8aPhhE' '/var/folders/kk/9t23hd3d5bs5nvxqskjp11k80000gn/T/XcodeDistPipeline.~~~j6C2rH/Symbols' '--link-dest' '/var/folders/kk/9t23hd3d5bs5nvxqskjp11k80000gn/T/XcodeDistPipeline.~~~j6C2rH' '/var/folders/kk/9t23hd3d5bs5nvxqskjp11k80000gn/T/XcodeDistPipeline.~~~j6C2rH/Root'
2023-07-24 6:01:16 AM +0000  building file list ... 
2023-07-24 6:01:16 AM +0000   0 files...2023-07-24 6:01:16 AM +0000  4 files to consider
2023-07-24 6:01:16 AM +0000  Symbols/
2023-07-24 6:01:16 AM +0000  
2023-07-24 6:01:16 AM +0000  sent 252 bytes  received 26 bytes  556.00 bytes/sec
total size is 19.74M  speedup is 74452.39
2023-07-24 6:01:16 AM +0000  /usr/bin/rsync exited with 0
2023-07-24 6:01:16 AM +0000  Running /usr/bin/ditto '-V' '-c' '-k' '--norsrc' '/var/folders/kk/9t23hd3d5bs5nvxqskjp11k80000gn/T/XcodeDistPipeline.~~~j6C2rH/Root' '/var/folders/kk/9t23hd3d5bs5nvxqskjp11k80000gn/T/XcodeDistPipeline.~~~j6C2rH/Packages/DarockBili.ipa'
2023-07-24 6:01:16 AM +0000  >>> Copying /var/folders/kk/9t23hd3d5bs5nvxqskjp11k80000gn/T/XcodeDistPipeline.~~~j6C2rH/Root 
2023-07-24 6:01:16 AM +0000  copying file ./Payload/DarockBili.app/_CodeSignature/CodeResources ... 
2023-07-24 6:01:16 AM +0000  5049 bytes for ./Payload/DarockBili.app/_CodeSignature/CodeResources
2023-07-24 6:01:16 AM +0000  copying file ./Payload/DarockBili.app/DarockBili ... 
2023-07-24 6:01:16 AM +0000  1618192 bytes for ./Payload/DarockBili.app/DarockBili
2023-07-24 6:01:16 AM +0000  copying file ./Payload/DarockBili.app/AppIcon60x60@2x.png ... 
2023-07-24 6:01:16 AM +0000  7421 bytes for ./Payload/DarockBili.app/AppIcon60x60@2x.png
2023-07-24 6:01:16 AM +0000  copying file ./Payload/DarockBili.app/Assets.car ... 
2023-07-24 6:01:16 AM +0000  254712 bytes for ./Payload/DarockBili.app/Assets.car
2023-07-24 6:01:16 AM +0000  copying file ./Payload/DarockBili.app/AppIcon76x76@2x~ipad.png ... 
2023-07-24 6:01:16 AM +0000  9232 bytes for ./Payload/DarockBili.app/AppIcon76x76@2x~ipad.png
2023-07-24 6:01:16 AM +0000  copying file ./Payload/DarockBili.app/Watch/DarockBili Watch App.app/_CodeSignature/CodeResources ... 
2023-07-24 6:01:16 AM +0000  3069 bytes for ./Payload/DarockBili.app/Watch/DarockBili Watch App.app/_CodeSignature/CodeResources
2023-07-24 6:01:16 AM +0000  copying file ./Payload/DarockBili.app/Watch/DarockBili Watch App.app/DarockBili-Watch-App-Info.plist ... 
2023-07-24 6:01:16 AM +0000  172 bytes for ./Payload/DarockBili.app/Watch/DarockBili Watch App.app/DarockBili-Watch-App-Info.plist
2023-07-24 6:01:16 AM +0000  copying file ./Payload/DarockBili.app/Watch/DarockBili Watch App.app/Assets.car ... 
2023-07-24 6:01:16 AM +0000  1231183 bytes for ./Payload/DarockBili.app/Watch/DarockBili Watch App.app/Assets.car
2023-07-24 6:01:16 AM +0000  copying file ./Payload/DarockBili.app/Watch/DarockBili Watch App.app/biliEmoji.plist ... 
2023-07-24 6:01:16 AM +0000  4210577 bytes for ./Payload/DarockBili.app/Watch/DarockBili Watch App.app/biliEmoji.plist
2023-07-24 6:01:16 AM +0000  copying file ./Payload/DarockBili.app/Watch/DarockBili Watch App.app/embedded.mobileprovision ... 
2023-07-24 6:01:16 AM +0000  14351 bytes for ./Payload/DarockBili.app/Watch/DarockBili Watch App.app/embedded.mobileprovision
2023-07-24 6:01:16 AM +0000  copying file ./Payload/DarockBili.app/Watch/DarockBili Watch App.app/Info.plist ... 
2023-07-24 6:01:16 AM +0000  1314 bytes for ./Payload/DarockBili.app/Watch/DarockBili Watch App.app/Info.plist
copying file ./Payload/DarockBili.app/Watch/DarockBili Watch App.app/DarockBili Watch App ... 
2023-07-24 6:01:17 AM +0000  8430240 bytes for ./Payload/DarockBili.app/Watch/DarockBili Watch App.app/DarockBili Watch App
2023-07-24 6:01:17 AM +0000  copying file ./Payload/DarockBili.app/Watch/DarockBili Watch App.app/PkgInfo ... 
8 bytes for ./Payload/DarockBili.app/Watch/DarockBili Watch App.app/PkgInfo
copying file ./Payload/DarockBili.app/embedded.mobileprovision ... 
2023-07-24 6:01:17 AM +0000  14288 bytes for ./Payload/DarockBili.app/embedded.mobileprovision
2023-07-24 6:01:17 AM +0000  copying file ./Payload/DarockBili.app/Info.plist ... 
2023-07-24 6:01:17 AM +0000  1543 bytes for ./Payload/DarockBili.app/Info.plist
2023-07-24 6:01:17 AM +0000  copying file ./Payload/DarockBili.app/PkgInfo ... 
2023-07-24 6:01:17 AM +0000  8 bytes for ./Payload/DarockBili.app/PkgInfo
2023-07-24 6:01:17 AM +0000  copying file ./Symbols/1795B793-E59D-3BA5-9D4E-211CCA7E60A3.symbols ... 
2023-07-24 6:01:17 AM +0000  8932780 bytes for ./Symbols/1795B793-E59D-3BA5-9D4E-211CCA7E60A3.symbols
2023-07-24 6:01:17 AM +0000  copying file ./Symbols/87A93A8E-A637-3698-BED6-64C74E0AAFE8.symbols ... 
2023-07-24 6:01:17 AM +0000  9146876 bytes for ./Symbols/87A93A8E-A637-3698-BED6-64C74E0AAFE8.symbols
2023-07-24 6:01:17 AM +0000  copying file ./Symbols/258BC797-BA52-3398-BBFA-47D8ADAE9709.symbols ... 
2023-07-24 6:01:17 AM +0000  2618108 bytes for ./Symbols/258BC797-BA52-3398-BBFA-47D8ADAE9709.symbols
2023-07-24 6:01:17 AM +0000  /usr/bin/ditto exited with 0
2023-07-24 6:01:17 AM +0000  Processing step: IDEDistributionAppStoreInformationStep
2023-07-24 6:01:17 AM +0000  Skipping step: IDEDistributionAppStoreInformationStep because it said so
2023-07-24 6:01:17 AM +0000  Processing step: IDEDistributionGenerateProcessedDistributionItems
2023-07-24 6:01:17 AM +0000  IDEDistributionItem init <DVTFilePath:0x60000e887900:'/var/folders/kk/9t23hd3d5bs5nvxqskjp11k80000gn/T/XcodeDistPipeline.~~~j6C2rH/Root/Payload/DarockBili.app/Watch/DarockBili Watch App.app'>
2023-07-24 6:01:17 AM +0000  IDEDistributionItem init <DVTFilePath:0x600012ea2450:'/var/folders/kk/9t23hd3d5bs5nvxqskjp11k80000gn/T/XcodeDistPipeline.~~~j6C2rH/Root/Payload/DarockBili.app'>
2023-07-24 6:01:17 AM +0000  Processing step: IDEDistributionCreateManifestStep
2023-07-24 6:01:17 AM +0000  Skipping step: IDEDistributionCreateManifestStep because it said so
